[ 2016-05-18T09:54:03+08:00 ] 127.0.0.1 /food/index.php/Admin/
NOTIC: [2] include(D:\WWW\food\ThinkPHP/Lang/zh_cn.php): failed to open stream: No such file or directory D:\WWW\food\ThinkPHP\Library\Think\Think.class.php 第 86 行.
NOTIC: [2] include(D:\WWW\food\ThinkPHP/Lang/zh_cn.php): failed to open stream: No such file or directory D:\WWW\food\ThinkPHP\Library\Think\Think.class.php 第 86 行.
NOTIC: [2] include(): Failed opening 'D:\WWW\food\ThinkPHP/Lang/zh_cn.php' for inclusion (include_path='.;C:\php\pear') D:\WWW\food\ThinkPHP\Library\Think\Think.class.php 第 86 行.
INFO: [ app_init ] --START--
INFO: Run Behavior\BuildLiteBehavior [ RunTime:0.000018s ]
INFO: [ app_init ] --END-- [ RunTime:0.000088s ]
INFO: [ app_begin ] --START--
INFO: Run Behavior\ReadHtmlCacheBehavior [ RunTime:0.000708s ]
INFO: Run Behavior\CheckLangBehavior [ RunTime:0.000703s ]
INFO: [ app_begin ] --END-- [ RunTime:0.001522s ]
SQL: SHOW COLUMNS FROM `food_user` [ RunTime:0.0283s ]
SQL: SELECT * FROM `food_user` WHERE `userid` = 1 LIMIT 1   [ RunTime:0.0008s ]
SQL: SHOW COLUMNS FROM `food_rest` [ RunTime:0.0250s ]
SQL: SELECT * FROM `food_rest`  [ RunTime:0.0013s ]
INFO: [ view_parse ] --START--
INFO: [ template_filter ] --START--
INFO: Run Behavior\ContentReplaceBehavior [ RunTime:0.000317s ]
INFO: [ template_filter ] --END-- [ RunTime:0.000482s ]
INFO: Run Behavior\ParseTemplateBehavior [ RunTime:0.105102s ]
INFO: [ view_parse ] --END-- [ RunTime:0.105299s ]
INFO: [ view_filter ] --START--
INFO: Run Behavior\WriteHtmlCacheBehavior [ RunTime:0.001092s ]
INFO: [ view_filter ] --END-- [ RunTime:0.001254s ]
INFO: [ app_end ] --START--
INFO: Run Behavior\ShowPageTraceBehavior [ RunTime:0.001735s ]
INFO: [ app_end ] --END-- [ RunTime:0.001881s ]

[ 2016-05-18T13:53:53+08:00 ] 127.0.0.1 /food/index.php/Admin/
NOTIC: [2] include(D:\WWW\food\ThinkPHP/Lang/zh_cn.php): failed to open stream: No such file or directory D:\WWW\food\ThinkPHP\Library\Think\Think.class.php 第 86 行.
NOTIC: [2] include(D:\WWW\food\ThinkPHP/Lang/zh_cn.php): failed to open stream: No such file or directory D:\WWW\food\ThinkPHP\Library\Think\Think.class.php 第 86 行.
NOTIC: [2] include(): Failed opening 'D:\WWW\food\ThinkPHP/Lang/zh_cn.php' for inclusion (include_path='.;C:\php\pear') D:\WWW\food\ThinkPHP\Library\Think\Think.class.php 第 86 行.
INFO: [ app_init ] --START--
INFO: Run Behavior\BuildLiteBehavior [ RunTime:0.000019s ]
INFO: [ app_init ] --END-- [ RunTime:0.000094s ]
INFO: [ app_begin ] --START--
INFO: Run Behavior\ReadHtmlCacheBehavior [ RunTime:0.000890s ]
INFO: Run Behavior\CheckLangBehavior [ RunTime:0.001265s ]
INFO: [ app_begin ] --END-- [ RunTime:0.002314s ]
SQL: SHOW COLUMNS FROM `food_user` [ RunTime:0.0386s ]
SQL: SELECT * FROM `food_user` WHERE `userid` = 1 LIMIT 1   [ RunTime:0.0015s ]
SQL: SHOW COLUMNS FROM `food_rest` [ RunTime:0.0214s ]
SQL: SELECT * FROM `food_rest`  [ RunTime:0.0014s ]
INFO: [ view_parse ] --START--
INFO: [ template_filter ] --START--
INFO: Run Behavior\ContentReplaceBehavior [ RunTime:0.001182s ]
INFO: [ template_filter ] --END-- [ RunTime:0.001273s ]
INFO: Run Behavior\ParseTemplateBehavior [ RunTime:0.123987s ]
INFO: [ view_parse ] --END-- [ RunTime:0.124075s ]
INFO: [ view_filter ] --START--
INFO: Run Behavior\WriteHtmlCacheBehavior [ RunTime:0.019754s ]
INFO: [ view_filter ] --END-- [ RunTime:0.019830s ]
INFO: [ app_end ] --START--
INFO: Run Behavior\ShowPageTraceBehavior [ RunTime:0.001254s ]
INFO: [ app_end ] --END-- [ RunTime:0.001361s ]

