[ 2016-05-09T23:45:48+08:00 ] 127.0.0.1 /food/index.php/Admin/
NOTIC: [2] include(D:\WWW\food\ThinkPHP/Lang/zh_cn.php): failed to open stream: No such file or directory D:\WWW\food\ThinkPHP\Library\Think\Think.class.php 第 86 行.
NOTIC: [2] include(D:\WWW\food\ThinkPHP/Lang/zh_cn.php): failed to open stream: No such file or directory D:\WWW\food\ThinkPHP\Library\Think\Think.class.php 第 86 行.
NOTIC: [2] include(): Failed opening 'D:\WWW\food\ThinkPHP/Lang/zh_cn.php' for inclusion (include_path='.;C:\php\pear') D:\WWW\food\ThinkPHP\Library\Think\Think.class.php 第 86 行.
INFO: [ app_init ] --START--
INFO: Run Behavior\BuildLiteBehavior [ RunTime:0.000019s ]
INFO: [ app_init ] --END-- [ RunTime:0.000092s ]
INFO: [ app_begin ] --START--
INFO: Run Behavior\ReadHtmlCacheBehavior [ RunTime:0.001686s ]
INFO: Run Behavior\CheckLangBehavior [ RunTime:0.000826s ]
INFO: [ app_begin ] --END-- [ RunTime:0.002738s ]
SQL: SHOW COLUMNS FROM `food_user` [ RunTime:0.0257s ]
SQL: SELECT * FROM `food_user` WHERE `userid` = 1 LIMIT 1   [ RunTime:0.0016s ]
SQL: SHOW COLUMNS FROM `food_rest` [ RunTime:0.0192s ]
SQL: SELECT * FROM `food_rest`  [ RunTime:0.0013s ]
INFO: [ view_parse ] --START--
INFO: [ template_filter ] --START--
INFO: Run Behavior\ContentReplaceBehavior [ RunTime:0.000486s ]
INFO: [ template_filter ] --END-- [ RunTime:0.000772s ]
INFO: Run Behavior\ParseTemplateBehavior [ RunTime:0.123478s ]
INFO: [ view_parse ] --END-- [ RunTime:0.123789s ]
INFO: [ view_filter ] --START--
INFO: Run Behavior\WriteHtmlCacheBehavior [ RunTime:0.001133s ]
INFO: [ view_filter ] --END-- [ RunTime:0.001318s ]
INFO: [ app_end ] --START--
INFO: Run Behavior\ShowPageTraceBehavior [ RunTime:0.002054s ]
INFO: [ app_end ] --END-- [ RunTime:0.002205s ]

[ 2016-05-09T23:45:54+08:00 ] 127.0.0.1 /food/index.php/Admin/caipu.html
NOTIC: [2] include(D:\WWW\food\ThinkPHP/Lang/zh_cn.php): failed to open stream: No such file or directory D:\WWW\food\ThinkPHP\Library\Think\Think.class.php 第 86 行.
NOTIC: [2] include(D:\WWW\food\ThinkPHP/Lang/zh_cn.php): failed to open stream: No such file or directory D:\WWW\food\ThinkPHP\Library\Think\Think.class.php 第 86 行.
NOTIC: [2] include(): Failed opening 'D:\WWW\food\ThinkPHP/Lang/zh_cn.php' for inclusion (include_path='.;C:\php\pear') D:\WWW\food\ThinkPHP\Library\Think\Think.class.php 第 86 行.
INFO: [ app_init ] --START--
INFO: Run Behavior\BuildLiteBehavior [ RunTime:0.000019s ]
INFO: [ app_init ] --END-- [ RunTime:0.000091s ]
INFO: [ app_begin ] --START--
INFO: Run Behavior\ReadHtmlCacheBehavior [ RunTime:0.000700s ]
INFO: Run Behavior\CheckLangBehavior [ RunTime:0.000708s ]
INFO: [ app_begin ] --END-- [ RunTime:0.001517s ]
SQL: SHOW COLUMNS FROM `food_user` [ RunTime:0.0166s ]
SQL: SELECT * FROM `food_user` WHERE `userid` = 1 LIMIT 1   [ RunTime:0.0016s ]
SQL: SHOW COLUMNS FROM `food_cat` [ RunTime:0.0186s ]
SQL: SELECT * FROM `food_cat` WHERE ( pid=0 )  [ RunTime:0.0015s ]
INFO: [ view_parse ] --START--
INFO: [ template_filter ] --START--
INFO: Run Behavior\ContentReplaceBehavior [ RunTime:0.000455s ]
INFO: [ template_filter ] --END-- [ RunTime:0.000665s ]
INFO: Run Behavior\ParseTemplateBehavior [ RunTime:0.105395s ]
INFO: [ view_parse ] --END-- [ RunTime:0.105603s ]
INFO: [ view_filter ] --START--
INFO: Run Behavior\WriteHtmlCacheBehavior [ RunTime:0.000758s ]
INFO: [ view_filter ] --END-- [ RunTime:0.000877s ]
INFO: [ app_end ] --START--
INFO: Run Behavior\ShowPageTraceBehavior [ RunTime:0.001588s ]
INFO: [ app_end ] --END-- [ RunTime:0.001724s ]

[ 2016-05-09T23:45:59+08:00 ] 127.0.0.1 /food/index.php/Admin/Caipu/Caipulb
NOTIC: [2] include(D:\WWW\food\ThinkPHP/Lang/zh_cn.php): failed to open stream: No such file or directory D:\WWW\food\ThinkPHP\Library\Think\Think.class.php 第 86 行.
NOTIC: [2] include(D:\WWW\food\ThinkPHP/Lang/zh_cn.php): failed to open stream: No such file or directory D:\WWW\food\ThinkPHP\Library\Think\Think.class.php 第 86 行.
NOTIC: [2] include(): Failed opening 'D:\WWW\food\ThinkPHP/Lang/zh_cn.php' for inclusion (include_path='.;C:\php\pear') D:\WWW\food\ThinkPHP\Library\Think\Think.class.php 第 86 行.
INFO: [ app_init ] --START--
INFO: Run Behavior\BuildLiteBehavior [ RunTime:0.000022s ]
INFO: [ app_init ] --END-- [ RunTime:0.000106s ]
INFO: [ app_begin ] --START--
INFO: Run Behavior\ReadHtmlCacheBehavior [ RunTime:0.002854s ]
INFO: Run Behavior\CheckLangBehavior [ RunTime:0.001941s ]
INFO: [ app_begin ] --END-- [ RunTime:0.005228s ]
SQL: SHOW COLUMNS FROM `food_user` [ RunTime:0.0165s ]
SQL: SELECT * FROM `food_user` WHERE `userid` = 1 LIMIT 1   [ RunTime:0.0015s ]
SQL: SHOW COLUMNS FROM `food_caipu` [ RunTime:0.0196s ]
SQL: SHOW COLUMNS FROM `food_cat` [ RunTime:0.0165s ]
SQL: SELECT caipu.id,caipu.Cname,cat.name,caipu.sold,caipu.monthsold,caipu.Cstatus FROM `food_caipu` as caipu left join food_cat as cat on cat.id = caipu.catid  WHERE ( 1 )  [ RunTime:0.0056s ]
INFO: [ view_parse ] --START--
INFO: [ template_filter ] --START--
INFO: Run Behavior\ContentReplaceBehavior [ RunTime:0.000240s ]
INFO: [ template_filter ] --END-- [ RunTime:0.000426s ]
NOTIC: [8] Undefined variable: pages D:\WWW\food\Application\Runtime\Cache\Admin\c708553c6e3391f60a5256c9ad81acf6.php 第 40 行.
NOTIC: [8] Undefined variable: count D:\WWW\food\Application\Runtime\Cache\Admin\c708553c6e3391f60a5256c9ad81acf6.php 第 42 行.
INFO: Run Behavior\ParseTemplateBehavior [ RunTime:0.039112s ]
INFO: [ view_parse ] --END-- [ RunTime:0.039288s ]
INFO: [ view_filter ] --START--
INFO: Run Behavior\WriteHtmlCacheBehavior [ RunTime:0.000868s ]
INFO: [ view_filter ] --END-- [ RunTime:0.000974s ]
INFO: [ app_end ] --START--
INFO: Run Behavior\ShowPageTraceBehavior [ RunTime:0.002939s ]
INFO: [ app_end ] --END-- [ RunTime:0.003121s ]

[ 2016-05-09T23:50:27+08:00 ] 127.0.0.1 /food/index.php/Admin/
NOTIC: [2] include(D:\WWW\food\ThinkPHP/Lang/zh_cn.php): failed to open stream: No such file or directory D:\WWW\food\ThinkPHP\Library\Think\Think.class.php 第 86 行.
NOTIC: [2] include(D:\WWW\food\ThinkPHP/Lang/zh_cn.php): failed to open stream: No such file or directory D:\WWW\food\ThinkPHP\Library\Think\Think.class.php 第 86 行.
NOTIC: [2] include(): Failed opening 'D:\WWW\food\ThinkPHP/Lang/zh_cn.php' for inclusion (include_path='.;C:\php\pear') D:\WWW\food\ThinkPHP\Library\Think\Think.class.php 第 86 行.
INFO: [ app_init ] --START--
INFO: Run Behavior\BuildLiteBehavior [ RunTime:0.000021s ]
INFO: [ app_init ] --END-- [ RunTime:0.000102s ]
INFO: [ app_begin ] --START--
INFO: Run Behavior\ReadHtmlCacheBehavior [ RunTime:0.000810s ]
INFO: Run Behavior\CheckLangBehavior [ RunTime:0.001248s ]
INFO: [ app_begin ] --END-- [ RunTime:0.002220s ]
SQL: SHOW COLUMNS FROM `food_user` [ RunTime:0.0160s ]
SQL: SELECT * FROM `food_user` WHERE `userid` = 1 LIMIT 1   [ RunTime:0.0012s ]
SQL: SHOW COLUMNS FROM `food_rest` [ RunTime:0.0160s ]
SQL: SELECT * FROM `food_rest`  [ RunTime:0.0010s ]
INFO: [ view_parse ] --START--
INFO: [ template_filter ] --START--
INFO: Run Behavior\ContentReplaceBehavior [ RunTime:0.000269s ]
INFO: [ template_filter ] --END-- [ RunTime:0.000428s ]
INFO: Run Behavior\ParseTemplateBehavior [ RunTime:0.038989s ]
INFO: [ view_parse ] --END-- [ RunTime:0.039168s ]
INFO: [ view_filter ] --START--
INFO: Run Behavior\WriteHtmlCacheBehavior [ RunTime:0.000768s ]
INFO: [ view_filter ] --END-- [ RunTime:0.000889s ]
INFO: [ app_end ] --START--
INFO: Run Behavior\ShowPageTraceBehavior [ RunTime:0.002026s ]
INFO: [ app_end ] --END-- [ RunTime:0.002220s ]

[ 2016-05-09T23:50:30+08:00 ] 127.0.0.1 /food/index.php/Admin/caipu.html
NOTIC: [2] include(D:\WWW\food\ThinkPHP/Lang/zh_cn.php): failed to open stream: No such file or directory D:\WWW\food\ThinkPHP\Library\Think\Think.class.php 第 86 行.
NOTIC: [2] include(D:\WWW\food\ThinkPHP/Lang/zh_cn.php): failed to open stream: No such file or directory D:\WWW\food\ThinkPHP\Library\Think\Think.class.php 第 86 行.
NOTIC: [2] include(): Failed opening 'D:\WWW\food\ThinkPHP/Lang/zh_cn.php' for inclusion (include_path='.;C:\php\pear') D:\WWW\food\ThinkPHP\Library\Think\Think.class.php 第 86 行.
INFO: [ app_init ] --START--
INFO: Run Behavior\BuildLiteBehavior [ RunTime:0.000019s ]
INFO: [ app_init ] --END-- [ RunTime:0.000090s ]
INFO: [ app_begin ] --START--
INFO: Run Behavior\ReadHtmlCacheBehavior [ RunTime:0.000676s ]
INFO: Run Behavior\CheckLangBehavior [ RunTime:0.000723s ]
INFO: [ app_begin ] --END-- [ RunTime:0.001508s ]
SQL: SHOW COLUMNS FROM `food_user` [ RunTime:0.0177s ]
SQL: SELECT * FROM `food_user` WHERE `userid` = 1 LIMIT 1   [ RunTime:0.0014s ]
SQL: SHOW COLUMNS FROM `food_cat` [ RunTime:0.0181s ]
SQL: SELECT * FROM `food_cat` WHERE ( pid=0 )  [ RunTime:0.0012s ]
INFO: [ view_parse ] --START--
INFO: [ template_filter ] --START--
INFO: Run Behavior\ContentReplaceBehavior [ RunTime:0.000548s ]
INFO: [ template_filter ] --END-- [ RunTime:0.000796s ]
INFO: Run Behavior\ParseTemplateBehavior [ RunTime:0.040598s ]
INFO: [ view_parse ] --END-- [ RunTime:0.040804s ]
INFO: [ view_filter ] --START--
INFO: Run Behavior\WriteHtmlCacheBehavior [ RunTime:0.000816s ]
INFO: [ view_filter ] --END-- [ RunTime:0.000975s ]
INFO: [ app_end ] --START--
INFO: Run Behavior\ShowPageTraceBehavior [ RunTime:0.002405s ]
INFO: [ app_end ] --END-- [ RunTime:0.002782s ]

[ 2016-05-09T23:50:33+08:00 ] 127.0.0.1 /food/index.php/Admin/Caipu/Zifenlei
NOTIC: [2] include(D:\WWW\food\ThinkPHP/Lang/zh_cn.php): failed to open stream: No such file or directory D:\WWW\food\ThinkPHP\Library\Think\Think.class.php 第 86 行.
NOTIC: [2] include(D:\WWW\food\ThinkPHP/Lang/zh_cn.php): failed to open stream: No such file or directory D:\WWW\food\ThinkPHP\Library\Think\Think.class.php 第 86 行.
NOTIC: [2] include(): Failed opening 'D:\WWW\food\ThinkPHP/Lang/zh_cn.php' for inclusion (include_path='.;C:\php\pear') D:\WWW\food\ThinkPHP\Library\Think\Think.class.php 第 86 行.
INFO: [ app_init ] --START--
INFO: Run Behavior\BuildLiteBehavior [ RunTime:0.000034s ]
INFO: [ app_init ] --END-- [ RunTime:0.000161s ]
INFO: [ app_begin ] --START--
INFO: Run Behavior\ReadHtmlCacheBehavior [ RunTime:0.001999s ]
INFO: Run Behavior\CheckLangBehavior [ RunTime:0.001124s ]
INFO: [ app_begin ] --END-- [ RunTime:0.003443s ]
SQL: SHOW COLUMNS FROM `food_user` [ RunTime:0.0194s ]
SQL: SELECT * FROM `food_user` WHERE `userid` = 1 LIMIT 1   [ RunTime:0.0014s ]
SQL: SHOW COLUMNS FROM `food_cat` [ RunTime:0.0173s ]
SQL: SELECT * FROM `food_cat` WHERE ( pid!=0 AND ppid=0 )  [ RunTime:0.0015s ]
SQL: SELECT * FROM `food_cat` WHERE ( 1=1 AND id='1' ) LIMIT 1   [ RunTime:0.0034s ]
SQL: SELECT * FROM `food_cat` WHERE ( 1=1 AND id='1' ) LIMIT 1   [ RunTime:0.0012s ]
SQL: SELECT * FROM `food_cat` WHERE ( 1=1 AND id='1' ) LIMIT 1   [ RunTime:0.0010s ]
SQL: SELECT * FROM `food_cat` WHERE ( 1=1 AND id='1' ) LIMIT 1   [ RunTime:0.0009s ]
SQL: SELECT * FROM `food_cat` WHERE ( 1=1 AND id='2' ) LIMIT 1   [ RunTime:0.0011s ]
SQL: SELECT * FROM `food_cat` WHERE ( 1=1 AND id='2' ) LIMIT 1   [ RunTime:0.0013s ]
SQL: SELECT * FROM `food_cat` WHERE ( 1=1 AND id='2' ) LIMIT 1   [ RunTime:0.0013s ]
SQL: SELECT * FROM `food_cat` WHERE ( 1=1 AND id='4' ) LIMIT 1   [ RunTime:0.0012s ]
SQL: SELECT * FROM `food_cat` WHERE ( 1=1 AND id='3' ) LIMIT 1   [ RunTime:0.0011s ]
INFO: [ view_parse ] --START--
INFO: [ template_filter ] --START--
INFO: Run Behavior\ContentReplaceBehavior [ RunTime:0.000224s ]
INFO: [ template_filter ] --END-- [ RunTime:0.000384s ]
INFO: Run Behavior\ParseTemplateBehavior [ RunTime:0.051970s ]
INFO: [ view_parse ] --END-- [ RunTime:0.052153s ]
INFO: [ view_filter ] --START--
INFO: Run Behavior\WriteHtmlCacheBehavior [ RunTime:0.000779s ]
INFO: [ view_filter ] --END-- [ RunTime:0.000893s ]
INFO: [ app_end ] --START--
INFO: Run Behavior\ShowPageTraceBehavior [ RunTime:0.001571s ]
INFO: [ app_end ] --END-- [ RunTime:0.001700s ]

[ 2016-05-09T23:50:37+08:00 ] 127.0.0.1 /food/index.php/Admin/Caipu/Caipulb
NOTIC: [2] include(D:\WWW\food\ThinkPHP/Lang/zh_cn.php): failed to open stream: No such file or directory D:\WWW\food\ThinkPHP\Library\Think\Think.class.php 第 86 行.
NOTIC: [2] include(D:\WWW\food\ThinkPHP/Lang/zh_cn.php): failed to open stream: No such file or directory D:\WWW\food\ThinkPHP\Library\Think\Think.class.php 第 86 行.
NOTIC: [2] include(): Failed opening 'D:\WWW\food\ThinkPHP/Lang/zh_cn.php' for inclusion (include_path='.;C:\php\pear') D:\WWW\food\ThinkPHP\Library\Think\Think.class.php 第 86 行.
INFO: [ app_init ] --START--
INFO: Run Behavior\BuildLiteBehavior [ RunTime:0.000021s ]
INFO: [ app_init ] --END-- [ RunTime:0.000095s ]
INFO: [ app_begin ] --START--
INFO: Run Behavior\ReadHtmlCacheBehavior [ RunTime:0.000723s ]
INFO: Run Behavior\CheckLangBehavior [ RunTime:0.000696s ]
INFO: [ app_begin ] --END-- [ RunTime:0.001518s ]
SQL: SHOW COLUMNS FROM `food_user` [ RunTime:0.0173s ]
SQL: SELECT * FROM `food_user` WHERE `userid` = 1 LIMIT 1   [ RunTime:0.0012s ]
SQL: SHOW COLUMNS FROM `food_caipu` [ RunTime:0.0157s ]
SQL: SHOW COLUMNS FROM `food_cat` [ RunTime:0.0160s ]
SQL: SELECT caipu.id,caipu.Cname,cat.name,caipu.sold,caipu.monthsold,caipu.Cstatus FROM `food_caipu` as caipu left join food_cat as cat on cat.id = caipu.catid  WHERE ( 1 )  [ RunTime:0.0023s ]
INFO: [ view_parse ] --START--
INFO: [ template_filter ] --START--
INFO: Run Behavior\ContentReplaceBehavior [ RunTime:0.000245s ]
INFO: [ template_filter ] --END-- [ RunTime:0.000436s ]
NOTIC: [8] Undefined variable: pages D:\WWW\food\Application\Runtime\Cache\Admin\c708553c6e3391f60a5256c9ad81acf6.php 第 40 行.
NOTIC: [8] Undefined variable: count D:\WWW\food\Application\Runtime\Cache\Admin\c708553c6e3391f60a5256c9ad81acf6.php 第 42 行.
INFO: Run Behavior\ParseTemplateBehavior [ RunTime:0.027594s ]
INFO: [ view_parse ] --END-- [ RunTime:0.027828s ]
INFO: [ view_filter ] --START--
INFO: Run Behavior\WriteHtmlCacheBehavior [ RunTime:0.000817s ]
INFO: [ view_filter ] --END-- [ RunTime:0.000964s ]
INFO: [ app_end ] --START--
INFO: Run Behavior\ShowPageTraceBehavior [ RunTime:0.002016s ]
INFO: [ app_end ] --END-- [ RunTime:0.002244s ]

[ 2016-05-09T23:50:39+08:00 ] 127.0.0.1 /food/index.php/Admin/Caipu/Zifenlei
NOTIC: [2] include(D:\WWW\food\ThinkPHP/Lang/zh_cn.php): failed to open stream: No such file or directory D:\WWW\food\ThinkPHP\Library\Think\Think.class.php 第 86 行.
NOTIC: [2] include(D:\WWW\food\ThinkPHP/Lang/zh_cn.php): failed to open stream: No such file or directory D:\WWW\food\ThinkPHP\Library\Think\Think.class.php 第 86 行.
NOTIC: [2] include(): Failed opening 'D:\WWW\food\ThinkPHP/Lang/zh_cn.php' for inclusion (include_path='.;C:\php\pear') D:\WWW\food\ThinkPHP\Library\Think\Think.class.php 第 86 行.
INFO: [ app_init ] --START--
INFO: Run Behavior\BuildLiteBehavior [ RunTime:0.000020s ]
INFO: [ app_init ] --END-- [ RunTime:0.000091s ]
INFO: [ app_begin ] --START--
INFO: Run Behavior\ReadHtmlCacheBehavior [ RunTime:0.000861s ]
INFO: Run Behavior\CheckLangBehavior [ RunTime:0.000761s ]
INFO: [ app_begin ] --END-- [ RunTime:0.001735s ]
SQL: SHOW COLUMNS FROM `food_user` [ RunTime:0.0192s ]
SQL: SELECT * FROM `food_user` WHERE `userid` = 1 LIMIT 1   [ RunTime:0.0014s ]
SQL: SHOW COLUMNS FROM `food_cat` [ RunTime:0.0226s ]
SQL: SELECT * FROM `food_cat` WHERE ( pid!=0 AND ppid=0 )  [ RunTime:0.0009s ]
SQL: SELECT * FROM `food_cat` WHERE ( 1=1 AND id='1' ) LIMIT 1   [ RunTime:0.0009s ]
SQL: SELECT * FROM `food_cat` WHERE ( 1=1 AND id='1' ) LIMIT 1   [ RunTime:0.0009s ]
SQL: SELECT * FROM `food_cat` WHERE ( 1=1 AND id='1' ) LIMIT 1   [ RunTime:0.0009s ]
SQL: SELECT * FROM `food_cat` WHERE ( 1=1 AND id='1' ) LIMIT 1   [ RunTime:0.0012s ]
SQL: SELECT * FROM `food_cat` WHERE ( 1=1 AND id='2' ) LIMIT 1   [ RunTime:0.0010s ]
SQL: SELECT * FROM `food_cat` WHERE ( 1=1 AND id='2' ) LIMIT 1   [ RunTime:0.0009s ]
SQL: SELECT * FROM `food_cat` WHERE ( 1=1 AND id='2' ) LIMIT 1   [ RunTime:0.0014s ]
SQL: SELECT * FROM `food_cat` WHERE ( 1=1 AND id='4' ) LIMIT 1   [ RunTime:0.0014s ]
SQL: SELECT * FROM `food_cat` WHERE ( 1=1 AND id='3' ) LIMIT 1   [ RunTime:0.0014s ]
INFO: [ view_parse ] --START--
INFO: [ template_filter ] --START--
INFO: Run Behavior\ContentReplaceBehavior [ RunTime:0.000178s ]
INFO: [ template_filter ] --END-- [ RunTime:0.000328s ]
INFO: Run Behavior\ParseTemplateBehavior [ RunTime:0.026043s ]
INFO: [ view_parse ] --END-- [ RunTime:0.026202s ]
INFO: [ view_filter ] --START--
INFO: Run Behavior\WriteHtmlCacheBehavior [ RunTime:0.000742s ]
INFO: [ view_filter ] --END-- [ RunTime:0.000857s ]
INFO: [ app_end ] --START--
INFO: Run Behavior\ShowPageTraceBehavior [ RunTime:0.002172s ]
INFO: [ app_end ] --END-- [ RunTime:0.002333s ]

