[ 2016-05-09T21:28:07+08:00 ] 127.0.0.1 /food/App/show
NOTIC: [2] include(D:\WWW\food\ThinkPHP/Lang/zh_cn.php): failed to open stream: No such file or directory D:\WWW\food\ThinkPHP\Library\Think\Think.class.php 第 86 行.
NOTIC: [2] include(D:\WWW\food\ThinkPHP/Lang/zh_cn.php): failed to open stream: No such file or directory D:\WWW\food\ThinkPHP\Library\Think\Think.class.php 第 86 行.
NOTIC: [2] include(): Failed opening 'D:\WWW\food\ThinkPHP/Lang/zh_cn.php' for inclusion (include_path='.;C:\php\pear') D:\WWW\food\ThinkPHP\Library\Think\Think.class.php 第 86 行.
INFO: [ app_init ] --START--
INFO: Run Behavior\BuildLiteBehavior [ RunTime:0.000023s ]
INFO: [ app_init ] --END-- [ RunTime:0.000119s ]
INFO: [ app_begin ] --START--
INFO: Run Behavior\ReadHtmlCacheBehavior [ RunTime:0.015967s ]
INFO: Run Behavior\CheckLangBehavior [ RunTime:0.001909s ]
INFO: [ app_begin ] --END-- [ RunTime:0.018046s ]
NOTIC: [2048] Declaration of Home\Controller\AppController::show() should be compatible with Think\Controller::show($content, $charset = '', $contentType = '', $prefix = '') D:\WWW\food\Application\Home\Controller\AppController.class.php 第 4 行.
SQL: SHOW COLUMNS FROM `food_tips` [ RunTime:0.0168s ]
SQL: SELECT * FROM `food_tips`  [ RunTime:0.0007s ]

[ 2016-05-09T21:28:12+08:00 ] 127.0.0.1 /food/index.php/order.html
NOTIC: [2] include(D:\WWW\food\ThinkPHP/Lang/zh_cn.php): failed to open stream: No such file or directory D:\WWW\food\ThinkPHP\Library\Think\Think.class.php 第 86 行.
NOTIC: [2] include(D:\WWW\food\ThinkPHP/Lang/zh_cn.php): failed to open stream: No such file or directory D:\WWW\food\ThinkPHP\Library\Think\Think.class.php 第 86 行.
NOTIC: [2] include(): Failed opening 'D:\WWW\food\ThinkPHP/Lang/zh_cn.php' for inclusion (include_path='.;C:\php\pear') D:\WWW\food\ThinkPHP\Library\Think\Think.class.php 第 86 行.
INFO: [ app_init ] --START--
INFO: Run Behavior\BuildLiteBehavior [ RunTime:0.000019s ]
INFO: [ app_init ] --END-- [ RunTime:0.000092s ]
INFO: [ app_begin ] --START--
INFO: Run Behavior\ReadHtmlCacheBehavior [ RunTime:0.001082s ]
INFO: Run Behavior\CheckLangBehavior [ RunTime:0.001668s ]
INFO: [ app_begin ] --END-- [ RunTime:0.002925s ]

[ 2016-05-09T21:28:12+08:00 ] 127.0.0.1 /food/index.php/User/login.html
NOTIC: [2] include(D:\WWW\food\ThinkPHP/Lang/zh_cn.php): failed to open stream: No such file or directory D:\WWW\food\ThinkPHP\Library\Think\Think.class.php 第 86 行.
NOTIC: [2] include(D:\WWW\food\ThinkPHP/Lang/zh_cn.php): failed to open stream: No such file or directory D:\WWW\food\ThinkPHP\Library\Think\Think.class.php 第 86 行.
NOTIC: [2] include(): Failed opening 'D:\WWW\food\ThinkPHP/Lang/zh_cn.php' for inclusion (include_path='.;C:\php\pear') D:\WWW\food\ThinkPHP\Library\Think\Think.class.php 第 86 行.
INFO: [ app_init ] --START--
INFO: Run Behavior\BuildLiteBehavior [ RunTime:0.000021s ]
INFO: [ app_init ] --END-- [ RunTime:0.000098s ]
INFO: [ app_begin ] --START--
INFO: Run Behavior\ReadHtmlCacheBehavior [ RunTime:0.001015s ]
INFO: Run Behavior\CheckLangBehavior [ RunTime:0.000984s ]
INFO: [ app_begin ] --END-- [ RunTime:0.002118s ]
INFO: [ view_parse ] --START--
INFO: [ template_filter ] --START--
INFO: Run Behavior\ContentReplaceBehavior [ RunTime:0.000112s ]
INFO: [ template_filter ] --END-- [ RunTime:0.000198s ]
INFO: Run Behavior\ParseTemplateBehavior [ RunTime:0.093069s ]
INFO: [ view_parse ] --END-- [ RunTime:0.093166s ]
INFO: [ view_filter ] --START--
INFO: Run Behavior\WriteHtmlCacheBehavior [ RunTime:0.008819s ]
INFO: [ view_filter ] --END-- [ RunTime:0.008897s ]
INFO: [ app_end ] --START--
INFO: Run Behavior\ShowPageTraceBehavior [ RunTime:0.001513s ]
INFO: [ app_end ] --END-- [ RunTime:0.001576s ]

[ 2016-05-09T21:28:12+08:00 ] 127.0.0.1 /food/index.php/Home/User/verify
NOTIC: [2] include(D:\WWW\food\ThinkPHP/Lang/zh_cn.php): failed to open stream: No such file or directory D:\WWW\food\ThinkPHP\Library\Think\Think.class.php 第 86 行.
NOTIC: [2] include(D:\WWW\food\ThinkPHP/Lang/zh_cn.php): failed to open stream: No such file or directory D:\WWW\food\ThinkPHP\Library\Think\Think.class.php 第 86 行.
NOTIC: [2] include(): Failed opening 'D:\WWW\food\ThinkPHP/Lang/zh_cn.php' for inclusion (include_path='.;C:\php\pear') D:\WWW\food\ThinkPHP\Library\Think\Think.class.php 第 86 行.
INFO: [ app_init ] --START--
INFO: Run Behavior\BuildLiteBehavior [ RunTime:0.000030s ]
INFO: [ app_init ] --END-- [ RunTime:0.000153s ]
INFO: [ app_begin ] --START--
INFO: Run Behavior\ReadHtmlCacheBehavior [ RunTime:0.001480s ]
INFO: Run Behavior\CheckLangBehavior [ RunTime:0.001254s ]
INFO: [ app_begin ] --END-- [ RunTime:0.003071s ]
INFO: [ app_end ] --START--
INFO: Run Behavior\ShowPageTraceBehavior [ RunTime:0.001675s ]
INFO: [ app_end ] --END-- [ RunTime:0.001810s ]

[ 2016-05-09T21:28:17+08:00 ] 127.0.0.1 /food/index.php
NOTIC: [2] include(D:\WWW\food\ThinkPHP/Lang/zh_cn.php): failed to open stream: No such file or directory D:\WWW\food\ThinkPHP\Library\Think\Think.class.php 第 86 行.
NOTIC: [2] include(D:\WWW\food\ThinkPHP/Lang/zh_cn.php): failed to open stream: No such file or directory D:\WWW\food\ThinkPHP\Library\Think\Think.class.php 第 86 行.
NOTIC: [2] include(): Failed opening 'D:\WWW\food\ThinkPHP/Lang/zh_cn.php' for inclusion (include_path='.;C:\php\pear') D:\WWW\food\ThinkPHP\Library\Think\Think.class.php 第 86 行.
INFO: [ app_init ] --START--
INFO: Run Behavior\BuildLiteBehavior [ RunTime:0.000020s ]
INFO: [ app_init ] --END-- [ RunTime:0.000093s ]
INFO: [ app_begin ] --START--
INFO: Run Behavior\ReadHtmlCacheBehavior [ RunTime:0.001155s ]
INFO: Run Behavior\CheckLangBehavior [ RunTime:0.001269s ]
INFO: [ app_begin ] --END-- [ RunTime:0.002601s ]

[ 2016-05-09T21:28:17+08:00 ] 127.0.0.1 /food/index.php/User/login.html
NOTIC: [2] include(D:\WWW\food\ThinkPHP/Lang/zh_cn.php): failed to open stream: No such file or directory D:\WWW\food\ThinkPHP\Library\Think\Think.class.php 第 86 行.
NOTIC: [2] include(D:\WWW\food\ThinkPHP/Lang/zh_cn.php): failed to open stream: No such file or directory D:\WWW\food\ThinkPHP\Library\Think\Think.class.php 第 86 行.
NOTIC: [2] include(): Failed opening 'D:\WWW\food\ThinkPHP/Lang/zh_cn.php' for inclusion (include_path='.;C:\php\pear') D:\WWW\food\ThinkPHP\Library\Think\Think.class.php 第 86 行.
INFO: [ app_init ] --START--
INFO: Run Behavior\BuildLiteBehavior [ RunTime:0.000020s ]
INFO: [ app_init ] --END-- [ RunTime:0.000094s ]
INFO: [ app_begin ] --START--
INFO: Run Behavior\ReadHtmlCacheBehavior [ RunTime:0.001499s ]
INFO: Run Behavior\CheckLangBehavior [ RunTime:0.001080s ]
INFO: [ app_begin ] --END-- [ RunTime:0.002710s ]
INFO: [ view_parse ] --START--
INFO: [ template_filter ] --START--
INFO: Run Behavior\ContentReplaceBehavior [ RunTime:0.000173s ]
INFO: [ template_filter ] --END-- [ RunTime:0.000269s ]
INFO: Run Behavior\ParseTemplateBehavior [ RunTime:0.010758s ]
INFO: [ view_parse ] --END-- [ RunTime:0.010834s ]
INFO: [ view_filter ] --START--
INFO: Run Behavior\WriteHtmlCacheBehavior [ RunTime:0.000613s ]
INFO: [ view_filter ] --END-- [ RunTime:0.000670s ]
INFO: [ app_end ] --START--
INFO: Run Behavior\ShowPageTraceBehavior [ RunTime:0.001004s ]
INFO: [ app_end ] --END-- [ RunTime:0.001062s ]

[ 2016-05-09T21:28:17+08:00 ] 127.0.0.1 /food/index.php/Home/User/verify
NOTIC: [2] include(D:\WWW\food\ThinkPHP/Lang/zh_cn.php): failed to open stream: No such file or directory D:\WWW\food\ThinkPHP\Library\Think\Think.class.php 第 86 行.
NOTIC: [2] include(D:\WWW\food\ThinkPHP/Lang/zh_cn.php): failed to open stream: No such file or directory D:\WWW\food\ThinkPHP\Library\Think\Think.class.php 第 86 行.
NOTIC: [2] include(): Failed opening 'D:\WWW\food\ThinkPHP/Lang/zh_cn.php' for inclusion (include_path='.;C:\php\pear') D:\WWW\food\ThinkPHP\Library\Think\Think.class.php 第 86 行.
INFO: [ app_init ] --START--
INFO: Run Behavior\BuildLiteBehavior [ RunTime:0.000031s ]
INFO: [ app_init ] --END-- [ RunTime:0.000161s ]
INFO: [ app_begin ] --START--
INFO: Run Behavior\ReadHtmlCacheBehavior [ RunTime:0.001634s ]
INFO: Run Behavior\CheckLangBehavior [ RunTime:0.001393s ]
INFO: [ app_begin ] --END-- [ RunTime:0.003208s ]
INFO: [ app_end ] --START--
INFO: Run Behavior\ShowPageTraceBehavior [ RunTime:0.001217s ]
INFO: [ app_end ] --END-- [ RunTime:0.001309s ]

[ 2016-05-09T21:28:22+08:00 ] 127.0.0.1 /food/Public/Home/fonts//icon-pc.woff?59lb71
NOTIC: [2] include(D:\WWW\food\ThinkPHP/Lang/zh_cn.php): failed to open stream: No such file or directory D:\WWW\food\ThinkPHP\Library\Think\Think.class.php 第 86 行.
NOTIC: [2] include(D:\WWW\food\ThinkPHP/Lang/zh_cn.php): failed to open stream: No such file or directory D:\WWW\food\ThinkPHP\Library\Think\Think.class.php 第 86 行.
NOTIC: [2] include(): Failed opening 'D:\WWW\food\ThinkPHP/Lang/zh_cn.php' for inclusion (include_path='.;C:\php\pear') D:\WWW\food\ThinkPHP\Library\Think\Think.class.php 第 86 行.
INFO: [ app_init ] --START--
INFO: Run Behavior\BuildLiteBehavior [ RunTime:0.000020s ]
INFO: [ app_init ] --END-- [ RunTime:0.000093s ]
INFO: [ app_begin ] --START--
INFO: Run Behavior\ReadHtmlCacheBehavior [ RunTime:0.000975s ]
INFO: Run Behavior\CheckLangBehavior [ RunTime:0.001223s ]
INFO: [ app_begin ] --END-- [ RunTime:0.002332s ]
ERR: _CONTROLLER_NOT_EXIST_:Public

[ 2016-05-09T21:28:22+08:00 ] 127.0.0.1 /food/Public/Home/fonts//icon-pc.ttf?59lb71
NOTIC: [2] include(D:\WWW\food\ThinkPHP/Lang/zh_cn.php): failed to open stream: No such file or directory D:\WWW\food\ThinkPHP\Library\Think\Think.class.php 第 86 行.
NOTIC: [2] include(D:\WWW\food\ThinkPHP/Lang/zh_cn.php): failed to open stream: No such file or directory D:\WWW\food\ThinkPHP\Library\Think\Think.class.php 第 86 行.
NOTIC: [2] include(): Failed opening 'D:\WWW\food\ThinkPHP/Lang/zh_cn.php' for inclusion (include_path='.;C:\php\pear') D:\WWW\food\ThinkPHP\Library\Think\Think.class.php 第 86 行.
INFO: [ app_init ] --START--
INFO: Run Behavior\BuildLiteBehavior [ RunTime:0.000083s ]
INFO: [ app_init ] --END-- [ RunTime:0.000362s ]
INFO: [ app_begin ] --START--
INFO: Run Behavior\ReadHtmlCacheBehavior [ RunTime:0.001016s ]
INFO: Run Behavior\CheckLangBehavior [ RunTime:0.002360s ]
INFO: [ app_begin ] --END-- [ RunTime:0.003537s ]
ERR: _CONTROLLER_NOT_EXIST_:Public

[ 2016-05-09T21:28:28+08:00 ] 127.0.0.1 /food/index.php/Home/User/dologin
NOTIC: [2] include(D:\WWW\food\ThinkPHP/Lang/zh_cn.php): failed to open stream: No such file or directory D:\WWW\food\ThinkPHP\Library\Think\Think.class.php 第 86 行.
NOTIC: [2] include(D:\WWW\food\ThinkPHP/Lang/zh_cn.php): failed to open stream: No such file or directory D:\WWW\food\ThinkPHP\Library\Think\Think.class.php 第 86 行.
NOTIC: [2] include(): Failed opening 'D:\WWW\food\ThinkPHP/Lang/zh_cn.php' for inclusion (include_path='.;C:\php\pear') D:\WWW\food\ThinkPHP\Library\Think\Think.class.php 第 86 行.
INFO: [ app_init ] --START--
INFO: Run Behavior\BuildLiteBehavior [ RunTime:0.000020s ]
INFO: [ app_init ] --END-- [ RunTime:0.000094s ]
INFO: [ app_begin ] --START--
INFO: Run Behavior\ReadHtmlCacheBehavior [ RunTime:0.000950s ]
INFO: Run Behavior\CheckLangBehavior [ RunTime:0.000975s ]
INFO: [ app_begin ] --END-- [ RunTime:0.002023s ]
SQL: SHOW COLUMNS FROM `food_user` [ RunTime:0.0326s ]
SQL: SELECT * FROM `food_user` WHERE ( name='admin' ) LIMIT 1   [ RunTime:0.0018s ]
SQL: SELECT * FROM `food_user` WHERE `userid` = 0 LIMIT 1   [ RunTime:0.0008s ]
NOTIC: [8] Undefined index: loginnum D:\WWW\food\Application\Home\Controller\UserController.class.php 第 42 行.
INFO: [ app_end ] --START--
INFO: Run Behavior\ShowPageTraceBehavior [ RunTime:0.001369s ]
INFO: [ app_end ] --END-- [ RunTime:0.001475s ]

[ 2016-05-09T21:28:29+08:00 ] 127.0.0.1 /food/index.php/Home/User/dologin
NOTIC: [2] include(D:\WWW\food\ThinkPHP/Lang/zh_cn.php): failed to open stream: No such file or directory D:\WWW\food\ThinkPHP\Library\Think\Think.class.php 第 86 行.
NOTIC: [2] include(D:\WWW\food\ThinkPHP/Lang/zh_cn.php): failed to open stream: No such file or directory D:\WWW\food\ThinkPHP\Library\Think\Think.class.php 第 86 行.
NOTIC: [2] include(): Failed opening 'D:\WWW\food\ThinkPHP/Lang/zh_cn.php' for inclusion (include_path='.;C:\php\pear') D:\WWW\food\ThinkPHP\Library\Think\Think.class.php 第 86 行.
INFO: [ app_init ] --START--
INFO: Run Behavior\BuildLiteBehavior [ RunTime:0.000020s ]
INFO: [ app_init ] --END-- [ RunTime:0.000105s ]
INFO: [ app_begin ] --START--
INFO: Run Behavior\ReadHtmlCacheBehavior [ RunTime:0.001192s ]
INFO: Run Behavior\CheckLangBehavior [ RunTime:0.001067s ]
INFO: [ app_begin ] --END-- [ RunTime:0.002419s ]
SQL: SHOW COLUMNS FROM `food_user` [ RunTime:0.0158s ]
SQL: SELECT * FROM `food_user` WHERE ( name='admin' ) LIMIT 1   [ RunTime:0.0008s ]
SQL: SELECT * FROM `food_user` WHERE `userid` = 0 LIMIT 1   [ RunTime:0.0005s ]
NOTIC: [8] Undefined index: loginnum D:\WWW\food\Application\Home\Controller\UserController.class.php 第 42 行.
INFO: [ app_end ] --START--
INFO: Run Behavior\ShowPageTraceBehavior [ RunTime:0.000971s ]
INFO: [ app_end ] --END-- [ RunTime:0.001041s ]

[ 2016-05-09T21:28:29+08:00 ] 127.0.0.1 /food/index.php/index/index.html
NOTIC: [2] include(D:\WWW\food\ThinkPHP/Lang/zh_cn.php): failed to open stream: No such file or directory D:\WWW\food\ThinkPHP\Library\Think\Think.class.php 第 86 行.
NOTIC: [2] include(D:\WWW\food\ThinkPHP/Lang/zh_cn.php): failed to open stream: No such file or directory D:\WWW\food\ThinkPHP\Library\Think\Think.class.php 第 86 行.
NOTIC: [2] include(): Failed opening 'D:\WWW\food\ThinkPHP/Lang/zh_cn.php' for inclusion (include_path='.;C:\php\pear') D:\WWW\food\ThinkPHP\Library\Think\Think.class.php 第 86 行.
INFO: [ app_init ] --START--
INFO: Run Behavior\BuildLiteBehavior [ RunTime:0.000032s ]
INFO: [ app_init ] --END-- [ RunTime:0.000188s ]
INFO: [ app_begin ] --START--
INFO: Run Behavior\ReadHtmlCacheBehavior [ RunTime:0.001871s ]
INFO: Run Behavior\CheckLangBehavior [ RunTime:0.001529s ]
INFO: [ app_begin ] --END-- [ RunTime:0.004601s ]
INFO: [ view_parse ] --START--
INFO: [ template_filter ] --START--
INFO: Run Behavior\ContentReplaceBehavior [ RunTime:0.000110s ]
INFO: [ template_filter ] --END-- [ RunTime:0.000221s ]
INFO: Run Behavior\ParseTemplateBehavior [ RunTime:0.052848s ]
INFO: [ view_parse ] --END-- [ RunTime:0.052988s ]
INFO: [ view_filter ] --START--
INFO: Run Behavior\WriteHtmlCacheBehavior [ RunTime:0.001173s ]
INFO: [ view_filter ] --END-- [ RunTime:0.001310s ]
INFO: [ app_end ] --START--
INFO: Run Behavior\ShowPageTraceBehavior [ RunTime:0.001816s ]
INFO: [ app_end ] --END-- [ RunTime:0.001932s ]

[ 2016-05-09T21:28:34+08:00 ] 127.0.0.1 /food/index.php/dcan.html
NOTIC: [2] include(D:\WWW\food\ThinkPHP/Lang/zh_cn.php): failed to open stream: No such file or directory D:\WWW\food\ThinkPHP\Library\Think\Think.class.php 第 86 行.
NOTIC: [2] include(D:\WWW\food\ThinkPHP/Lang/zh_cn.php): failed to open stream: No such file or directory D:\WWW\food\ThinkPHP\Library\Think\Think.class.php 第 86 行.
NOTIC: [2] include(): Failed opening 'D:\WWW\food\ThinkPHP/Lang/zh_cn.php' for inclusion (include_path='.;C:\php\pear') D:\WWW\food\ThinkPHP\Library\Think\Think.class.php 第 86 行.
INFO: [ app_init ] --START--
INFO: Run Behavior\BuildLiteBehavior [ RunTime:0.000021s ]
INFO: [ app_init ] --END-- [ RunTime:0.000095s ]
INFO: [ app_begin ] --START--
INFO: Run Behavior\ReadHtmlCacheBehavior [ RunTime:0.000987s ]
INFO: Run Behavior\CheckLangBehavior [ RunTime:0.000979s ]
INFO: [ app_begin ] --END-- [ RunTime:0.002093s ]
SQL: SHOW COLUMNS FROM `food_orderseat` [ RunTime:0.0360s ]
SQL: SELECT * FROM `food_orderseat`  [ RunTime:0.0012s ]
INFO: [ view_parse ] --START--
INFO: [ template_filter ] --START--
INFO: Run Behavior\ContentReplaceBehavior [ RunTime:0.000395s ]
INFO: [ template_filter ] --END-- [ RunTime:0.000607s ]
INFO: Run Behavior\ParseTemplateBehavior [ RunTime:0.101955s ]
INFO: [ view_parse ] --END-- [ RunTime:0.102123s ]
INFO: [ view_filter ] --START--
INFO: Run Behavior\WriteHtmlCacheBehavior [ RunTime:0.001097s ]
INFO: [ view_filter ] --END-- [ RunTime:0.001186s ]
INFO: [ app_end ] --START--
INFO: Run Behavior\ShowPageTraceBehavior [ RunTime:0.001875s ]
INFO: [ app_end ] --END-- [ RunTime:0.001999s ]

[ 2016-05-09T21:28:39+08:00 ] 127.0.0.1 /food/index.php/Home/Dcan/orderSeat
NOTIC: [2] include(D:\WWW\food\ThinkPHP/Lang/zh_cn.php): failed to open stream: No such file or directory D:\WWW\food\ThinkPHP\Library\Think\Think.class.php 第 86 行.
NOTIC: [2] include(D:\WWW\food\ThinkPHP/Lang/zh_cn.php): failed to open stream: No such file or directory D:\WWW\food\ThinkPHP\Library\Think\Think.class.php 第 86 行.
NOTIC: [2] include(): Failed opening 'D:\WWW\food\ThinkPHP/Lang/zh_cn.php' for inclusion (include_path='.;C:\php\pear') D:\WWW\food\ThinkPHP\Library\Think\Think.class.php 第 86 行.
INFO: [ app_init ] --START--
INFO: Run Behavior\BuildLiteBehavior [ RunTime:0.000025s ]
INFO: [ app_init ] --END-- [ RunTime:0.000124s ]
INFO: [ app_begin ] --START--
INFO: Run Behavior\ReadHtmlCacheBehavior [ RunTime:0.000806s ]
INFO: Run Behavior\CheckLangBehavior [ RunTime:0.000762s ]
INFO: [ app_begin ] --END-- [ RunTime:0.001702s ]
SQL: SHOW COLUMNS FROM `food_seat` [ RunTime:0.0288s ]
SQL: SELECT * FROM `food_seat`  [ RunTime:0.0008s ]
INFO: [ view_parse ] --START--
INFO: [ template_filter ] --START--
INFO: Run Behavior\ContentReplaceBehavior [ RunTime:0.000130s ]
INFO: [ template_filter ] --END-- [ RunTime:0.000219s ]
INFO: Run Behavior\ParseTemplateBehavior [ RunTime:0.090632s ]
INFO: [ view_parse ] --END-- [ RunTime:0.090775s ]
INFO: [ view_filter ] --START--
INFO: Run Behavior\WriteHtmlCacheBehavior [ RunTime:0.000579s ]
INFO: [ view_filter ] --END-- [ RunTime:0.000646s ]
INFO: [ app_end ] --START--
INFO: Run Behavior\ShowPageTraceBehavior [ RunTime:0.000925s ]
INFO: [ app_end ] --END-- [ RunTime:0.000998s ]

[ 2016-05-09T21:28:43+08:00 ] 127.0.0.1 /food/index.php/Home/Dcan/slist
NOTIC: [2] include(D:\WWW\food\ThinkPHP/Lang/zh_cn.php): failed to open stream: No such file or directory D:\WWW\food\ThinkPHP\Library\Think\Think.class.php 第 86 行.
NOTIC: [2] include(D:\WWW\food\ThinkPHP/Lang/zh_cn.php): failed to open stream: No such file or directory D:\WWW\food\ThinkPHP\Library\Think\Think.class.php 第 86 行.
NOTIC: [2] include(): Failed opening 'D:\WWW\food\ThinkPHP/Lang/zh_cn.php' for inclusion (include_path='.;C:\php\pear') D:\WWW\food\ThinkPHP\Library\Think\Think.class.php 第 86 行.
INFO: [ app_init ] --START--
INFO: Run Behavior\BuildLiteBehavior [ RunTime:0.000027s ]
INFO: [ app_init ] --END-- [ RunTime:0.000107s ]
INFO: [ app_begin ] --START--
INFO: Run Behavior\ReadHtmlCacheBehavior [ RunTime:0.000784s ]
INFO: Run Behavior\CheckLangBehavior [ RunTime:0.000757s ]
INFO: [ app_begin ] --END-- [ RunTime:0.001667s ]
SQL: SHOW COLUMNS FROM `food_orderseat` [ RunTime:0.0251s ]
SQL: SELECT * FROM `food_orderseat`  [ RunTime:0.0008s ]
INFO: [ view_parse ] --START--
INFO: [ template_filter ] --START--
INFO: Run Behavior\ContentReplaceBehavior [ RunTime:0.000093s ]
INFO: [ template_filter ] --END-- [ RunTime:0.000163s ]
INFO: Run Behavior\ParseTemplateBehavior [ RunTime:0.013307s ]
INFO: [ view_parse ] --END-- [ RunTime:0.013506s ]
INFO: [ view_filter ] --START--
INFO: Run Behavior\WriteHtmlCacheBehavior [ RunTime:0.000456s ]
INFO: [ view_filter ] --END-- [ RunTime:0.000526s ]
INFO: [ app_end ] --START--
INFO: Run Behavior\ShowPageTraceBehavior [ RunTime:0.000747s ]
INFO: [ app_end ] --END-- [ RunTime:0.000802s ]

[ 2016-05-09T21:29:47+08:00 ] 127.0.0.1 /food/index.php/dcan.html
NOTIC: [2] include(D:\WWW\food\ThinkPHP/Lang/zh_cn.php): failed to open stream: No such file or directory D:\WWW\food\ThinkPHP\Library\Think\Think.class.php 第 86 行.
NOTIC: [2] include(D:\WWW\food\ThinkPHP/Lang/zh_cn.php): failed to open stream: No such file or directory D:\WWW\food\ThinkPHP\Library\Think\Think.class.php 第 86 行.
NOTIC: [2] include(): Failed opening 'D:\WWW\food\ThinkPHP/Lang/zh_cn.php' for inclusion (include_path='.;C:\php\pear') D:\WWW\food\ThinkPHP\Library\Think\Think.class.php 第 86 行.
INFO: [ app_init ] --START--
INFO: Run Behavior\BuildLiteBehavior [ RunTime:0.000021s ]
INFO: [ app_init ] --END-- [ RunTime:0.000090s ]
INFO: [ app_begin ] --START--
INFO: Run Behavior\ReadHtmlCacheBehavior [ RunTime:0.001983s ]
INFO: Run Behavior\CheckLangBehavior [ RunTime:0.001523s ]
INFO: [ app_begin ] --END-- [ RunTime:0.003667s ]
SQL: SHOW COLUMNS FROM `food_orderseat` [ RunTime:0.0221s ]
SQL: SELECT * FROM `food_orderseat`  [ RunTime:0.0008s ]
INFO: [ view_parse ] --START--
INFO: [ template_filter ] --START--
INFO: Run Behavior\ContentReplaceBehavior [ RunTime:0.000278s ]
INFO: [ template_filter ] --END-- [ RunTime:0.000388s ]
INFO: Run Behavior\ParseTemplateBehavior [ RunTime:0.034598s ]
INFO: [ view_parse ] --END-- [ RunTime:0.034762s ]
INFO: [ view_filter ] --START--
INFO: Run Behavior\WriteHtmlCacheBehavior [ RunTime:0.002215s ]
INFO: [ view_filter ] --END-- [ RunTime:0.002315s ]
INFO: [ app_end ] --START--
INFO: Run Behavior\ShowPageTraceBehavior [ RunTime:0.004146s ]
INFO: [ app_end ] --END-- [ RunTime:0.004263s ]

[ 2016-05-09T21:29:58+08:00 ] 127.0.0.1 /food/index.php/Dcan/delOrderSeat
NOTIC: [2] include(D:\WWW\food\ThinkPHP/Lang/zh_cn.php): failed to open stream: No such file or directory D:\WWW\food\ThinkPHP\Library\Think\Think.class.php 第 86 行.
NOTIC: [2] include(D:\WWW\food\ThinkPHP/Lang/zh_cn.php): failed to open stream: No such file or directory D:\WWW\food\ThinkPHP\Library\Think\Think.class.php 第 86 行.
NOTIC: [2] include(): Failed opening 'D:\WWW\food\ThinkPHP/Lang/zh_cn.php' for inclusion (include_path='.;C:\php\pear') D:\WWW\food\ThinkPHP\Library\Think\Think.class.php 第 86 行.
INFO: [ app_init ] --START--
INFO: Run Behavior\BuildLiteBehavior [ RunTime:0.000033s ]
INFO: [ app_init ] --END-- [ RunTime:0.000201s ]
INFO: [ app_begin ] --START--
INFO: Run Behavior\ReadHtmlCacheBehavior [ RunTime:0.004734s ]
INFO: Run Behavior\CheckLangBehavior [ RunTime:0.001870s ]
INFO: [ app_begin ] --END-- [ RunTime:0.007008s ]
SQL: SHOW COLUMNS FROM `food_orderseat` [ RunTime:0.0279s ]
SQL: SHOW COLUMNS FROM `food_seat` [ RunTime:0.0167s ]
SQL: UPDATE `food_seat` SET `status`='0' WHERE ( id=5 ) [ RunTime:0.0034s ]
SQL: DELETE FROM `food_orderseat` WHERE ( id=38 ) [ RunTime:0.0009s ]

[ 2016-05-09T21:29:59+08:00 ] 127.0.0.1 /food/index.php/Dcan/slist
NOTIC: [2] include(D:\WWW\food\ThinkPHP/Lang/zh_cn.php): failed to open stream: No such file or directory D:\WWW\food\ThinkPHP\Library\Think\Think.class.php 第 86 行.
NOTIC: [2] include(D:\WWW\food\ThinkPHP/Lang/zh_cn.php): failed to open stream: No such file or directory D:\WWW\food\ThinkPHP\Library\Think\Think.class.php 第 86 行.
NOTIC: [2] include(): Failed opening 'D:\WWW\food\ThinkPHP/Lang/zh_cn.php' for inclusion (include_path='.;C:\php\pear') D:\WWW\food\ThinkPHP\Library\Think\Think.class.php 第 86 行.
INFO: [ app_init ] --START--
INFO: Run Behavior\BuildLiteBehavior [ RunTime:0.000020s ]
INFO: [ app_init ] --END-- [ RunTime:0.000090s ]
INFO: [ app_begin ] --START--
INFO: Run Behavior\ReadHtmlCacheBehavior [ RunTime:0.001549s ]
INFO: Run Behavior\CheckLangBehavior [ RunTime:0.002006s ]
INFO: [ app_begin ] --END-- [ RunTime:0.003698s ]
SQL: SHOW COLUMNS FROM `food_orderseat` [ RunTime:0.0254s ]
SQL: SELECT * FROM `food_orderseat`  [ RunTime:0.0008s ]
INFO: [ view_parse ] --START--
INFO: [ template_filter ] --START--
INFO: Run Behavior\ContentReplaceBehavior [ RunTime:0.000123s ]
INFO: [ template_filter ] --END-- [ RunTime:0.000221s ]
INFO: Run Behavior\ParseTemplateBehavior [ RunTime:0.018538s ]
INFO: [ view_parse ] --END-- [ RunTime:0.018633s ]
INFO: [ view_filter ] --START--
INFO: Run Behavior\WriteHtmlCacheBehavior [ RunTime:0.001075s ]
INFO: [ view_filter ] --END-- [ RunTime:0.001127s ]
INFO: [ app_end ] --START--
INFO: Run Behavior\ShowPageTraceBehavior [ RunTime:0.001533s ]
INFO: [ app_end ] --END-- [ RunTime:0.001597s ]

[ 2016-05-09T21:30:13+08:00 ] 127.0.0.1 /food/index.php/Home/Dcan/orderSeat
NOTIC: [2] include(D:\WWW\food\ThinkPHP/Lang/zh_cn.php): failed to open stream: No such file or directory D:\WWW\food\ThinkPHP\Library\Think\Think.class.php 第 86 行.
NOTIC: [2] include(D:\WWW\food\ThinkPHP/Lang/zh_cn.php): failed to open stream: No such file or directory D:\WWW\food\ThinkPHP\Library\Think\Think.class.php 第 86 行.
NOTIC: [2] include(): Failed opening 'D:\WWW\food\ThinkPHP/Lang/zh_cn.php' for inclusion (include_path='.;C:\php\pear') D:\WWW\food\ThinkPHP\Library\Think\Think.class.php 第 86 行.
INFO: [ app_init ] --START--
INFO: Run Behavior\BuildLiteBehavior [ RunTime:0.000019s ]
INFO: [ app_init ] --END-- [ RunTime:0.000089s ]
INFO: [ app_begin ] --START--
INFO: Run Behavior\ReadHtmlCacheBehavior [ RunTime:0.001455s ]
INFO: Run Behavior\CheckLangBehavior [ RunTime:0.001419s ]
INFO: [ app_begin ] --END-- [ RunTime:0.002993s ]
SQL: SHOW COLUMNS FROM `food_seat` [ RunTime:0.0160s ]
SQL: SELECT * FROM `food_seat`  [ RunTime:0.0008s ]
INFO: [ view_parse ] --START--
INFO: [ template_filter ] --START--
INFO: Run Behavior\ContentReplaceBehavior [ RunTime:0.000097s ]
INFO: [ template_filter ] --END-- [ RunTime:0.000182s ]
INFO: Run Behavior\ParseTemplateBehavior [ RunTime:0.015622s ]
INFO: [ view_parse ] --END-- [ RunTime:0.015705s ]
INFO: [ view_filter ] --START--
INFO: Run Behavior\WriteHtmlCacheBehavior [ RunTime:0.001120s ]
INFO: [ view_filter ] --END-- [ RunTime:0.001177s ]
INFO: [ app_end ] --START--
INFO: Run Behavior\ShowPageTraceBehavior [ RunTime:0.001853s ]
INFO: [ app_end ] --END-- [ RunTime:0.001943s ]

[ 2016-05-09T21:30:28+08:00 ] 127.0.0.1 /food/index.php/Dcan/check
NOTIC: [2] include(D:\WWW\food\ThinkPHP/Lang/zh_cn.php): failed to open stream: No such file or directory D:\WWW\food\ThinkPHP\Library\Think\Think.class.php 第 86 行.
NOTIC: [2] include(D:\WWW\food\ThinkPHP/Lang/zh_cn.php): failed to open stream: No such file or directory D:\WWW\food\ThinkPHP\Library\Think\Think.class.php 第 86 行.
NOTIC: [2] include(): Failed opening 'D:\WWW\food\ThinkPHP/Lang/zh_cn.php' for inclusion (include_path='.;C:\php\pear') D:\WWW\food\ThinkPHP\Library\Think\Think.class.php 第 86 行.
INFO: [ app_init ] --START--
INFO: Run Behavior\BuildLiteBehavior [ RunTime:0.000053s ]
INFO: [ app_init ] --END-- [ RunTime:0.000287s ]
INFO: [ app_begin ] --START--
INFO: Run Behavior\ReadHtmlCacheBehavior [ RunTime:0.001547s ]
INFO: Run Behavior\CheckLangBehavior [ RunTime:0.002766s ]
INFO: [ app_begin ] --END-- [ RunTime:0.004722s ]
SQL: SHOW COLUMNS FROM `food_seat` [ RunTime:0.2491s ]
SQL: SELECT `status` FROM `food_seat` WHERE ( id=4 ) LIMIT 1   [ RunTime:0.0005s ]

[ 2016-05-09T21:30:29+08:00 ] 127.0.0.1 /food/index.php/Dcan/orderSeat
NOTIC: [2] include(D:\WWW\food\ThinkPHP/Lang/zh_cn.php): failed to open stream: No such file or directory D:\WWW\food\ThinkPHP\Library\Think\Think.class.php 第 86 行.
NOTIC: [2] include(D:\WWW\food\ThinkPHP/Lang/zh_cn.php): failed to open stream: No such file or directory D:\WWW\food\ThinkPHP\Library\Think\Think.class.php 第 86 行.
NOTIC: [2] include(): Failed opening 'D:\WWW\food\ThinkPHP/Lang/zh_cn.php' for inclusion (include_path='.;C:\php\pear') D:\WWW\food\ThinkPHP\Library\Think\Think.class.php 第 86 行.
INFO: [ app_init ] --START--
INFO: Run Behavior\BuildLiteBehavior [ RunTime:0.000019s ]
INFO: [ app_init ] --END-- [ RunTime:0.000098s ]
INFO: [ app_begin ] --START--
INFO: Run Behavior\ReadHtmlCacheBehavior [ RunTime:0.001398s ]
INFO: Run Behavior\CheckLangBehavior [ RunTime:0.002977s ]
INFO: [ app_begin ] --END-- [ RunTime:0.004506s ]
SQL: SHOW COLUMNS FROM `food_seat` [ RunTime:0.0205s ]
SQL: SHOW COLUMNS FROM `food_orderseat` [ RunTime:0.0165s ]
SQL: INSERT INTO `food_orderseat` (`seatid`,`gkname`,`gkphone`,`gkbz`,`status`,`ordertime`) VALUES ('4','韦利霞','15677301109','杀都是的的 ','1','2016-05-09 21:30:29') [ RunTime:0.0060s ]
SQL: UPDATE `food_seat` SET `status`='1' WHERE ( id=4 ) [ RunTime:0.0005s ]

[ 2016-05-09T21:30:32+08:00 ] 127.0.0.1 /food/index.php/Home/Dcan/slist
NOTIC: [2] include(D:\WWW\food\ThinkPHP/Lang/zh_cn.php): failed to open stream: No such file or directory D:\WWW\food\ThinkPHP\Library\Think\Think.class.php 第 86 行.
NOTIC: [2] include(D:\WWW\food\ThinkPHP/Lang/zh_cn.php): failed to open stream: No such file or directory D:\WWW\food\ThinkPHP\Library\Think\Think.class.php 第 86 行.
NOTIC: [2] include(): Failed opening 'D:\WWW\food\ThinkPHP/Lang/zh_cn.php' for inclusion (include_path='.;C:\php\pear') D:\WWW\food\ThinkPHP\Library\Think\Think.class.php 第 86 行.
INFO: [ app_init ] --START--
INFO: Run Behavior\BuildLiteBehavior [ RunTime:0.000020s ]
INFO: [ app_init ] --END-- [ RunTime:0.000099s ]
INFO: [ app_begin ] --START--
INFO: Run Behavior\ReadHtmlCacheBehavior [ RunTime:0.001201s ]
INFO: Run Behavior\CheckLangBehavior [ RunTime:0.001091s ]
INFO: [ app_begin ] --END-- [ RunTime:0.002409s ]
SQL: SHOW COLUMNS FROM `food_orderseat` [ RunTime:0.0157s ]
SQL: SELECT * FROM `food_orderseat`  [ RunTime:0.0004s ]
INFO: [ view_parse ] --START--
INFO: [ template_filter ] --START--
INFO: Run Behavior\ContentReplaceBehavior [ RunTime:0.000093s ]
INFO: [ template_filter ] --END-- [ RunTime:0.000160s ]
INFO: Run Behavior\ParseTemplateBehavior [ RunTime:0.014535s ]
INFO: [ view_parse ] --END-- [ RunTime:0.014614s ]
INFO: [ view_filter ] --START--
INFO: Run Behavior\WriteHtmlCacheBehavior [ RunTime:0.000665s ]
INFO: [ view_filter ] --END-- [ RunTime:0.000716s ]
INFO: [ app_end ] --START--
INFO: Run Behavior\ShowPageTraceBehavior [ RunTime:0.000947s ]
INFO: [ app_end ] --END-- [ RunTime:0.001012s ]

[ 2016-05-09T21:35:05+08:00 ] 127.0.0.1 /food/index.php/dcan.html
NOTIC: [2] include(D:\WWW\food\ThinkPHP/Lang/zh_cn.php): failed to open stream: No such file or directory D:\WWW\food\ThinkPHP\Library\Think\Think.class.php 第 86 行.
NOTIC: [2] include(D:\WWW\food\ThinkPHP/Lang/zh_cn.php): failed to open stream: No such file or directory D:\WWW\food\ThinkPHP\Library\Think\Think.class.php 第 86 行.
NOTIC: [2] include(): Failed opening 'D:\WWW\food\ThinkPHP/Lang/zh_cn.php' for inclusion (include_path='.;C:\php\pear') D:\WWW\food\ThinkPHP\Library\Think\Think.class.php 第 86 行.
INFO: [ app_init ] --START--
INFO: Run Behavior\BuildLiteBehavior [ RunTime:0.000022s ]
INFO: [ app_init ] --END-- [ RunTime:0.000103s ]
INFO: [ app_begin ] --START--
INFO: Run Behavior\ReadHtmlCacheBehavior [ RunTime:0.001401s ]
INFO: Run Behavior\CheckLangBehavior [ RunTime:0.001974s ]
INFO: [ app_begin ] --END-- [ RunTime:0.003568s ]
SQL: SHOW COLUMNS FROM `food_orderseat` [ RunTime:0.0206s ]
SQL: SELECT * FROM `food_orderseat`  [ RunTime:0.0006s ]
INFO: [ view_parse ] --START--
INFO: [ template_filter ] --START--
INFO: Run Behavior\ContentReplaceBehavior [ RunTime:0.000157s ]
INFO: [ template_filter ] --END-- [ RunTime:0.000232s ]
INFO: Run Behavior\ParseTemplateBehavior [ RunTime:0.021695s ]
INFO: [ view_parse ] --END-- [ RunTime:0.021781s ]
INFO: [ view_filter ] --START--
INFO: Run Behavior\WriteHtmlCacheBehavior [ RunTime:0.000686s ]
INFO: [ view_filter ] --END-- [ RunTime:0.000743s ]
INFO: [ app_end ] --START--
INFO: Run Behavior\ShowPageTraceBehavior [ RunTime:0.001246s ]
INFO: [ app_end ] --END-- [ RunTime:0.001324s ]

[ 2016-05-09T21:35:27+08:00 ] 127.0.0.1 /food/index.php/dcan.html
NOTIC: [2] include(D:\WWW\food\ThinkPHP/Lang/zh_cn.php): failed to open stream: No such file or directory D:\WWW\food\ThinkPHP\Library\Think\Think.class.php 第 86 行.
NOTIC: [2] include(D:\WWW\food\ThinkPHP/Lang/zh_cn.php): failed to open stream: No such file or directory D:\WWW\food\ThinkPHP\Library\Think\Think.class.php 第 86 行.
NOTIC: [2] include(): Failed opening 'D:\WWW\food\ThinkPHP/Lang/zh_cn.php' for inclusion (include_path='.;C:\php\pear') D:\WWW\food\ThinkPHP\Library\Think\Think.class.php 第 86 行.
INFO: [ app_init ] --START--
INFO: Run Behavior\BuildLiteBehavior [ RunTime:0.000020s ]
INFO: [ app_init ] --END-- [ RunTime:0.000092s ]
INFO: [ app_begin ] --START--
INFO: Run Behavior\ReadHtmlCacheBehavior [ RunTime:0.000977s ]
INFO: Run Behavior\CheckLangBehavior [ RunTime:0.000985s ]
INFO: [ app_begin ] --END-- [ RunTime:0.002075s ]
SQL: SHOW COLUMNS FROM `food_orderseat` [ RunTime:0.0205s ]
SQL: SELECT * FROM `food_orderseat`  [ RunTime:0.0011s ]
INFO: [ view_parse ] --START--
INFO: [ template_filter ] --START--
INFO: Run Behavior\ContentReplaceBehavior [ RunTime:0.000161s ]
INFO: [ template_filter ] --END-- [ RunTime:0.000235s ]
INFO: Run Behavior\ParseTemplateBehavior [ RunTime:0.018247s ]
INFO: [ view_parse ] --END-- [ RunTime:0.018393s ]
INFO: [ view_filter ] --START--
INFO: Run Behavior\WriteHtmlCacheBehavior [ RunTime:0.000822s ]
INFO: [ view_filter ] --END-- [ RunTime:0.000908s ]
INFO: [ app_end ] --START--
INFO: Run Behavior\ShowPageTraceBehavior [ RunTime:0.001563s ]
INFO: [ app_end ] --END-- [ RunTime:0.001662s ]

[ 2016-05-09T21:44:51+08:00 ] 127.0.0.1 /food/index.php/dcan.html
NOTIC: [2] include(D:\WWW\food\ThinkPHP/Lang/zh_cn.php): failed to open stream: No such file or directory D:\WWW\food\ThinkPHP\Library\Think\Think.class.php 第 86 行.
NOTIC: [2] include(D:\WWW\food\ThinkPHP/Lang/zh_cn.php): failed to open stream: No such file or directory D:\WWW\food\ThinkPHP\Library\Think\Think.class.php 第 86 行.
NOTIC: [2] include(): Failed opening 'D:\WWW\food\ThinkPHP/Lang/zh_cn.php' for inclusion (include_path='.;C:\php\pear') D:\WWW\food\ThinkPHP\Library\Think\Think.class.php 第 86 行.
INFO: [ app_init ] --START--
INFO: Run Behavior\BuildLiteBehavior [ RunTime:0.000020s ]
INFO: [ app_init ] --END-- [ RunTime:0.000109s ]
INFO: [ app_begin ] --START--
INFO: Run Behavior\ReadHtmlCacheBehavior [ RunTime:0.001049s ]
INFO: Run Behavior\CheckLangBehavior [ RunTime:0.000935s ]
INFO: [ app_begin ] --END-- [ RunTime:0.002110s ]
SQL: SHOW COLUMNS FROM `food_orderseat` [ RunTime:0.0328s ]
SQL: SELECT * FROM `food_orderseat`  [ RunTime:0.0006s ]
INFO: [ view_parse ] --START--
INFO: [ template_filter ] --START--
INFO: Run Behavior\ContentReplaceBehavior [ RunTime:0.000165s ]
INFO: [ template_filter ] --END-- [ RunTime:0.000238s ]
INFO: Run Behavior\ParseTemplateBehavior [ RunTime:0.031384s ]
INFO: [ view_parse ] --END-- [ RunTime:0.031477s ]
INFO: [ view_filter ] --START--
INFO: Run Behavior\WriteHtmlCacheBehavior [ RunTime:0.000513s ]
INFO: [ view_filter ] --END-- [ RunTime:0.000607s ]
INFO: [ app_end ] --START--
INFO: Run Behavior\ShowPageTraceBehavior [ RunTime:0.000827s ]
INFO: [ app_end ] --END-- [ RunTime:0.000907s ]

[ 2016-05-09T21:46:24+08:00 ] 127.0.0.1 /food/index.php/dcan.html
NOTIC: [2] include(D:\WWW\food\ThinkPHP/Lang/zh_cn.php): failed to open stream: No such file or directory D:\WWW\food\ThinkPHP\Library\Think\Think.class.php 第 86 行.
NOTIC: [2] include(D:\WWW\food\ThinkPHP/Lang/zh_cn.php): failed to open stream: No such file or directory D:\WWW\food\ThinkPHP\Library\Think\Think.class.php 第 86 行.
NOTIC: [2] include(): Failed opening 'D:\WWW\food\ThinkPHP/Lang/zh_cn.php' for inclusion (include_path='.;C:\php\pear') D:\WWW\food\ThinkPHP\Library\Think\Think.class.php 第 86 行.
INFO: [ app_init ] --START--
INFO: Run Behavior\BuildLiteBehavior [ RunTime:0.000019s ]
INFO: [ app_init ] --END-- [ RunTime:0.000094s ]
INFO: [ app_begin ] --START--
INFO: Run Behavior\ReadHtmlCacheBehavior [ RunTime:0.000994s ]
INFO: Run Behavior\CheckLangBehavior [ RunTime:0.001390s ]
INFO: [ app_begin ] --END-- [ RunTime:0.002612s ]
SQL: SHOW COLUMNS FROM `food_orderseat` [ RunTime:0.0355s ]
SQL: SELECT * FROM `food_orderseat`  [ RunTime:0.0005s ]
INFO: [ view_parse ] --START--
INFO: [ template_filter ] --START--
INFO: Run Behavior\ContentReplaceBehavior [ RunTime:0.000186s ]
INFO: [ template_filter ] --END-- [ RunTime:0.000274s ]
INFO: Run Behavior\ParseTemplateBehavior [ RunTime:0.018135s ]
INFO: [ view_parse ] --END-- [ RunTime:0.018228s ]
INFO: [ view_filter ] --START--
INFO: Run Behavior\WriteHtmlCacheBehavior [ RunTime:0.000418s ]
INFO: [ view_filter ] --END-- [ RunTime:0.000492s ]
INFO: [ app_end ] --START--
INFO: Run Behavior\ShowPageTraceBehavior [ RunTime:0.001213s ]
INFO: [ app_end ] --END-- [ RunTime:0.001313s ]

[ 2016-05-09T21:47:13+08:00 ] 127.0.0.1 /food/index.php/Home/Dcan/orderSeat
NOTIC: [2] include(D:\WWW\food\ThinkPHP/Lang/zh_cn.php): failed to open stream: No such file or directory D:\WWW\food\ThinkPHP\Library\Think\Think.class.php 第 86 行.
NOTIC: [2] include(D:\WWW\food\ThinkPHP/Lang/zh_cn.php): failed to open stream: No such file or directory D:\WWW\food\ThinkPHP\Library\Think\Think.class.php 第 86 行.
NOTIC: [2] include(): Failed opening 'D:\WWW\food\ThinkPHP/Lang/zh_cn.php' for inclusion (include_path='.;C:\php\pear') D:\WWW\food\ThinkPHP\Library\Think\Think.class.php 第 86 行.
INFO: [ app_init ] --START--
INFO: Run Behavior\BuildLiteBehavior [ RunTime:0.000021s ]
INFO: [ app_init ] --END-- [ RunTime:0.000119s ]
INFO: [ app_begin ] --START--
INFO: Run Behavior\ReadHtmlCacheBehavior [ RunTime:0.001416s ]
INFO: Run Behavior\CheckLangBehavior [ RunTime:0.001780s ]
INFO: [ app_begin ] --END-- [ RunTime:0.003518s ]
SQL: SHOW COLUMNS FROM `food_seat` [ RunTime:0.0177s ]
SQL: SELECT * FROM `food_seat`  [ RunTime:0.0009s ]
INFO: [ view_parse ] --START--
INFO: [ template_filter ] --START--
INFO: Run Behavior\ContentReplaceBehavior [ RunTime:0.000097s ]
INFO: [ template_filter ] --END-- [ RunTime:0.000168s ]
INFO: Run Behavior\ParseTemplateBehavior [ RunTime:0.012839s ]
INFO: [ view_parse ] --END-- [ RunTime:0.012917s ]
INFO: [ view_filter ] --START--
INFO: Run Behavior\WriteHtmlCacheBehavior [ RunTime:0.000472s ]
INFO: [ view_filter ] --END-- [ RunTime:0.000524s ]
INFO: [ app_end ] --START--
INFO: Run Behavior\ShowPageTraceBehavior [ RunTime:0.000866s ]
INFO: [ app_end ] --END-- [ RunTime:0.000929s ]

[ 2016-05-09T23:25:35+08:00 ] 127.0.0.1 /food/index.php/Home/Dcan/slist
NOTIC: [2] include(D:\WWW\food\ThinkPHP/Lang/zh_cn.php): failed to open stream: No such file or directory D:\WWW\food\ThinkPHP\Library\Think\Think.class.php 第 86 行.
NOTIC: [2] include(D:\WWW\food\ThinkPHP/Lang/zh_cn.php): failed to open stream: No such file or directory D:\WWW\food\ThinkPHP\Library\Think\Think.class.php 第 86 行.
NOTIC: [2] include(): Failed opening 'D:\WWW\food\ThinkPHP/Lang/zh_cn.php' for inclusion (include_path='.;C:\php\pear') D:\WWW\food\ThinkPHP\Library\Think\Think.class.php 第 86 行.
INFO: [ app_init ] --START--
INFO: Run Behavior\BuildLiteBehavior [ RunTime:0.000026s ]
INFO: [ app_init ] --END-- [ RunTime:0.000133s ]
INFO: [ app_begin ] --START--
INFO: Run Behavior\ReadHtmlCacheBehavior [ RunTime:0.000867s ]
INFO: Run Behavior\CheckLangBehavior [ RunTime:0.001288s ]
INFO: [ app_begin ] --END-- [ RunTime:0.002286s ]
SQL: SHOW COLUMNS FROM `food_orderseat` [ RunTime:0.0229s ]
SQL: SELECT * FROM `food_orderseat`  [ RunTime:0.0013s ]
INFO: [ view_parse ] --START--
INFO: [ template_filter ] --START--
INFO: Run Behavior\ContentReplaceBehavior [ RunTime:0.000244s ]
INFO: [ template_filter ] --END-- [ RunTime:0.000407s ]
INFO: Run Behavior\ParseTemplateBehavior [ RunTime:0.068162s ]
INFO: [ view_parse ] --END-- [ RunTime:0.068424s ]
INFO: [ view_filter ] --START--
INFO: Run Behavior\WriteHtmlCacheBehavior [ RunTime:0.000628s ]
INFO: [ view_filter ] --END-- [ RunTime:0.000702s ]
INFO: [ app_end ] --START--
INFO: Run Behavior\ShowPageTraceBehavior [ RunTime:0.001108s ]
INFO: [ app_end ] --END-- [ RunTime:0.001185s ]

[ 2016-05-09T23:26:33+08:00 ] 127.0.0.1 /food/index.php/Home/Dcan/slist
NOTIC: [2] include(D:\WWW\food\ThinkPHP/Lang/zh_cn.php): failed to open stream: No such file or directory D:\WWW\food\ThinkPHP\Library\Think\Think.class.php 第 86 行.
NOTIC: [2] include(D:\WWW\food\ThinkPHP/Lang/zh_cn.php): failed to open stream: No such file or directory D:\WWW\food\ThinkPHP\Library\Think\Think.class.php 第 86 行.
NOTIC: [2] include(): Failed opening 'D:\WWW\food\ThinkPHP/Lang/zh_cn.php' for inclusion (include_path='.;C:\php\pear') D:\WWW\food\ThinkPHP\Library\Think\Think.class.php 第 86 行.
INFO: [ app_init ] --START--
INFO: Run Behavior\BuildLiteBehavior [ RunTime:0.000019s ]
INFO: [ app_init ] --END-- [ RunTime:0.000100s ]
INFO: [ app_begin ] --START--
INFO: Run Behavior\ReadHtmlCacheBehavior [ RunTime:0.001463s ]
INFO: Run Behavior\CheckLangBehavior [ RunTime:0.001432s ]
INFO: [ app_begin ] --END-- [ RunTime:0.003007s ]
SQL: SHOW COLUMNS FROM `food_orderseat` [ RunTime:0.0169s ]
SQL: SELECT * FROM `food_orderseat`  [ RunTime:0.0014s ]
INFO: [ view_parse ] --START--
INFO: [ template_filter ] --START--
INFO: Run Behavior\ContentReplaceBehavior [ RunTime:0.000201s ]
INFO: [ template_filter ] --END-- [ RunTime:0.000344s ]
INFO: Run Behavior\ParseTemplateBehavior [ RunTime:0.369214s ]
INFO: [ view_parse ] --END-- [ RunTime:0.369492s ]
INFO: [ view_filter ] --START--
INFO: Run Behavior\WriteHtmlCacheBehavior [ RunTime:0.004626s ]
INFO: [ view_filter ] --END-- [ RunTime:0.004804s ]
INFO: [ app_end ] --START--
INFO: Run Behavior\ShowPageTraceBehavior [ RunTime:0.003519s ]
INFO: [ app_end ] --END-- [ RunTime:0.003673s ]

[ 2016-05-09T23:26:35+08:00 ] 127.0.0.1 /food/index.php/Home/Dcan/orderSeat
NOTIC: [2] include(D:\WWW\food\ThinkPHP/Lang/zh_cn.php): failed to open stream: No such file or directory D:\WWW\food\ThinkPHP\Library\Think\Think.class.php 第 86 行.
NOTIC: [2] include(D:\WWW\food\ThinkPHP/Lang/zh_cn.php): failed to open stream: No such file or directory D:\WWW\food\ThinkPHP\Library\Think\Think.class.php 第 86 行.
NOTIC: [2] include(): Failed opening 'D:\WWW\food\ThinkPHP/Lang/zh_cn.php' for inclusion (include_path='.;C:\php\pear') D:\WWW\food\ThinkPHP\Library\Think\Think.class.php 第 86 行.
INFO: [ app_init ] --START--
INFO: Run Behavior\BuildLiteBehavior [ RunTime:0.000034s ]
INFO: [ app_init ] --END-- [ RunTime:0.000164s ]
INFO: [ app_begin ] --START--
INFO: Run Behavior\ReadHtmlCacheBehavior [ RunTime:0.001561s ]
INFO: Run Behavior\CheckLangBehavior [ RunTime:0.001534s ]
INFO: [ app_begin ] --END-- [ RunTime:0.003263s ]
SQL: SHOW COLUMNS FROM `food_seat` [ RunTime:0.0197s ]
SQL: SELECT * FROM `food_seat`  [ RunTime:0.0015s ]
INFO: [ view_parse ] --START--
INFO: [ template_filter ] --START--
INFO: Run Behavior\ContentReplaceBehavior [ RunTime:0.000253s ]
INFO: [ template_filter ] --END-- [ RunTime:0.000424s ]
INFO: Run Behavior\ParseTemplateBehavior [ RunTime:0.034871s ]
INFO: [ view_parse ] --END-- [ RunTime:0.035040s ]
INFO: [ view_filter ] --START--
INFO: Run Behavior\WriteHtmlCacheBehavior [ RunTime:0.002398s ]
INFO: [ view_filter ] --END-- [ RunTime:0.002512s ]
INFO: [ app_end ] --START--
INFO: Run Behavior\ShowPageTraceBehavior [ RunTime:0.005408s ]
INFO: [ app_end ] --END-- [ RunTime:0.005631s ]

[ 2016-05-09T23:26:36+08:00 ] 127.0.0.1 /food/index.php/Home/Dcan/orderFood
NOTIC: [2] include(D:\WWW\food\ThinkPHP/Lang/zh_cn.php): failed to open stream: No such file or directory D:\WWW\food\ThinkPHP\Library\Think\Think.class.php 第 86 行.
NOTIC: [2] include(D:\WWW\food\ThinkPHP/Lang/zh_cn.php): failed to open stream: No such file or directory D:\WWW\food\ThinkPHP\Library\Think\Think.class.php 第 86 行.
NOTIC: [2] include(): Failed opening 'D:\WWW\food\ThinkPHP/Lang/zh_cn.php' for inclusion (include_path='.;C:\php\pear') D:\WWW\food\ThinkPHP\Library\Think\Think.class.php 第 86 行.
INFO: [ app_init ] --START--
INFO: Run Behavior\BuildLiteBehavior [ RunTime:0.000021s ]
INFO: [ app_init ] --END-- [ RunTime:0.000094s ]
INFO: [ app_begin ] --START--
INFO: Run Behavior\ReadHtmlCacheBehavior [ RunTime:0.001411s ]
INFO: Run Behavior\CheckLangBehavior [ RunTime:0.001986s ]
INFO: [ app_begin ] --END-- [ RunTime:0.003518s ]
INFO: [ view_parse ] --START--
INFO: [ template_filter ] --START--
INFO: Run Behavior\ContentReplaceBehavior [ RunTime:0.000054s ]
INFO: [ template_filter ] --END-- [ RunTime:0.000124s ]
INFO: Run Behavior\ParseTemplateBehavior [ RunTime:0.066840s ]
INFO: [ view_parse ] --END-- [ RunTime:0.066932s ]
INFO: [ view_filter ] --START--
INFO: Run Behavior\WriteHtmlCacheBehavior [ RunTime:0.001098s ]
INFO: [ view_filter ] --END-- [ RunTime:0.001165s ]
INFO: [ app_end ] --START--
INFO: Run Behavior\ShowPageTraceBehavior [ RunTime:0.001461s ]
INFO: [ app_end ] --END-- [ RunTime:0.001515s ]

[ 2016-05-09T23:26:39+08:00 ] 127.0.0.1 /food/index.php/Home/Dcan/orderSeat
NOTIC: [2] include(D:\WWW\food\ThinkPHP/Lang/zh_cn.php): failed to open stream: No such file or directory D:\WWW\food\ThinkPHP\Library\Think\Think.class.php 第 86 行.
NOTIC: [2] include(D:\WWW\food\ThinkPHP/Lang/zh_cn.php): failed to open stream: No such file or directory D:\WWW\food\ThinkPHP\Library\Think\Think.class.php 第 86 行.
NOTIC: [2] include(): Failed opening 'D:\WWW\food\ThinkPHP/Lang/zh_cn.php' for inclusion (include_path='.;C:\php\pear') D:\WWW\food\ThinkPHP\Library\Think\Think.class.php 第 86 行.
INFO: [ app_init ] --START--
INFO: Run Behavior\BuildLiteBehavior [ RunTime:0.000020s ]
INFO: [ app_init ] --END-- [ RunTime:0.000094s ]
INFO: [ app_begin ] --START--
INFO: Run Behavior\ReadHtmlCacheBehavior [ RunTime:0.001530s ]
INFO: Run Behavior\CheckLangBehavior [ RunTime:0.001814s ]
INFO: [ app_begin ] --END-- [ RunTime:0.003568s ]
SQL: SHOW COLUMNS FROM `food_seat` [ RunTime:0.0165s ]
SQL: SELECT * FROM `food_seat`  [ RunTime:0.0011s ]
INFO: [ view_parse ] --START--
INFO: [ template_filter ] --START--
INFO: Run Behavior\ContentReplaceBehavior [ RunTime:0.000239s ]
INFO: [ template_filter ] --END-- [ RunTime:0.000424s ]
INFO: Run Behavior\ParseTemplateBehavior [ RunTime:0.036326s ]
INFO: [ view_parse ] --END-- [ RunTime:0.036516s ]
INFO: [ view_filter ] --START--
INFO: Run Behavior\WriteHtmlCacheBehavior [ RunTime:0.002954s ]
INFO: [ view_filter ] --END-- [ RunTime:0.003089s ]
INFO: [ app_end ] --START--
INFO: Run Behavior\ShowPageTraceBehavior [ RunTime:0.004311s ]
INFO: [ app_end ] --END-- [ RunTime:0.004479s ]

[ 2016-05-09T23:26:41+08:00 ] 127.0.0.1 /food/index.php/Home/Dcan/slist
NOTIC: [2] include(D:\WWW\food\ThinkPHP/Lang/zh_cn.php): failed to open stream: No such file or directory D:\WWW\food\ThinkPHP\Library\Think\Think.class.php 第 86 行.
NOTIC: [2] include(D:\WWW\food\ThinkPHP/Lang/zh_cn.php): failed to open stream: No such file or directory D:\WWW\food\ThinkPHP\Library\Think\Think.class.php 第 86 行.
NOTIC: [2] include(): Failed opening 'D:\WWW\food\ThinkPHP/Lang/zh_cn.php' for inclusion (include_path='.;C:\php\pear') D:\WWW\food\ThinkPHP\Library\Think\Think.class.php 第 86 行.
INFO: [ app_init ] --START--
INFO: Run Behavior\BuildLiteBehavior [ RunTime:0.000051s ]
INFO: [ app_init ] --END-- [ RunTime:0.000295s ]
INFO: [ app_begin ] --START--
INFO: Run Behavior\ReadHtmlCacheBehavior [ RunTime:0.001566s ]
INFO: Run Behavior\CheckLangBehavior [ RunTime:0.001441s ]
INFO: [ app_begin ] --END-- [ RunTime:0.003131s ]
SQL: SHOW COLUMNS FROM `food_orderseat` [ RunTime:0.0191s ]
SQL: SELECT * FROM `food_orderseat`  [ RunTime:0.0012s ]
INFO: [ view_parse ] --START--
INFO: [ template_filter ] --START--
INFO: Run Behavior\ContentReplaceBehavior [ RunTime:0.000196s ]
INFO: [ template_filter ] --END-- [ RunTime:0.000337s ]
INFO: Run Behavior\ParseTemplateBehavior [ RunTime:0.037750s ]
INFO: [ view_parse ] --END-- [ RunTime:0.037935s ]
INFO: [ view_filter ] --START--
INFO: Run Behavior\WriteHtmlCacheBehavior [ RunTime:0.001743s ]
INFO: [ view_filter ] --END-- [ RunTime:0.001829s ]
INFO: [ app_end ] --START--
INFO: Run Behavior\ShowPageTraceBehavior [ RunTime:0.001971s ]
INFO: [ app_end ] --END-- [ RunTime:0.002048s ]

[ 2016-05-09T23:26:52+08:00 ] 127.0.0.1 /food/index.php/Home/Dcan/orderFood
NOTIC: [2] include(D:\WWW\food\ThinkPHP/Lang/zh_cn.php): failed to open stream: No such file or directory D:\WWW\food\ThinkPHP\Library\Think\Think.class.php 第 86 行.
NOTIC: [2] include(D:\WWW\food\ThinkPHP/Lang/zh_cn.php): failed to open stream: No such file or directory D:\WWW\food\ThinkPHP\Library\Think\Think.class.php 第 86 行.
NOTIC: [2] include(): Failed opening 'D:\WWW\food\ThinkPHP/Lang/zh_cn.php' for inclusion (include_path='.;C:\php\pear') D:\WWW\food\ThinkPHP\Library\Think\Think.class.php 第 86 行.
INFO: [ app_init ] --START--
INFO: Run Behavior\BuildLiteBehavior [ RunTime:0.000020s ]
INFO: [ app_init ] --END-- [ RunTime:0.000098s ]
INFO: [ app_begin ] --START--
INFO: Run Behavior\ReadHtmlCacheBehavior [ RunTime:0.001567s ]
INFO: Run Behavior\CheckLangBehavior [ RunTime:0.001487s ]
INFO: [ app_begin ] --END-- [ RunTime:0.003177s ]
INFO: [ view_parse ] --START--
INFO: [ template_filter ] --START--
INFO: Run Behavior\ContentReplaceBehavior [ RunTime:0.000060s ]
INFO: [ template_filter ] --END-- [ RunTime:0.000140s ]
INFO: Run Behavior\ParseTemplateBehavior [ RunTime:0.011696s ]
INFO: [ view_parse ] --END-- [ RunTime:0.011772s ]
INFO: [ view_filter ] --START--
INFO: Run Behavior\WriteHtmlCacheBehavior [ RunTime:0.001111s ]
INFO: [ view_filter ] --END-- [ RunTime:0.001166s ]
INFO: [ app_end ] --START--
INFO: Run Behavior\ShowPageTraceBehavior [ RunTime:0.001441s ]
INFO: [ app_end ] --END-- [ RunTime:0.001496s ]

[ 2016-05-09T23:26:55+08:00 ] 127.0.0.1 /food/index.php/Home/Dcan/orderSeat
NOTIC: [2] include(D:\WWW\food\ThinkPHP/Lang/zh_cn.php): failed to open stream: No such file or directory D:\WWW\food\ThinkPHP\Library\Think\Think.class.php 第 86 行.
NOTIC: [2] include(D:\WWW\food\ThinkPHP/Lang/zh_cn.php): failed to open stream: No such file or directory D:\WWW\food\ThinkPHP\Library\Think\Think.class.php 第 86 行.
NOTIC: [2] include(): Failed opening 'D:\WWW\food\ThinkPHP/Lang/zh_cn.php' for inclusion (include_path='.;C:\php\pear') D:\WWW\food\ThinkPHP\Library\Think\Think.class.php 第 86 行.
INFO: [ app_init ] --START--
INFO: Run Behavior\BuildLiteBehavior [ RunTime:0.000020s ]
INFO: [ app_init ] --END-- [ RunTime:0.000094s ]
INFO: [ app_begin ] --START--
INFO: Run Behavior\ReadHtmlCacheBehavior [ RunTime:0.002419s ]
INFO: Run Behavior\CheckLangBehavior [ RunTime:0.001544s ]
INFO: [ app_begin ] --END-- [ RunTime:0.004136s ]
SQL: SHOW COLUMNS FROM `food_seat` [ RunTime:0.0248s ]
SQL: SELECT * FROM `food_seat`  [ RunTime:0.0012s ]
INFO: [ view_parse ] --START--
INFO: [ template_filter ] --START--
INFO: Run Behavior\ContentReplaceBehavior [ RunTime:0.000214s ]
INFO: [ template_filter ] --END-- [ RunTime:0.000369s ]
INFO: Run Behavior\ParseTemplateBehavior [ RunTime:0.035392s ]
INFO: [ view_parse ] --END-- [ RunTime:0.035565s ]
INFO: [ view_filter ] --START--
INFO: Run Behavior\WriteHtmlCacheBehavior [ RunTime:0.002410s ]
INFO: [ view_filter ] --END-- [ RunTime:0.002524s ]
INFO: [ app_end ] --START--
INFO: Run Behavior\ShowPageTraceBehavior [ RunTime:0.007474s ]
INFO: [ app_end ] --END-- [ RunTime:0.007671s ]

[ 2016-05-09T23:26:56+08:00 ] 127.0.0.1 /food/index.php/Home/Dcan/orderFood
NOTIC: [2] include(D:\WWW\food\ThinkPHP/Lang/zh_cn.php): failed to open stream: No such file or directory D:\WWW\food\ThinkPHP\Library\Think\Think.class.php 第 86 行.
NOTIC: [2] include(D:\WWW\food\ThinkPHP/Lang/zh_cn.php): failed to open stream: No such file or directory D:\WWW\food\ThinkPHP\Library\Think\Think.class.php 第 86 行.
NOTIC: [2] include(): Failed opening 'D:\WWW\food\ThinkPHP/Lang/zh_cn.php' for inclusion (include_path='.;C:\php\pear') D:\WWW\food\ThinkPHP\Library\Think\Think.class.php 第 86 行.
INFO: [ app_init ] --START--
INFO: Run Behavior\BuildLiteBehavior [ RunTime:0.000020s ]
INFO: [ app_init ] --END-- [ RunTime:0.000103s ]
INFO: [ app_begin ] --START--
INFO: Run Behavior\ReadHtmlCacheBehavior [ RunTime:0.001467s ]
INFO: Run Behavior\CheckLangBehavior [ RunTime:0.001496s ]
INFO: [ app_begin ] --END-- [ RunTime:0.003075s ]
INFO: [ view_parse ] --START--
INFO: [ template_filter ] --START--
INFO: Run Behavior\ContentReplaceBehavior [ RunTime:0.000060s ]
INFO: [ template_filter ] --END-- [ RunTime:0.000143s ]
INFO: Run Behavior\ParseTemplateBehavior [ RunTime:0.015400s ]
INFO: [ view_parse ] --END-- [ RunTime:0.015490s ]
INFO: [ view_filter ] --START--
INFO: Run Behavior\WriteHtmlCacheBehavior [ RunTime:0.001118s ]
INFO: [ view_filter ] --END-- [ RunTime:0.001187s ]
INFO: [ app_end ] --START--
INFO: Run Behavior\ShowPageTraceBehavior [ RunTime:0.001612s ]
INFO: [ app_end ] --END-- [ RunTime:0.001694s ]

[ 2016-05-09T23:45:40+08:00 ] 127.0.0.1 /food/index.php/Home/Dcan/orderFood
NOTIC: [2] include(D:\WWW\food\ThinkPHP/Lang/zh_cn.php): failed to open stream: No such file or directory D:\WWW\food\ThinkPHP\Library\Think\Think.class.php 第 86 行.
NOTIC: [2] include(D:\WWW\food\ThinkPHP/Lang/zh_cn.php): failed to open stream: No such file or directory D:\WWW\food\ThinkPHP\Library\Think\Think.class.php 第 86 行.
NOTIC: [2] include(): Failed opening 'D:\WWW\food\ThinkPHP/Lang/zh_cn.php' for inclusion (include_path='.;C:\php\pear') D:\WWW\food\ThinkPHP\Library\Think\Think.class.php 第 86 行.
INFO: [ app_init ] --START--
INFO: Run Behavior\BuildLiteBehavior [ RunTime:0.000020s ]
INFO: [ app_init ] --END-- [ RunTime:0.000106s ]
INFO: [ app_begin ] --START--
INFO: Run Behavior\ReadHtmlCacheBehavior [ RunTime:0.000925s ]
INFO: Run Behavior\CheckLangBehavior [ RunTime:0.000872s ]
INFO: [ app_begin ] --END-- [ RunTime:0.001930s ]
INFO: [ view_parse ] --START--
INFO: [ template_filter ] --START--
INFO: Run Behavior\ContentReplaceBehavior [ RunTime:0.000073s ]
INFO: [ template_filter ] --END-- [ RunTime:0.000158s ]
INFO: Run Behavior\ParseTemplateBehavior [ RunTime:0.023196s ]
INFO: [ view_parse ] --END-- [ RunTime:0.023306s ]
INFO: [ view_filter ] --START--
INFO: Run Behavior\WriteHtmlCacheBehavior [ RunTime:0.000524s ]
INFO: [ view_filter ] --END-- [ RunTime:0.000594s ]
INFO: [ app_end ] --START--
INFO: Run Behavior\ShowPageTraceBehavior [ RunTime:0.000819s ]
INFO: [ app_end ] --END-- [ RunTime:0.000872s ]

[ 2016-05-09T23:45:48+08:00 ] 127.0.0.1 /food/Public/Static/images/rest1.jpg;/tp/Public/Static/images/rest2.jpg
NOTIC: [2] include(D:\WWW\food\ThinkPHP/Lang/zh_cn.php): failed to open stream: No such file or directory D:\WWW\food\ThinkPHP\Library\Think\Think.class.php 第 86 行.
NOTIC: [2] include(D:\WWW\food\ThinkPHP/Lang/zh_cn.php): failed to open stream: No such file or directory D:\WWW\food\ThinkPHP\Library\Think\Think.class.php 第 86 行.
NOTIC: [2] include(): Failed opening 'D:\WWW\food\ThinkPHP/Lang/zh_cn.php' for inclusion (include_path='.;C:\php\pear') D:\WWW\food\ThinkPHP\Library\Think\Think.class.php 第 86 行.
INFO: [ app_init ] --START--
INFO: Run Behavior\BuildLiteBehavior [ RunTime:0.000030s ]
INFO: [ app_init ] --END-- [ RunTime:0.000148s ]

[ 2016-05-09T23:50:01+08:00 ] 127.0.0.1 /food/index.php/Home/
NOTIC: [2] include(D:\WWW\food\ThinkPHP/Lang/zh_cn.php): failed to open stream: No such file or directory D:\WWW\food\ThinkPHP\Library\Think\Think.class.php 第 86 行.
NOTIC: [2] include(D:\WWW\food\ThinkPHP/Lang/zh_cn.php): failed to open stream: No such file or directory D:\WWW\food\ThinkPHP\Library\Think\Think.class.php 第 86 行.
NOTIC: [2] include(): Failed opening 'D:\WWW\food\ThinkPHP/Lang/zh_cn.php' for inclusion (include_path='.;C:\php\pear') D:\WWW\food\ThinkPHP\Library\Think\Think.class.php 第 86 行.
INFO: [ app_init ] --START--
INFO: Run Behavior\BuildLiteBehavior [ RunTime:0.000021s ]
INFO: [ app_init ] --END-- [ RunTime:0.000095s ]
INFO: [ app_begin ] --START--
INFO: Run Behavior\ReadHtmlCacheBehavior [ RunTime:0.000780s ]
INFO: Run Behavior\CheckLangBehavior [ RunTime:0.000792s ]
INFO: [ app_begin ] --END-- [ RunTime:0.001682s ]
INFO: [ view_parse ] --START--
INFO: [ template_filter ] --START--
INFO: Run Behavior\ContentReplaceBehavior [ RunTime:0.000126s ]
INFO: [ template_filter ] --END-- [ RunTime:0.000206s ]
INFO: Run Behavior\ParseTemplateBehavior [ RunTime:0.012140s ]
INFO: [ view_parse ] --END-- [ RunTime:0.012225s ]
INFO: [ view_filter ] --START--
INFO: Run Behavior\WriteHtmlCacheBehavior [ RunTime:0.000428s ]
INFO: [ view_filter ] --END-- [ RunTime:0.000484s ]
INFO: [ app_end ] --START--
INFO: Run Behavior\ShowPageTraceBehavior [ RunTime:0.000800s ]
INFO: [ app_end ] --END-- [ RunTime:0.000857s ]

[ 2016-05-09T23:50:03+08:00 ] 127.0.0.1 /food/index.php/dcan.html
NOTIC: [2] include(D:\WWW\food\ThinkPHP/Lang/zh_cn.php): failed to open stream: No such file or directory D:\WWW\food\ThinkPHP\Library\Think\Think.class.php 第 86 行.
NOTIC: [2] include(D:\WWW\food\ThinkPHP/Lang/zh_cn.php): failed to open stream: No such file or directory D:\WWW\food\ThinkPHP\Library\Think\Think.class.php 第 86 行.
NOTIC: [2] include(): Failed opening 'D:\WWW\food\ThinkPHP/Lang/zh_cn.php' for inclusion (include_path='.;C:\php\pear') D:\WWW\food\ThinkPHP\Library\Think\Think.class.php 第 86 行.
INFO: [ app_init ] --START--
INFO: Run Behavior\BuildLiteBehavior [ RunTime:0.000020s ]
INFO: [ app_init ] --END-- [ RunTime:0.000116s ]
INFO: [ app_begin ] --START--
INFO: Run Behavior\ReadHtmlCacheBehavior [ RunTime:0.000743s ]
INFO: Run Behavior\CheckLangBehavior [ RunTime:0.000717s ]
INFO: [ app_begin ] --END-- [ RunTime:0.001568s ]
SQL: SHOW COLUMNS FROM `food_orderseat` [ RunTime:0.0220s ]
SQL: SELECT * FROM `food_orderseat`  [ RunTime:0.0015s ]
INFO: [ view_parse ] --START--
INFO: [ template_filter ] --START--
INFO: Run Behavior\ContentReplaceBehavior [ RunTime:0.000360s ]
INFO: [ template_filter ] --END-- [ RunTime:0.000591s ]
INFO: Run Behavior\ParseTemplateBehavior [ RunTime:0.033284s ]
INFO: [ view_parse ] --END-- [ RunTime:0.033451s ]
INFO: [ view_filter ] --START--
INFO: Run Behavior\WriteHtmlCacheBehavior [ RunTime:0.000507s ]
INFO: [ view_filter ] --END-- [ RunTime:0.000589s ]
INFO: [ app_end ] --START--
INFO: Run Behavior\ShowPageTraceBehavior [ RunTime:0.001059s ]
INFO: [ app_end ] --END-- [ RunTime:0.001173s ]

[ 2016-05-09T23:50:05+08:00 ] 127.0.0.1 /food/index.php/Home/Dcan/orderFood
NOTIC: [2] include(D:\WWW\food\ThinkPHP/Lang/zh_cn.php): failed to open stream: No such file or directory D:\WWW\food\ThinkPHP\Library\Think\Think.class.php 第 86 行.
NOTIC: [2] include(D:\WWW\food\ThinkPHP/Lang/zh_cn.php): failed to open stream: No such file or directory D:\WWW\food\ThinkPHP\Library\Think\Think.class.php 第 86 行.
NOTIC: [2] include(): Failed opening 'D:\WWW\food\ThinkPHP/Lang/zh_cn.php' for inclusion (include_path='.;C:\php\pear') D:\WWW\food\ThinkPHP\Library\Think\Think.class.php 第 86 行.
INFO: [ app_init ] --START--
INFO: Run Behavior\BuildLiteBehavior [ RunTime:0.000020s ]
INFO: [ app_init ] --END-- [ RunTime:0.000100s ]
INFO: [ app_begin ] --START--
INFO: Run Behavior\ReadHtmlCacheBehavior [ RunTime:0.000907s ]
INFO: Run Behavior\CheckLangBehavior [ RunTime:0.004373s ]
INFO: [ app_begin ] --END-- [ RunTime:0.005540s ]
SQL: SHOW COLUMNS FROM `food_caipu` [ RunTime:0.0185s ]
SQL: SHOW COLUMNS FROM `food_cat` [ RunTime:0.0167s ]
SQL: SELECT caipu.id,caipu.Cname,cat.name,caipu.sold,caipu.monthsold,caipu.Cstatus FROM `food_caipu` as caipu left join food_cat as cat on cat.id = caipu.catid  WHERE ( 1 )  [ RunTime:0.0022s ]
INFO: [ view_parse ] --START--
INFO: [ template_filter ] --START--
INFO: Run Behavior\ContentReplaceBehavior [ RunTime:0.000196s ]
INFO: [ template_filter ] --END-- [ RunTime:0.000450s ]
INFO: Run Behavior\ParseTemplateBehavior [ RunTime:0.026193s ]
INFO: [ view_parse ] --END-- [ RunTime:0.026396s ]
INFO: [ view_filter ] --START--
INFO: Run Behavior\WriteHtmlCacheBehavior [ RunTime:0.000726s ]
INFO: [ view_filter ] --END-- [ RunTime:0.000843s ]
INFO: [ app_end ] --START--
INFO: Run Behavior\ShowPageTraceBehavior [ RunTime:0.001556s ]
INFO: [ app_end ] --END-- [ RunTime:0.001697s ]

[ 2016-05-09T23:50:28+08:00 ] 127.0.0.1 /food/Public/Static/images/rest1.jpg;/tp/Public/Static/images/rest2.jpg
NOTIC: [2] include(D:\WWW\food\ThinkPHP/Lang/zh_cn.php): failed to open stream: No such file or directory D:\WWW\food\ThinkPHP\Library\Think\Think.class.php 第 86 行.
NOTIC: [2] include(D:\WWW\food\ThinkPHP/Lang/zh_cn.php): failed to open stream: No such file or directory D:\WWW\food\ThinkPHP\Library\Think\Think.class.php 第 86 行.
NOTIC: [2] include(): Failed opening 'D:\WWW\food\ThinkPHP/Lang/zh_cn.php' for inclusion (include_path='.;C:\php\pear') D:\WWW\food\ThinkPHP\Library\Think\Think.class.php 第 86 行.
INFO: [ app_init ] --START--
INFO: Run Behavior\BuildLiteBehavior [ RunTime:0.000019s ]
INFO: [ app_init ] --END-- [ RunTime:0.000091s ]

[ 2016-05-09T23:50:42+08:00 ] 127.0.0.1 /food/index.php/Home/
NOTIC: [2] include(D:\WWW\food\ThinkPHP/Lang/zh_cn.php): failed to open stream: No such file or directory D:\WWW\food\ThinkPHP\Library\Think\Think.class.php 第 86 行.
NOTIC: [2] include(D:\WWW\food\ThinkPHP/Lang/zh_cn.php): failed to open stream: No such file or directory D:\WWW\food\ThinkPHP\Library\Think\Think.class.php 第 86 行.
NOTIC: [2] include(): Failed opening 'D:\WWW\food\ThinkPHP/Lang/zh_cn.php' for inclusion (include_path='.;C:\php\pear') D:\WWW\food\ThinkPHP\Library\Think\Think.class.php 第 86 行.
INFO: [ app_init ] --START--
INFO: Run Behavior\BuildLiteBehavior [ RunTime:0.000018s ]
INFO: [ app_init ] --END-- [ RunTime:0.000089s ]
INFO: [ app_begin ] --START--
INFO: Run Behavior\ReadHtmlCacheBehavior [ RunTime:0.000718s ]
INFO: Run Behavior\CheckLangBehavior [ RunTime:0.000692s ]
INFO: [ app_begin ] --END-- [ RunTime:0.001527s ]
INFO: [ view_parse ] --START--
INFO: [ template_filter ] --START--
INFO: Run Behavior\ContentReplaceBehavior [ RunTime:0.000092s ]
INFO: [ template_filter ] --END-- [ RunTime:0.000167s ]
INFO: Run Behavior\ParseTemplateBehavior [ RunTime:0.010132s ]
INFO: [ view_parse ] --END-- [ RunTime:0.010212s ]
INFO: [ view_filter ] --START--
INFO: Run Behavior\WriteHtmlCacheBehavior [ RunTime:0.000350s ]
INFO: [ view_filter ] --END-- [ RunTime:0.000405s ]
INFO: [ app_end ] --START--
INFO: Run Behavior\ShowPageTraceBehavior [ RunTime:0.000707s ]
INFO: [ app_end ] --END-- [ RunTime:0.000761s ]

[ 2016-05-09T23:50:45+08:00 ] 127.0.0.1 /food/index.php/dcan.html
NOTIC: [2] include(D:\WWW\food\ThinkPHP/Lang/zh_cn.php): failed to open stream: No such file or directory D:\WWW\food\ThinkPHP\Library\Think\Think.class.php 第 86 行.
NOTIC: [2] include(D:\WWW\food\ThinkPHP/Lang/zh_cn.php): failed to open stream: No such file or directory D:\WWW\food\ThinkPHP\Library\Think\Think.class.php 第 86 行.
NOTIC: [2] include(): Failed opening 'D:\WWW\food\ThinkPHP/Lang/zh_cn.php' for inclusion (include_path='.;C:\php\pear') D:\WWW\food\ThinkPHP\Library\Think\Think.class.php 第 86 行.
INFO: [ app_init ] --START--
INFO: Run Behavior\BuildLiteBehavior [ RunTime:0.000019s ]
INFO: [ app_init ] --END-- [ RunTime:0.000090s ]
INFO: [ app_begin ] --START--
INFO: Run Behavior\ReadHtmlCacheBehavior [ RunTime:0.000682s ]
INFO: Run Behavior\CheckLangBehavior [ RunTime:0.000719s ]
INFO: [ app_begin ] --END-- [ RunTime:0.001511s ]
SQL: SHOW COLUMNS FROM `food_orderseat` [ RunTime:0.0175s ]
SQL: SELECT * FROM `food_orderseat`  [ RunTime:0.0015s ]
INFO: [ view_parse ] --START--
INFO: [ template_filter ] --START--
INFO: Run Behavior\ContentReplaceBehavior [ RunTime:0.000297s ]
INFO: [ template_filter ] --END-- [ RunTime:0.000424s ]
INFO: Run Behavior\ParseTemplateBehavior [ RunTime:0.034238s ]
INFO: [ view_parse ] --END-- [ RunTime:0.034406s ]
INFO: [ view_filter ] --START--
INFO: Run Behavior\WriteHtmlCacheBehavior [ RunTime:0.000494s ]
INFO: [ view_filter ] --END-- [ RunTime:0.000570s ]
INFO: [ app_end ] --START--
INFO: Run Behavior\ShowPageTraceBehavior [ RunTime:0.001274s ]
INFO: [ app_end ] --END-- [ RunTime:0.001408s ]

[ 2016-05-09T23:50:46+08:00 ] 127.0.0.1 /food/index.php/order.html
NOTIC: [2] include(D:\WWW\food\ThinkPHP/Lang/zh_cn.php): failed to open stream: No such file or directory D:\WWW\food\ThinkPHP\Library\Think\Think.class.php 第 86 行.
NOTIC: [2] include(D:\WWW\food\ThinkPHP/Lang/zh_cn.php): failed to open stream: No such file or directory D:\WWW\food\ThinkPHP\Library\Think\Think.class.php 第 86 行.
NOTIC: [2] include(): Failed opening 'D:\WWW\food\ThinkPHP/Lang/zh_cn.php' for inclusion (include_path='.;C:\php\pear') D:\WWW\food\ThinkPHP\Library\Think\Think.class.php 第 86 行.
INFO: [ app_init ] --START--
INFO: Run Behavior\BuildLiteBehavior [ RunTime:0.000020s ]
INFO: [ app_init ] --END-- [ RunTime:0.000091s ]
INFO: [ app_begin ] --START--
INFO: Run Behavior\ReadHtmlCacheBehavior [ RunTime:0.000988s ]
INFO: Run Behavior\CheckLangBehavior [ RunTime:0.001032s ]
INFO: [ app_begin ] --END-- [ RunTime:0.002177s ]
INFO: [ view_parse ] --START--
INFO: [ template_filter ] --START--
INFO: Run Behavior\ContentReplaceBehavior [ RunTime:0.000305s ]
INFO: [ template_filter ] --END-- [ RunTime:0.000459s ]
INFO: Run Behavior\ParseTemplateBehavior [ RunTime:0.084454s ]
INFO: [ view_parse ] --END-- [ RunTime:0.084584s ]
INFO: [ view_filter ] --START--
INFO: Run Behavior\WriteHtmlCacheBehavior [ RunTime:0.000712s ]
INFO: [ view_filter ] --END-- [ RunTime:0.000834s ]
INFO: [ app_end ] --START--
INFO: Run Behavior\ShowPageTraceBehavior [ RunTime:0.001627s ]
INFO: [ app_end ] --END-- [ RunTime:0.001766s ]

[ 2016-05-09T23:50:48+08:00 ] 127.0.0.1 /food/index.php/dcan.html
NOTIC: [2] include(D:\WWW\food\ThinkPHP/Lang/zh_cn.php): failed to open stream: No such file or directory D:\WWW\food\ThinkPHP\Library\Think\Think.class.php 第 86 行.
NOTIC: [2] include(D:\WWW\food\ThinkPHP/Lang/zh_cn.php): failed to open stream: No such file or directory D:\WWW\food\ThinkPHP\Library\Think\Think.class.php 第 86 行.
NOTIC: [2] include(): Failed opening 'D:\WWW\food\ThinkPHP/Lang/zh_cn.php' for inclusion (include_path='.;C:\php\pear') D:\WWW\food\ThinkPHP\Library\Think\Think.class.php 第 86 行.
INFO: [ app_init ] --START--
INFO: Run Behavior\BuildLiteBehavior [ RunTime:0.000019s ]
INFO: [ app_init ] --END-- [ RunTime:0.000090s ]
INFO: [ app_begin ] --START--
INFO: Run Behavior\ReadHtmlCacheBehavior [ RunTime:0.001270s ]
INFO: Run Behavior\CheckLangBehavior [ RunTime:0.001104s ]
INFO: [ app_begin ] --END-- [ RunTime:0.002640s ]
SQL: SHOW COLUMNS FROM `food_orderseat` [ RunTime:0.0185s ]
SQL: SELECT * FROM `food_orderseat`  [ RunTime:0.0011s ]
INFO: [ view_parse ] --START--
INFO: [ template_filter ] --START--
INFO: Run Behavior\ContentReplaceBehavior [ RunTime:0.000227s ]
INFO: [ template_filter ] --END-- [ RunTime:0.000339s ]
INFO: Run Behavior\ParseTemplateBehavior [ RunTime:0.030668s ]
INFO: [ view_parse ] --END-- [ RunTime:0.030799s ]
INFO: [ view_filter ] --START--
INFO: Run Behavior\WriteHtmlCacheBehavior [ RunTime:0.000641s ]
INFO: [ view_filter ] --END-- [ RunTime:0.000805s ]
INFO: [ app_end ] --START--
INFO: Run Behavior\ShowPageTraceBehavior [ RunTime:0.001426s ]
INFO: [ app_end ] --END-- [ RunTime:0.001566s ]

[ 2016-05-09T23:50:51+08:00 ] 127.0.0.1 /food/index.php/Home/Dcan/orderFood
NOTIC: [2] include(D:\WWW\food\ThinkPHP/Lang/zh_cn.php): failed to open stream: No such file or directory D:\WWW\food\ThinkPHP\Library\Think\Think.class.php 第 86 行.
NOTIC: [2] include(D:\WWW\food\ThinkPHP/Lang/zh_cn.php): failed to open stream: No such file or directory D:\WWW\food\ThinkPHP\Library\Think\Think.class.php 第 86 行.
NOTIC: [2] include(): Failed opening 'D:\WWW\food\ThinkPHP/Lang/zh_cn.php' for inclusion (include_path='.;C:\php\pear') D:\WWW\food\ThinkPHP\Library\Think\Think.class.php 第 86 行.
INFO: [ app_init ] --START--
INFO: Run Behavior\BuildLiteBehavior [ RunTime:0.000020s ]
INFO: [ app_init ] --END-- [ RunTime:0.000096s ]
INFO: [ app_begin ] --START--
INFO: Run Behavior\ReadHtmlCacheBehavior [ RunTime:0.001351s ]
INFO: Run Behavior\CheckLangBehavior [ RunTime:0.001607s ]
INFO: [ app_begin ] --END-- [ RunTime:0.003183s ]
SQL: SHOW COLUMNS FROM `food_caipu` [ RunTime:0.0199s ]
SQL: SHOW COLUMNS FROM `food_cat` [ RunTime:0.0180s ]
SQL: SELECT caipu.id,caipu.Cname,cat.name,caipu.sold,caipu.monthsold,caipu.Cstatus FROM `food_caipu` as caipu left join food_cat as cat on cat.id = caipu.catid  WHERE ( 1 )  [ RunTime:0.0020s ]
INFO: [ view_parse ] --START--
INFO: [ template_filter ] --START--
INFO: Run Behavior\ContentReplaceBehavior [ RunTime:0.000144s ]
INFO: [ template_filter ] --END-- [ RunTime:0.000347s ]
INFO: Run Behavior\ParseTemplateBehavior [ RunTime:0.023757s ]
INFO: [ view_parse ] --END-- [ RunTime:0.023978s ]
INFO: [ view_filter ] --START--
INFO: Run Behavior\WriteHtmlCacheBehavior [ RunTime:0.000800s ]
INFO: [ view_filter ] --END-- [ RunTime:0.000983s ]
INFO: [ app_end ] --START--
INFO: Run Behavior\ShowPageTraceBehavior [ RunTime:0.001942s ]
INFO: [ app_end ] --END-- [ RunTime:0.002101s ]

[ 2016-05-09T23:58:17+08:00 ] 127.0.0.1 /food/index.php/dcan.html
NOTIC: [2] include(D:\WWW\food\ThinkPHP/Lang/zh_cn.php): failed to open stream: No such file or directory D:\WWW\food\ThinkPHP\Library\Think\Think.class.php 第 86 行.
NOTIC: [2] include(D:\WWW\food\ThinkPHP/Lang/zh_cn.php): failed to open stream: No such file or directory D:\WWW\food\ThinkPHP\Library\Think\Think.class.php 第 86 行.
NOTIC: [2] include(): Failed opening 'D:\WWW\food\ThinkPHP/Lang/zh_cn.php' for inclusion (include_path='.;C:\php\pear') D:\WWW\food\ThinkPHP\Library\Think\Think.class.php 第 86 行.
INFO: [ app_init ] --START--
INFO: Run Behavior\BuildLiteBehavior [ RunTime:0.000020s ]
INFO: [ app_init ] --END-- [ RunTime:0.000109s ]
INFO: [ app_begin ] --START--
INFO: Run Behavior\ReadHtmlCacheBehavior [ RunTime:0.000987s ]
INFO: Run Behavior\CheckLangBehavior [ RunTime:0.001639s ]
INFO: [ app_begin ] --END-- [ RunTime:0.002794s ]
SQL: SHOW COLUMNS FROM `food_orderseat` [ RunTime:0.0218s ]
SQL: SELECT * FROM `food_orderseat`  [ RunTime:0.0013s ]
INFO: [ view_parse ] --START--
INFO: [ template_filter ] --START--
INFO: Run Behavior\ContentReplaceBehavior [ RunTime:0.000963s ]
INFO: [ template_filter ] --END-- [ RunTime:0.001259s ]
INFO: Run Behavior\ParseTemplateBehavior [ RunTime:0.072206s ]
INFO: [ view_parse ] --END-- [ RunTime:0.072388s ]
INFO: [ view_filter ] --START--
INFO: Run Behavior\WriteHtmlCacheBehavior [ RunTime:0.001140s ]
INFO: [ view_filter ] --END-- [ RunTime:0.001271s ]
INFO: [ app_end ] --START--
INFO: Run Behavior\ShowPageTraceBehavior [ RunTime:0.002360s ]
INFO: [ app_end ] --END-- [ RunTime:0.002564s ]

[ 2016-05-09T23:58:48+08:00 ] 127.0.0.1 /food/index.php/dcan.html
NOTIC: [2] include(D:\WWW\food\ThinkPHP/Lang/zh_cn.php): failed to open stream: No such file or directory D:\WWW\food\ThinkPHP\Library\Think\Think.class.php 第 86 行.
NOTIC: [2] include(D:\WWW\food\ThinkPHP/Lang/zh_cn.php): failed to open stream: No such file or directory D:\WWW\food\ThinkPHP\Library\Think\Think.class.php 第 86 行.
NOTIC: [2] include(): Failed opening 'D:\WWW\food\ThinkPHP/Lang/zh_cn.php' for inclusion (include_path='.;C:\php\pear') D:\WWW\food\ThinkPHP\Library\Think\Think.class.php 第 86 行.
INFO: [ app_init ] --START--
INFO: Run Behavior\BuildLiteBehavior [ RunTime:0.000027s ]
INFO: [ app_init ] --END-- [ RunTime:0.000127s ]
INFO: [ app_begin ] --START--
INFO: Run Behavior\ReadHtmlCacheBehavior [ RunTime:0.000981s ]
INFO: Run Behavior\CheckLangBehavior [ RunTime:0.001902s ]
INFO: [ app_begin ] --END-- [ RunTime:0.003043s ]
SQL: SHOW COLUMNS FROM `food_orderseat` [ RunTime:0.0166s ]
SQL: SELECT * FROM `food_orderseat`  [ RunTime:0.0011s ]
INFO: [ view_parse ] --START--
INFO: [ template_filter ] --START--
INFO: Run Behavior\ContentReplaceBehavior [ RunTime:0.000232s ]
INFO: [ template_filter ] --END-- [ RunTime:0.000339s ]
INFO: Run Behavior\ParseTemplateBehavior [ RunTime:0.031633s ]
INFO: [ view_parse ] --END-- [ RunTime:0.031760s ]
INFO: [ view_filter ] --START--
INFO: Run Behavior\WriteHtmlCacheBehavior [ RunTime:0.000465s ]
INFO: [ view_filter ] --END-- [ RunTime:0.000540s ]
INFO: [ app_end ] --START--
INFO: Run Behavior\ShowPageTraceBehavior [ RunTime:0.001031s ]
INFO: [ app_end ] --END-- [ RunTime:0.001139s ]

[ 2016-05-09T23:58:51+08:00 ] 127.0.0.1 /food/Public/Home/fonts//icon-pc.woff?59lb71
NOTIC: [2] include(D:\WWW\food\ThinkPHP/Lang/zh_cn.php): failed to open stream: No such file or directory D:\WWW\food\ThinkPHP\Library\Think\Think.class.php 第 86 行.
NOTIC: [2] include(D:\WWW\food\ThinkPHP/Lang/zh_cn.php): failed to open stream: No such file or directory D:\WWW\food\ThinkPHP\Library\Think\Think.class.php 第 86 行.
NOTIC: [2] include(): Failed opening 'D:\WWW\food\ThinkPHP/Lang/zh_cn.php' for inclusion (include_path='.;C:\php\pear') D:\WWW\food\ThinkPHP\Library\Think\Think.class.php 第 86 行.
INFO: [ app_init ] --START--
INFO: Run Behavior\BuildLiteBehavior [ RunTime:0.000020s ]
INFO: [ app_init ] --END-- [ RunTime:0.000091s ]
INFO: [ app_begin ] --START--
INFO: Run Behavior\ReadHtmlCacheBehavior [ RunTime:0.000688s ]
INFO: Run Behavior\CheckLangBehavior [ RunTime:0.000698s ]
INFO: [ app_begin ] --END-- [ RunTime:0.001490s ]
ERR: _CONTROLLER_NOT_EXIST_:Public

[ 2016-05-09T23:58:51+08:00 ] 127.0.0.1 /food/Public/Home/fonts//icon-pc.ttf?59lb71
NOTIC: [2] include(D:\WWW\food\ThinkPHP/Lang/zh_cn.php): failed to open stream: No such file or directory D:\WWW\food\ThinkPHP\Library\Think\Think.class.php 第 86 行.
NOTIC: [2] include(D:\WWW\food\ThinkPHP/Lang/zh_cn.php): failed to open stream: No such file or directory D:\WWW\food\ThinkPHP\Library\Think\Think.class.php 第 86 行.
NOTIC: [2] include(): Failed opening 'D:\WWW\food\ThinkPHP/Lang/zh_cn.php' for inclusion (include_path='.;C:\php\pear') D:\WWW\food\ThinkPHP\Library\Think\Think.class.php 第 86 行.
INFO: [ app_init ] --START--
INFO: Run Behavior\BuildLiteBehavior [ RunTime:0.000061s ]
INFO: [ app_init ] --END-- [ RunTime:0.000271s ]
INFO: [ app_begin ] --START--
INFO: Run Behavior\ReadHtmlCacheBehavior [ RunTime:0.001977s ]
INFO: Run Behavior\CheckLangBehavior [ RunTime:0.001209s ]
INFO: [ app_begin ] --END-- [ RunTime:0.003453s ]
ERR: _CONTROLLER_NOT_EXIST_:Public

[ 2016-05-09T23:58:53+08:00 ] 127.0.0.1 /food/index.php/Home/Dcan/orderFood
NOTIC: [2] include(D:\WWW\food\ThinkPHP/Lang/zh_cn.php): failed to open stream: No such file or directory D:\WWW\food\ThinkPHP\Library\Think\Think.class.php 第 86 行.
NOTIC: [2] include(D:\WWW\food\ThinkPHP/Lang/zh_cn.php): failed to open stream: No such file or directory D:\WWW\food\ThinkPHP\Library\Think\Think.class.php 第 86 行.
NOTIC: [2] include(): Failed opening 'D:\WWW\food\ThinkPHP/Lang/zh_cn.php' for inclusion (include_path='.;C:\php\pear') D:\WWW\food\ThinkPHP\Library\Think\Think.class.php 第 86 行.
INFO: [ app_init ] --START--
INFO: Run Behavior\BuildLiteBehavior [ RunTime:0.000042s ]
INFO: [ app_init ] --END-- [ RunTime:0.000201s ]
INFO: [ app_begin ] --START--
INFO: Run Behavior\ReadHtmlCacheBehavior [ RunTime:0.001583s ]
INFO: Run Behavior\CheckLangBehavior [ RunTime:0.001569s ]
INFO: [ app_begin ] --END-- [ RunTime:0.003376s ]
SQL: SHOW COLUMNS FROM `food_caipu` [ RunTime:0.0184s ]
SQL: SHOW COLUMNS FROM `food_cat` [ RunTime:0.0173s ]
SQL: SELECT caipu.id,caipu.Cname,cat.name,caipu.sold,caipu.monthsold,caipu.Cstatus FROM `food_caipu` as caipu left join food_cat as cat on cat.id = caipu.catid  WHERE ( 1 )  [ RunTime:0.0026s ]
INFO: [ view_parse ] --START--
INFO: [ template_filter ] --START--
INFO: Run Behavior\ContentReplaceBehavior [ RunTime:0.000105s ]
INFO: [ template_filter ] --END-- [ RunTime:0.000210s ]
INFO: Run Behavior\ParseTemplateBehavior [ RunTime:0.018711s ]
INFO: [ view_parse ] --END-- [ RunTime:0.018889s ]
INFO: [ view_filter ] --START--
INFO: Run Behavior\WriteHtmlCacheBehavior [ RunTime:0.000498s ]
INFO: [ view_filter ] --END-- [ RunTime:0.000567s ]
INFO: [ app_end ] --START--
INFO: Run Behavior\ShowPageTraceBehavior [ RunTime:0.000979s ]
INFO: [ app_end ] --END-- [ RunTime:0.001053s ]

[ 2016-05-09T23:58:53+08:00 ] 127.0.0.1 /food/Public/Home/fonts//icon-touch.woff?-t7qwrr
NOTIC: [2] include(D:\WWW\food\ThinkPHP/Lang/zh_cn.php): failed to open stream: No such file or directory D:\WWW\food\ThinkPHP\Library\Think\Think.class.php 第 86 行.
NOTIC: [2] include(D:\WWW\food\ThinkPHP/Lang/zh_cn.php): failed to open stream: No such file or directory D:\WWW\food\ThinkPHP\Library\Think\Think.class.php 第 86 行.
NOTIC: [2] include(): Failed opening 'D:\WWW\food\ThinkPHP/Lang/zh_cn.php' for inclusion (include_path='.;C:\php\pear') D:\WWW\food\ThinkPHP\Library\Think\Think.class.php 第 86 行.
INFO: [ app_init ] --START--
INFO: Run Behavior\BuildLiteBehavior [ RunTime:0.000021s ]
INFO: [ app_init ] --END-- [ RunTime:0.000099s ]
INFO: [ app_begin ] --START--
INFO: Run Behavior\ReadHtmlCacheBehavior [ RunTime:0.000722s ]
INFO: Run Behavior\CheckLangBehavior [ RunTime:0.000723s ]
INFO: [ app_begin ] --END-- [ RunTime:0.001551s ]
ERR: _CONTROLLER_NOT_EXIST_:Public

[ 2016-05-09T23:58:53+08:00 ] 127.0.0.1 /food/Public/Home/fonts//icon-touch.ttf?-t7qwrr
NOTIC: [2] include(D:\WWW\food\ThinkPHP/Lang/zh_cn.php): failed to open stream: No such file or directory D:\WWW\food\ThinkPHP\Library\Think\Think.class.php 第 86 行.
NOTIC: [2] include(D:\WWW\food\ThinkPHP/Lang/zh_cn.php): failed to open stream: No such file or directory D:\WWW\food\ThinkPHP\Library\Think\Think.class.php 第 86 行.
NOTIC: [2] include(): Failed opening 'D:\WWW\food\ThinkPHP/Lang/zh_cn.php' for inclusion (include_path='.;C:\php\pear') D:\WWW\food\ThinkPHP\Library\Think\Think.class.php 第 86 行.
INFO: [ app_init ] --START--
INFO: Run Behavior\BuildLiteBehavior [ RunTime:0.000021s ]
INFO: [ app_init ] --END-- [ RunTime:0.000097s ]
INFO: [ app_begin ] --START--
INFO: Run Behavior\ReadHtmlCacheBehavior [ RunTime:0.000728s ]
INFO: Run Behavior\CheckLangBehavior [ RunTime:0.000703s ]
INFO: [ app_begin ] --END-- [ RunTime:0.001540s ]
ERR: _CONTROLLER_NOT_EXIST_:Public

