[ 2016-04-05T10:31:03+08:00 ] 127.0.0.1 /tp/index.php/
NOTIC: [2] include(E:\WWW\tp\ThinkPHP/Lang/zh_cn.php) [<a href='function.include'>function.include</a>]: failed to open stream: No such file or directory E:\WWW\tp\ThinkPHP\Library\Think\Think.class.php 第 86 行.
NOTIC: [2] include() [<a href='function.include'>function.include</a>]: Failed opening 'E:\WWW\tp\ThinkPHP/Lang/zh_cn.php' for inclusion (include_path='.;C:\php\pear') E:\WWW\tp\ThinkPHP\Library\Think\Think.class.php 第 86 行.
INFO: [ app_init ] --START--
INFO: Run Behavior\BuildLiteBehavior [ RunTime:0.000000s ]
INFO: [ app_init ] --END-- [ RunTime:0.000000s ]
INFO: [ app_begin ] --START--
INFO: Run Behavior\ReadHtmlCacheBehavior [ RunTime:0.001000s ]
INFO: Run Behavior\CheckLangBehavior [ RunTime:0.001000s ]
INFO: [ app_begin ] --END-- [ RunTime:0.002000s ]
INFO: [ view_parse ] --START--
INFO: [ template_filter ] --START--
INFO: Run Behavior\ContentReplaceBehavior [ RunTime:0.000000s ]
INFO: [ template_filter ] --END-- [ RunTime:0.000000s ]
INFO: Run Behavior\ParseTemplateBehavior [ RunTime:0.012001s ]
INFO: [ view_parse ] --END-- [ RunTime:0.012001s ]
INFO: [ view_filter ] --START--
INFO: Run Behavior\WriteHtmlCacheBehavior [ RunTime:0.001000s ]
INFO: [ view_filter ] --END-- [ RunTime:0.001000s ]
INFO: [ app_end ] --START--
INFO: Run Behavior\ShowPageTraceBehavior [ RunTime:0.001000s ]
INFO: [ app_end ] --END-- [ RunTime:0.001000s ]

[ 2016-04-05T10:31:04+08:00 ] 127.0.0.1 /tp/index.php/
NOTIC: [2] include(E:\WWW\tp\ThinkPHP/Lang/zh_cn.php) [<a href='function.include'>function.include</a>]: failed to open stream: No such file or directory E:\WWW\tp\ThinkPHP\Library\Think\Think.class.php 第 86 行.
NOTIC: [2] include() [<a href='function.include'>function.include</a>]: Failed opening 'E:\WWW\tp\ThinkPHP/Lang/zh_cn.php' for inclusion (include_path='.;C:\php\pear') E:\WWW\tp\ThinkPHP\Library\Think\Think.class.php 第 86 行.
INFO: [ app_init ] --START--
INFO: Run Behavior\BuildLiteBehavior [ RunTime:0.000000s ]
INFO: [ app_init ] --END-- [ RunTime:0.000000s ]
INFO: [ app_begin ] --START--
INFO: Run Behavior\ReadHtmlCacheBehavior [ RunTime:0.001000s ]
INFO: Run Behavior\CheckLangBehavior [ RunTime:0.000000s ]
INFO: [ app_begin ] --END-- [ RunTime:0.001000s ]
INFO: [ view_parse ] --START--
INFO: [ template_filter ] --START--
INFO: Run Behavior\ContentReplaceBehavior [ RunTime:0.000000s ]
INFO: [ template_filter ] --END-- [ RunTime:0.000000s ]
INFO: Run Behavior\ParseTemplateBehavior [ RunTime:0.012001s ]
INFO: [ view_parse ] --END-- [ RunTime:0.012001s ]
INFO: [ view_filter ] --START--
INFO: Run Behavior\WriteHtmlCacheBehavior [ RunTime:0.000000s ]
INFO: [ view_filter ] --END-- [ RunTime:0.000000s ]
INFO: [ app_end ] --START--
INFO: Run Behavior\ShowPageTraceBehavior [ RunTime:0.000000s ]
INFO: [ app_end ] --END-- [ RunTime:0.001000s ]

[ 2016-04-05T10:31:10+08:00 ] 127.0.0.1 /tp/index.php/Login
NOTIC: [2] include(E:\WWW\tp\ThinkPHP/Lang/zh_cn.php) [<a href='function.include'>function.include</a>]: failed to open stream: No such file or directory E:\WWW\tp\ThinkPHP\Library\Think\Think.class.php 第 86 行.
NOTIC: [2] include() [<a href='function.include'>function.include</a>]: Failed opening 'E:\WWW\tp\ThinkPHP/Lang/zh_cn.php' for inclusion (include_path='.;C:\php\pear') E:\WWW\tp\ThinkPHP\Library\Think\Think.class.php 第 86 行.
INFO: [ app_init ] --START--
INFO: Run Behavior\BuildLiteBehavior [ RunTime:0.000000s ]
INFO: [ app_init ] --END-- [ RunTime:0.000000s ]
INFO: [ app_begin ] --START--
INFO: Run Behavior\ReadHtmlCacheBehavior [ RunTime:0.001000s ]
INFO: Run Behavior\CheckLangBehavior [ RunTime:0.001000s ]
INFO: [ app_begin ] --END-- [ RunTime:0.002000s ]

[ 2016-04-05T10:31:18+08:00 ] 127.0.0.1 /tp/index.php/Login
NOTIC: [2] include(E:\WWW\tp\ThinkPHP/Lang/zh_cn.php) [<a href='function.include'>function.include</a>]: failed to open stream: No such file or directory E:\WWW\tp\ThinkPHP\Library\Think\Think.class.php 第 86 行.
NOTIC: [2] include() [<a href='function.include'>function.include</a>]: Failed opening 'E:\WWW\tp\ThinkPHP/Lang/zh_cn.php' for inclusion (include_path='.;C:\php\pear') E:\WWW\tp\ThinkPHP\Library\Think\Think.class.php 第 86 行.
INFO: [ app_init ] --START--
INFO: Run Behavior\BuildLiteBehavior [ RunTime:0.000000s ]
INFO: [ app_init ] --END-- [ RunTime:0.000000s ]
INFO: [ app_begin ] --START--
INFO: Run Behavior\ReadHtmlCacheBehavior [ RunTime:0.001000s ]
INFO: Run Behavior\CheckLangBehavior [ RunTime:0.000000s ]
INFO: [ app_begin ] --END-- [ RunTime:0.001000s ]

[ 2016-04-05T10:31:20+08:00 ] 127.0.0.1 /tp/index.php/Login
NOTIC: [2] include(E:\WWW\tp\ThinkPHP/Lang/zh_cn.php) [<a href='function.include'>function.include</a>]: failed to open stream: No such file or directory E:\WWW\tp\ThinkPHP\Library\Think\Think.class.php 第 86 行.
NOTIC: [2] include() [<a href='function.include'>function.include</a>]: Failed opening 'E:\WWW\tp\ThinkPHP/Lang/zh_cn.php' for inclusion (include_path='.;C:\php\pear') E:\WWW\tp\ThinkPHP\Library\Think\Think.class.php 第 86 行.
INFO: [ app_init ] --START--
INFO: Run Behavior\BuildLiteBehavior [ RunTime:0.000000s ]
INFO: [ app_init ] --END-- [ RunTime:0.000000s ]
INFO: [ app_begin ] --START--
INFO: Run Behavior\ReadHtmlCacheBehavior [ RunTime:0.001001s ]
INFO: Run Behavior\CheckLangBehavior [ RunTime:0.000000s ]
INFO: [ app_begin ] --END-- [ RunTime:0.002001s ]

[ 2016-04-05T10:31:21+08:00 ] 127.0.0.1 /tp/index.php/Login
NOTIC: [2] include(E:\WWW\tp\ThinkPHP/Lang/zh_cn.php) [<a href='function.include'>function.include</a>]: failed to open stream: No such file or directory E:\WWW\tp\ThinkPHP\Library\Think\Think.class.php 第 86 行.
NOTIC: [2] include() [<a href='function.include'>function.include</a>]: Failed opening 'E:\WWW\tp\ThinkPHP/Lang/zh_cn.php' for inclusion (include_path='.;C:\php\pear') E:\WWW\tp\ThinkPHP\Library\Think\Think.class.php 第 86 行.
INFO: [ app_init ] --START--
INFO: Run Behavior\BuildLiteBehavior [ RunTime:0.000000s ]
INFO: [ app_init ] --END-- [ RunTime:0.000000s ]
INFO: [ app_begin ] --START--
INFO: Run Behavior\ReadHtmlCacheBehavior [ RunTime:0.001000s ]
INFO: Run Behavior\CheckLangBehavior [ RunTime:0.000000s ]
INFO: [ app_begin ] --END-- [ RunTime:0.001000s ]

[ 2016-04-05T10:31:38+08:00 ] 127.0.0.1 /tp/index.php/Login
NOTIC: [2] include(E:\WWW\tp\ThinkPHP/Lang/zh_cn.php) [<a href='function.include'>function.include</a>]: failed to open stream: No such file or directory E:\WWW\tp\ThinkPHP\Library\Think\Think.class.php 第 86 行.
NOTIC: [2] include() [<a href='function.include'>function.include</a>]: Failed opening 'E:\WWW\tp\ThinkPHP/Lang/zh_cn.php' for inclusion (include_path='.;C:\php\pear') E:\WWW\tp\ThinkPHP\Library\Think\Think.class.php 第 86 行.
INFO: [ app_init ] --START--
INFO: Run Behavior\BuildLiteBehavior [ RunTime:0.000000s ]
INFO: [ app_init ] --END-- [ RunTime:0.000000s ]
INFO: [ app_begin ] --START--
INFO: Run Behavior\ReadHtmlCacheBehavior [ RunTime:0.001000s ]
INFO: Run Behavior\CheckLangBehavior [ RunTime:0.001000s ]
INFO: [ app_begin ] --END-- [ RunTime:0.002000s ]
INFO: [ view_parse ] --START--
INFO: [ template_filter ] --START--
INFO: Run Behavior\ContentReplaceBehavior [ RunTime:0.001000s ]
INFO: [ template_filter ] --END-- [ RunTime:0.001000s ]
INFO: Run Behavior\ParseTemplateBehavior [ RunTime:0.007000s ]
INFO: [ view_parse ] --END-- [ RunTime:0.007000s ]
INFO: [ view_filter ] --START--
INFO: Run Behavior\WriteHtmlCacheBehavior [ RunTime:0.000000s ]
INFO: [ view_filter ] --END-- [ RunTime:0.000000s ]
INFO: [ app_end ] --START--
INFO: Run Behavior\ShowPageTraceBehavior [ RunTime:0.001000s ]
INFO: [ app_end ] --END-- [ RunTime:0.001000s ]

[ 2016-04-05T10:31:38+08:00 ] 127.0.0.1 /tp/Login/verify.html
NOTIC: [2] include(E:\WWW\tp\ThinkPHP/Lang/zh_cn.php) [<a href='function.include'>function.include</a>]: failed to open stream: No such file or directory E:\WWW\tp\ThinkPHP\Library\Think\Think.class.php 第 86 行.
NOTIC: [2] include() [<a href='function.include'>function.include</a>]: Failed opening 'E:\WWW\tp\ThinkPHP/Lang/zh_cn.php' for inclusion (include_path='.;C:\php\pear') E:\WWW\tp\ThinkPHP\Library\Think\Think.class.php 第 86 行.
INFO: [ app_init ] --START--
INFO: Run Behavior\BuildLiteBehavior [ RunTime:0.000000s ]
INFO: [ app_init ] --END-- [ RunTime:0.000000s ]
INFO: [ app_begin ] --START--
INFO: Run Behavior\ReadHtmlCacheBehavior [ RunTime:0.001000s ]
INFO: Run Behavior\CheckLangBehavior [ RunTime:0.002001s ]
INFO: [ app_begin ] --END-- [ RunTime:0.003001s ]
INFO: [ app_end ] --START--
INFO: Run Behavior\ShowPageTraceBehavior [ RunTime:0.001000s ]
INFO: [ app_end ] --END-- [ RunTime:0.001000s ]

[ 2016-04-05T10:54:25+08:00 ] 127.0.0.1 /tp/index.php/Login
NOTIC: [2] include(E:\WWW\tp\ThinkPHP/Lang/zh_cn.php) [<a href='function.include'>function.include</a>]: failed to open stream: No such file or directory E:\WWW\tp\ThinkPHP\Library\Think\Think.class.php 第 86 行.
NOTIC: [2] include() [<a href='function.include'>function.include</a>]: Failed opening 'E:\WWW\tp\ThinkPHP/Lang/zh_cn.php' for inclusion (include_path='.;C:\php\pear') E:\WWW\tp\ThinkPHP\Library\Think\Think.class.php 第 86 行.
INFO: [ app_init ] --START--
INFO: Run Behavior\BuildLiteBehavior [ RunTime:0.000000s ]
INFO: [ app_init ] --END-- [ RunTime:0.000000s ]
INFO: [ app_begin ] --START--
INFO: Run Behavior\ReadHtmlCacheBehavior [ RunTime:0.001000s ]
INFO: Run Behavior\CheckLangBehavior [ RunTime:0.001000s ]
INFO: [ app_begin ] --END-- [ RunTime:0.002000s ]

[ 2016-04-05T10:54:26+08:00 ] 127.0.0.1 /tp/index.php/Login
NOTIC: [2] include(E:\WWW\tp\ThinkPHP/Lang/zh_cn.php) [<a href='function.include'>function.include</a>]: failed to open stream: No such file or directory E:\WWW\tp\ThinkPHP\Library\Think\Think.class.php 第 86 行.
NOTIC: [2] include() [<a href='function.include'>function.include</a>]: Failed opening 'E:\WWW\tp\ThinkPHP/Lang/zh_cn.php' for inclusion (include_path='.;C:\php\pear') E:\WWW\tp\ThinkPHP\Library\Think\Think.class.php 第 86 行.
INFO: [ app_init ] --START--
INFO: Run Behavior\BuildLiteBehavior [ RunTime:0.000000s ]
INFO: [ app_init ] --END-- [ RunTime:0.000000s ]
INFO: [ app_begin ] --START--
INFO: Run Behavior\ReadHtmlCacheBehavior [ RunTime:0.001000s ]
INFO: Run Behavior\CheckLangBehavior [ RunTime:0.000000s ]
INFO: [ app_begin ] --END-- [ RunTime:0.001000s ]

[ 2016-04-05T10:54:40+08:00 ] 127.0.0.1 /tp/index.php/Login
NOTIC: [2] include(E:\WWW\tp\ThinkPHP/Lang/zh_cn.php) [<a href='function.include'>function.include</a>]: failed to open stream: No such file or directory E:\WWW\tp\ThinkPHP\Library\Think\Think.class.php 第 86 行.
NOTIC: [2] include() [<a href='function.include'>function.include</a>]: Failed opening 'E:\WWW\tp\ThinkPHP/Lang/zh_cn.php' for inclusion (include_path='.;C:\php\pear') E:\WWW\tp\ThinkPHP\Library\Think\Think.class.php 第 86 行.
INFO: [ app_init ] --START--
INFO: Run Behavior\BuildLiteBehavior [ RunTime:0.000000s ]
INFO: [ app_init ] --END-- [ RunTime:0.000000s ]
INFO: [ app_begin ] --START--
INFO: Run Behavior\ReadHtmlCacheBehavior [ RunTime:0.001000s ]
INFO: Run Behavior\CheckLangBehavior [ RunTime:0.001000s ]
INFO: [ app_begin ] --END-- [ RunTime:0.002000s ]

[ 2016-04-05T10:54:54+08:00 ] 127.0.0.1 /tp/index.php/Login
NOTIC: [2] include(E:\WWW\tp\ThinkPHP/Lang/zh_cn.php) [<a href='function.include'>function.include</a>]: failed to open stream: No such file or directory E:\WWW\tp\ThinkPHP\Library\Think\Think.class.php 第 86 行.
NOTIC: [2] include() [<a href='function.include'>function.include</a>]: Failed opening 'E:\WWW\tp\ThinkPHP/Lang/zh_cn.php' for inclusion (include_path='.;C:\php\pear') E:\WWW\tp\ThinkPHP\Library\Think\Think.class.php 第 86 行.
INFO: [ app_init ] --START--
INFO: Run Behavior\BuildLiteBehavior [ RunTime:0.000000s ]
INFO: [ app_init ] --END-- [ RunTime:0.000000s ]
INFO: [ app_begin ] --START--
INFO: Run Behavior\ReadHtmlCacheBehavior [ RunTime:0.001000s ]
INFO: Run Behavior\CheckLangBehavior [ RunTime:0.000000s ]
INFO: [ app_begin ] --END-- [ RunTime:0.001000s ]
INFO: [ view_parse ] --START--
INFO: [ template_filter ] --START--
INFO: Run Behavior\ContentReplaceBehavior [ RunTime:0.000000s ]
INFO: [ template_filter ] --END-- [ RunTime:0.000000s ]
INFO: Run Behavior\ParseTemplateBehavior [ RunTime:0.007000s ]
INFO: [ view_parse ] --END-- [ RunTime:0.008000s ]
INFO: [ view_filter ] --START--
INFO: Run Behavior\WriteHtmlCacheBehavior [ RunTime:0.000000s ]
INFO: [ view_filter ] --END-- [ RunTime:0.000000s ]
INFO: [ app_end ] --START--
INFO: Run Behavior\ShowPageTraceBehavior [ RunTime:0.001000s ]
INFO: [ app_end ] --END-- [ RunTime:0.001000s ]

[ 2016-04-05T10:54:54+08:00 ] 127.0.0.1 /tp/Login/verify.html
NOTIC: [2] include(E:\WWW\tp\ThinkPHP/Lang/zh_cn.php) [<a href='function.include'>function.include</a>]: failed to open stream: No such file or directory E:\WWW\tp\ThinkPHP\Library\Think\Think.class.php 第 86 行.
NOTIC: [2] include() [<a href='function.include'>function.include</a>]: Failed opening 'E:\WWW\tp\ThinkPHP/Lang/zh_cn.php' for inclusion (include_path='.;C:\php\pear') E:\WWW\tp\ThinkPHP\Library\Think\Think.class.php 第 86 行.
INFO: [ app_init ] --START--
INFO: Run Behavior\BuildLiteBehavior [ RunTime:0.000000s ]
INFO: [ app_init ] --END-- [ RunTime:0.000000s ]
INFO: [ app_begin ] --START--
INFO: Run Behavior\ReadHtmlCacheBehavior [ RunTime:0.001000s ]
INFO: Run Behavior\CheckLangBehavior [ RunTime:0.001000s ]
INFO: [ app_begin ] --END-- [ RunTime:0.002000s ]
INFO: [ app_end ] --START--
INFO: Run Behavior\ShowPageTraceBehavior [ RunTime:0.001000s ]
INFO: [ app_end ] --END-- [ RunTime:0.001000s ]

[ 2016-04-05T10:57:01+08:00 ] 127.0.0.1 /tp/index.php/Login
NOTIC: [2] include(E:\WWW\tp\ThinkPHP/Lang/zh_cn.php) [<a href='function.include'>function.include</a>]: failed to open stream: No such file or directory E:\WWW\tp\ThinkPHP\Library\Think\Think.class.php 第 86 行.
NOTIC: [2] include() [<a href='function.include'>function.include</a>]: Failed opening 'E:\WWW\tp\ThinkPHP/Lang/zh_cn.php' for inclusion (include_path='.;C:\php\pear') E:\WWW\tp\ThinkPHP\Library\Think\Think.class.php 第 86 行.
INFO: [ app_init ] --START--
INFO: Run Behavior\BuildLiteBehavior [ RunTime:0.000000s ]
INFO: [ app_init ] --END-- [ RunTime:0.000000s ]
INFO: [ app_begin ] --START--
INFO: Run Behavior\ReadHtmlCacheBehavior [ RunTime:0.001000s ]
INFO: Run Behavior\CheckLangBehavior [ RunTime:0.001000s ]
INFO: [ app_begin ] --END-- [ RunTime:0.002000s ]

[ 2016-04-05T11:10:25+08:00 ] 127.0.0.1 /tp/index.php/Login
NOTIC: [2] include(E:\WWW\tp\ThinkPHP/Lang/zh_cn.php) [<a href='function.include'>function.include</a>]: failed to open stream: No such file or directory E:\WWW\tp\ThinkPHP\Library\Think\Think.class.php 第 86 行.
NOTIC: [2] include() [<a href='function.include'>function.include</a>]: Failed opening 'E:\WWW\tp\ThinkPHP/Lang/zh_cn.php' for inclusion (include_path='.;C:\php\pear') E:\WWW\tp\ThinkPHP\Library\Think\Think.class.php 第 86 行.
INFO: [ app_init ] --START--
INFO: Run Behavior\BuildLiteBehavior [ RunTime:0.000000s ]
INFO: [ app_init ] --END-- [ RunTime:0.000000s ]
INFO: [ app_begin ] --START--
INFO: Run Behavior\ReadHtmlCacheBehavior [ RunTime:0.001000s ]
INFO: Run Behavior\CheckLangBehavior [ RunTime:0.000000s ]
INFO: [ app_begin ] --END-- [ RunTime:0.001000s ]

[ 2016-04-05T11:10:26+08:00 ] 127.0.0.1 /tp/index.php/Login
NOTIC: [2] include(E:\WWW\tp\ThinkPHP/Lang/zh_cn.php) [<a href='function.include'>function.include</a>]: failed to open stream: No such file or directory E:\WWW\tp\ThinkPHP\Library\Think\Think.class.php 第 86 行.
NOTIC: [2] include() [<a href='function.include'>function.include</a>]: Failed opening 'E:\WWW\tp\ThinkPHP/Lang/zh_cn.php' for inclusion (include_path='.;C:\php\pear') E:\WWW\tp\ThinkPHP\Library\Think\Think.class.php 第 86 行.
INFO: [ app_init ] --START--
INFO: Run Behavior\BuildLiteBehavior [ RunTime:0.000000s ]
INFO: [ app_init ] --END-- [ RunTime:0.000000s ]
INFO: [ app_begin ] --START--
INFO: Run Behavior\ReadHtmlCacheBehavior [ RunTime:0.000000s ]
INFO: Run Behavior\CheckLangBehavior [ RunTime:0.001000s ]
INFO: [ app_begin ] --END-- [ RunTime:0.001000s ]

[ 2016-04-05T11:10:27+08:00 ] 127.0.0.1 /tp/index.php/Login
NOTIC: [2] include(E:\WWW\tp\ThinkPHP/Lang/zh_cn.php) [<a href='function.include'>function.include</a>]: failed to open stream: No such file or directory E:\WWW\tp\ThinkPHP\Library\Think\Think.class.php 第 86 行.
NOTIC: [2] include() [<a href='function.include'>function.include</a>]: Failed opening 'E:\WWW\tp\ThinkPHP/Lang/zh_cn.php' for inclusion (include_path='.;C:\php\pear') E:\WWW\tp\ThinkPHP\Library\Think\Think.class.php 第 86 行.
INFO: [ app_init ] --START--
INFO: Run Behavior\BuildLiteBehavior [ RunTime:0.000000s ]
INFO: [ app_init ] --END-- [ RunTime:0.000000s ]
INFO: [ app_begin ] --START--
INFO: Run Behavior\ReadHtmlCacheBehavior [ RunTime:0.000000s ]
INFO: Run Behavior\CheckLangBehavior [ RunTime:0.001000s ]
INFO: [ app_begin ] --END-- [ RunTime:0.001000s ]

[ 2016-04-05T11:10:27+08:00 ] 127.0.0.1 /tp/index.php/Login
NOTIC: [2] include(E:\WWW\tp\ThinkPHP/Lang/zh_cn.php) [<a href='function.include'>function.include</a>]: failed to open stream: No such file or directory E:\WWW\tp\ThinkPHP\Library\Think\Think.class.php 第 86 行.
NOTIC: [2] include() [<a href='function.include'>function.include</a>]: Failed opening 'E:\WWW\tp\ThinkPHP/Lang/zh_cn.php' for inclusion (include_path='.;C:\php\pear') E:\WWW\tp\ThinkPHP\Library\Think\Think.class.php 第 86 行.
INFO: [ app_init ] --START--
INFO: Run Behavior\BuildLiteBehavior [ RunTime:0.000000s ]
INFO: [ app_init ] --END-- [ RunTime:0.000000s ]
INFO: [ app_begin ] --START--
INFO: Run Behavior\ReadHtmlCacheBehavior [ RunTime:0.001000s ]
INFO: Run Behavior\CheckLangBehavior [ RunTime:0.000000s ]
INFO: [ app_begin ] --END-- [ RunTime:0.001000s ]

[ 2016-04-05T11:10:28+08:00 ] 127.0.0.1 /tp/index.php/Login
NOTIC: [2] include(E:\WWW\tp\ThinkPHP/Lang/zh_cn.php) [<a href='function.include'>function.include</a>]: failed to open stream: No such file or directory E:\WWW\tp\ThinkPHP\Library\Think\Think.class.php 第 86 行.
NOTIC: [2] include() [<a href='function.include'>function.include</a>]: Failed opening 'E:\WWW\tp\ThinkPHP/Lang/zh_cn.php' for inclusion (include_path='.;C:\php\pear') E:\WWW\tp\ThinkPHP\Library\Think\Think.class.php 第 86 行.
INFO: [ app_init ] --START--
INFO: Run Behavior\BuildLiteBehavior [ RunTime:0.000000s ]
INFO: [ app_init ] --END-- [ RunTime:0.000000s ]
INFO: [ app_begin ] --START--
INFO: Run Behavior\ReadHtmlCacheBehavior [ RunTime:0.001000s ]
INFO: Run Behavior\CheckLangBehavior [ RunTime:0.001000s ]
INFO: [ app_begin ] --END-- [ RunTime:0.002000s ]

[ 2016-04-05T11:13:36+08:00 ] 127.0.0.1 /tp/index.php/Login
NOTIC: [2] include(E:\WWW\tp\ThinkPHP/Lang/zh_cn.php) [<a href='function.include'>function.include</a>]: failed to open stream: No such file or directory E:\WWW\tp\ThinkPHP\Library\Think\Think.class.php 第 86 行.
NOTIC: [2] include() [<a href='function.include'>function.include</a>]: Failed opening 'E:\WWW\tp\ThinkPHP/Lang/zh_cn.php' for inclusion (include_path='.;C:\php\pear') E:\WWW\tp\ThinkPHP\Library\Think\Think.class.php 第 86 行.
INFO: [ app_init ] --START--
INFO: Run Behavior\BuildLiteBehavior [ RunTime:0.000000s ]
INFO: [ app_init ] --END-- [ RunTime:0.000000s ]
INFO: [ app_begin ] --START--
INFO: Run Behavior\ReadHtmlCacheBehavior [ RunTime:0.000000s ]
INFO: Run Behavior\CheckLangBehavior [ RunTime:0.001000s ]
INFO: [ app_begin ] --END-- [ RunTime:0.001000s ]

[ 2016-04-05T11:13:38+08:00 ] 127.0.0.1 /tp/index.php/Login
NOTIC: [2] include(E:\WWW\tp\ThinkPHP/Lang/zh_cn.php) [<a href='function.include'>function.include</a>]: failed to open stream: No such file or directory E:\WWW\tp\ThinkPHP\Library\Think\Think.class.php 第 86 行.
NOTIC: [2] include() [<a href='function.include'>function.include</a>]: Failed opening 'E:\WWW\tp\ThinkPHP/Lang/zh_cn.php' for inclusion (include_path='.;C:\php\pear') E:\WWW\tp\ThinkPHP\Library\Think\Think.class.php 第 86 行.
INFO: [ app_init ] --START--
INFO: Run Behavior\BuildLiteBehavior [ RunTime:0.000000s ]
INFO: [ app_init ] --END-- [ RunTime:0.000000s ]
INFO: [ app_begin ] --START--
INFO: Run Behavior\ReadHtmlCacheBehavior [ RunTime:0.001000s ]
INFO: Run Behavior\CheckLangBehavior [ RunTime:0.001000s ]
INFO: [ app_begin ] --END-- [ RunTime:0.002000s ]

[ 2016-04-05T11:13:40+08:00 ] 127.0.0.1 /tp/index.php/Login
NOTIC: [2] include(E:\WWW\tp\ThinkPHP/Lang/zh_cn.php) [<a href='function.include'>function.include</a>]: failed to open stream: No such file or directory E:\WWW\tp\ThinkPHP\Library\Think\Think.class.php 第 86 行.
NOTIC: [2] include() [<a href='function.include'>function.include</a>]: Failed opening 'E:\WWW\tp\ThinkPHP/Lang/zh_cn.php' for inclusion (include_path='.;C:\php\pear') E:\WWW\tp\ThinkPHP\Library\Think\Think.class.php 第 86 行.
INFO: [ app_init ] --START--
INFO: Run Behavior\BuildLiteBehavior [ RunTime:0.000000s ]
INFO: [ app_init ] --END-- [ RunTime:0.000000s ]
INFO: [ app_begin ] --START--
INFO: Run Behavior\ReadHtmlCacheBehavior [ RunTime:0.000000s ]
INFO: Run Behavior\CheckLangBehavior [ RunTime:0.001000s ]
INFO: [ app_begin ] --END-- [ RunTime:0.001000s ]

[ 2016-04-05T11:28:36+08:00 ] 127.0.0.1 /tp/index.php/Login
NOTIC: [2] include(E:\WWW\tp\ThinkPHP/Lang/zh_cn.php) [<a href='function.include'>function.include</a>]: failed to open stream: No such file or directory E:\WWW\tp\ThinkPHP\Library\Think\Think.class.php 第 86 行.
NOTIC: [2] include() [<a href='function.include'>function.include</a>]: Failed opening 'E:\WWW\tp\ThinkPHP/Lang/zh_cn.php' for inclusion (include_path='.;C:\php\pear') E:\WWW\tp\ThinkPHP\Library\Think\Think.class.php 第 86 行.
INFO: [ app_init ] --START--
INFO: Run Behavior\BuildLiteBehavior [ RunTime:0.000000s ]
INFO: [ app_init ] --END-- [ RunTime:0.000000s ]
INFO: [ app_begin ] --START--
INFO: Run Behavior\ReadHtmlCacheBehavior [ RunTime:0.002000s ]
INFO: Run Behavior\CheckLangBehavior [ RunTime:0.001000s ]
INFO: [ app_begin ] --END-- [ RunTime:0.003000s ]

[ 2016-04-05T11:28:37+08:00 ] 127.0.0.1 /tp/index.php/Login
NOTIC: [2] include(E:\WWW\tp\ThinkPHP/Lang/zh_cn.php) [<a href='function.include'>function.include</a>]: failed to open stream: No such file or directory E:\WWW\tp\ThinkPHP\Library\Think\Think.class.php 第 86 行.
NOTIC: [2] include() [<a href='function.include'>function.include</a>]: Failed opening 'E:\WWW\tp\ThinkPHP/Lang/zh_cn.php' for inclusion (include_path='.;C:\php\pear') E:\WWW\tp\ThinkPHP\Library\Think\Think.class.php 第 86 行.
INFO: [ app_init ] --START--
INFO: Run Behavior\BuildLiteBehavior [ RunTime:0.000000s ]
INFO: [ app_init ] --END-- [ RunTime:0.000000s ]
INFO: [ app_begin ] --START--
INFO: Run Behavior\ReadHtmlCacheBehavior [ RunTime:0.001001s ]
INFO: Run Behavior\CheckLangBehavior [ RunTime:0.001000s ]
INFO: [ app_begin ] --END-- [ RunTime:0.003001s ]

[ 2016-04-05T11:29:22+08:00 ] 127.0.0.1 /tp/index.php/Login
NOTIC: [2] include(E:\WWW\tp\ThinkPHP/Lang/zh_cn.php) [<a href='function.include'>function.include</a>]: failed to open stream: No such file or directory E:\WWW\tp\ThinkPHP\Library\Think\Think.class.php 第 86 行.
NOTIC: [2] include() [<a href='function.include'>function.include</a>]: Failed opening 'E:\WWW\tp\ThinkPHP/Lang/zh_cn.php' for inclusion (include_path='.;C:\php\pear') E:\WWW\tp\ThinkPHP\Library\Think\Think.class.php 第 86 行.
INFO: [ app_init ] --START--
INFO: Run Behavior\BuildLiteBehavior [ RunTime:0.000000s ]
INFO: [ app_init ] --END-- [ RunTime:0.000000s ]
INFO: [ app_begin ] --START--
INFO: Run Behavior\ReadHtmlCacheBehavior [ RunTime:0.000000s ]
INFO: Run Behavior\CheckLangBehavior [ RunTime:0.001000s ]
INFO: [ app_begin ] --END-- [ RunTime:0.001000s ]

[ 2016-04-05T11:35:22+08:00 ] 127.0.0.1 /tp/index.php/Login
NOTIC: [2] include(E:\WWW\tp\ThinkPHP/Lang/zh_cn.php) [<a href='function.include'>function.include</a>]: failed to open stream: No such file or directory E:\WWW\tp\ThinkPHP\Library\Think\Think.class.php 第 86 行.
NOTIC: [2] include() [<a href='function.include'>function.include</a>]: Failed opening 'E:\WWW\tp\ThinkPHP/Lang/zh_cn.php' for inclusion (include_path='.;C:\php\pear') E:\WWW\tp\ThinkPHP\Library\Think\Think.class.php 第 86 行.
INFO: [ app_init ] --START--
INFO: Run Behavior\BuildLiteBehavior [ RunTime:0.000000s ]
INFO: [ app_init ] --END-- [ RunTime:0.000000s ]
INFO: [ app_begin ] --START--
INFO: Run Behavior\ReadHtmlCacheBehavior [ RunTime:0.001000s ]
INFO: Run Behavior\CheckLangBehavior [ RunTime:0.000000s ]
INFO: [ app_begin ] --END-- [ RunTime:0.001000s ]

[ 2016-04-05T11:35:23+08:00 ] 127.0.0.1 /tp/index.php/Login
NOTIC: [2] include(E:\WWW\tp\ThinkPHP/Lang/zh_cn.php) [<a href='function.include'>function.include</a>]: failed to open stream: No such file or directory E:\WWW\tp\ThinkPHP\Library\Think\Think.class.php 第 86 行.
NOTIC: [2] include() [<a href='function.include'>function.include</a>]: Failed opening 'E:\WWW\tp\ThinkPHP/Lang/zh_cn.php' for inclusion (include_path='.;C:\php\pear') E:\WWW\tp\ThinkPHP\Library\Think\Think.class.php 第 86 行.
INFO: [ app_init ] --START--
INFO: Run Behavior\BuildLiteBehavior [ RunTime:0.000000s ]
INFO: [ app_init ] --END-- [ RunTime:0.000000s ]
INFO: [ app_begin ] --START--
INFO: Run Behavior\ReadHtmlCacheBehavior [ RunTime:0.001000s ]
INFO: Run Behavior\CheckLangBehavior [ RunTime:0.000000s ]
INFO: [ app_begin ] --END-- [ RunTime:0.001000s ]

[ 2016-04-05T11:35:23+08:00 ] 127.0.0.1 /tp/index.php/Login
NOTIC: [2] include(E:\WWW\tp\ThinkPHP/Lang/zh_cn.php) [<a href='function.include'>function.include</a>]: failed to open stream: No such file or directory E:\WWW\tp\ThinkPHP\Library\Think\Think.class.php 第 86 行.
NOTIC: [2] include() [<a href='function.include'>function.include</a>]: Failed opening 'E:\WWW\tp\ThinkPHP/Lang/zh_cn.php' for inclusion (include_path='.;C:\php\pear') E:\WWW\tp\ThinkPHP\Library\Think\Think.class.php 第 86 行.
INFO: [ app_init ] --START--
INFO: Run Behavior\BuildLiteBehavior [ RunTime:0.000000s ]
INFO: [ app_init ] --END-- [ RunTime:0.000000s ]
INFO: [ app_begin ] --START--
INFO: Run Behavior\ReadHtmlCacheBehavior [ RunTime:0.000000s ]
INFO: Run Behavior\CheckLangBehavior [ RunTime:0.001000s ]
INFO: [ app_begin ] --END-- [ RunTime:0.001000s ]

[ 2016-04-05T11:35:23+08:00 ] 127.0.0.1 /tp/index.php/Login
NOTIC: [2] include(E:\WWW\tp\ThinkPHP/Lang/zh_cn.php) [<a href='function.include'>function.include</a>]: failed to open stream: No such file or directory E:\WWW\tp\ThinkPHP\Library\Think\Think.class.php 第 86 行.
NOTIC: [2] include() [<a href='function.include'>function.include</a>]: Failed opening 'E:\WWW\tp\ThinkPHP/Lang/zh_cn.php' for inclusion (include_path='.;C:\php\pear') E:\WWW\tp\ThinkPHP\Library\Think\Think.class.php 第 86 行.
INFO: [ app_init ] --START--
INFO: Run Behavior\BuildLiteBehavior [ RunTime:0.000000s ]
INFO: [ app_init ] --END-- [ RunTime:0.000000s ]
INFO: [ app_begin ] --START--
INFO: Run Behavior\ReadHtmlCacheBehavior [ RunTime:0.000000s ]
INFO: Run Behavior\CheckLangBehavior [ RunTime:0.001000s ]
INFO: [ app_begin ] --END-- [ RunTime:0.001000s ]

[ 2016-04-05T11:35:23+08:00 ] 127.0.0.1 /tp/index.php/Login
NOTIC: [2] include(E:\WWW\tp\ThinkPHP/Lang/zh_cn.php) [<a href='function.include'>function.include</a>]: failed to open stream: No such file or directory E:\WWW\tp\ThinkPHP\Library\Think\Think.class.php 第 86 行.
NOTIC: [2] include() [<a href='function.include'>function.include</a>]: Failed opening 'E:\WWW\tp\ThinkPHP/Lang/zh_cn.php' for inclusion (include_path='.;C:\php\pear') E:\WWW\tp\ThinkPHP\Library\Think\Think.class.php 第 86 行.
INFO: [ app_init ] --START--
INFO: Run Behavior\BuildLiteBehavior [ RunTime:0.000000s ]
INFO: [ app_init ] --END-- [ RunTime:0.000000s ]
INFO: [ app_begin ] --START--
INFO: Run Behavior\ReadHtmlCacheBehavior [ RunTime:0.001000s ]
INFO: Run Behavior\CheckLangBehavior [ RunTime:0.001000s ]
INFO: [ app_begin ] --END-- [ RunTime:0.002000s ]

[ 2016-04-05T11:35:24+08:00 ] 127.0.0.1 /tp/index.php/Login
NOTIC: [2] include(E:\WWW\tp\ThinkPHP/Lang/zh_cn.php) [<a href='function.include'>function.include</a>]: failed to open stream: No such file or directory E:\WWW\tp\ThinkPHP\Library\Think\Think.class.php 第 86 行.
NOTIC: [2] include() [<a href='function.include'>function.include</a>]: Failed opening 'E:\WWW\tp\ThinkPHP/Lang/zh_cn.php' for inclusion (include_path='.;C:\php\pear') E:\WWW\tp\ThinkPHP\Library\Think\Think.class.php 第 86 行.
INFO: [ app_init ] --START--
INFO: Run Behavior\BuildLiteBehavior [ RunTime:0.000000s ]
INFO: [ app_init ] --END-- [ RunTime:0.000000s ]
INFO: [ app_begin ] --START--
INFO: Run Behavior\ReadHtmlCacheBehavior [ RunTime:0.001000s ]
INFO: Run Behavior\CheckLangBehavior [ RunTime:0.001000s ]
INFO: [ app_begin ] --END-- [ RunTime:0.002000s ]

[ 2016-04-05T11:35:24+08:00 ] 127.0.0.1 /tp/index.php/Login
NOTIC: [2] include(E:\WWW\tp\ThinkPHP/Lang/zh_cn.php) [<a href='function.include'>function.include</a>]: failed to open stream: No such file or directory E:\WWW\tp\ThinkPHP\Library\Think\Think.class.php 第 86 行.
NOTIC: [2] include() [<a href='function.include'>function.include</a>]: Failed opening 'E:\WWW\tp\ThinkPHP/Lang/zh_cn.php' for inclusion (include_path='.;C:\php\pear') E:\WWW\tp\ThinkPHP\Library\Think\Think.class.php 第 86 行.
INFO: [ app_init ] --START--
INFO: Run Behavior\BuildLiteBehavior [ RunTime:0.000000s ]
INFO: [ app_init ] --END-- [ RunTime:0.000000s ]
INFO: [ app_begin ] --START--
INFO: Run Behavior\ReadHtmlCacheBehavior [ RunTime:0.000000s ]
INFO: Run Behavior\CheckLangBehavior [ RunTime:0.001000s ]
INFO: [ app_begin ] --END-- [ RunTime:0.001000s ]

[ 2016-04-05T11:35:24+08:00 ] 127.0.0.1 /tp/index.php/Login
NOTIC: [2] include(E:\WWW\tp\ThinkPHP/Lang/zh_cn.php) [<a href='function.include'>function.include</a>]: failed to open stream: No such file or directory E:\WWW\tp\ThinkPHP\Library\Think\Think.class.php 第 86 行.
NOTIC: [2] include() [<a href='function.include'>function.include</a>]: Failed opening 'E:\WWW\tp\ThinkPHP/Lang/zh_cn.php' for inclusion (include_path='.;C:\php\pear') E:\WWW\tp\ThinkPHP\Library\Think\Think.class.php 第 86 行.
INFO: [ app_init ] --START--
INFO: Run Behavior\BuildLiteBehavior [ RunTime:0.000000s ]
INFO: [ app_init ] --END-- [ RunTime:0.000000s ]
INFO: [ app_begin ] --START--
INFO: Run Behavior\ReadHtmlCacheBehavior [ RunTime:0.003000s ]
INFO: Run Behavior\CheckLangBehavior [ RunTime:0.001000s ]
INFO: [ app_begin ] --END-- [ RunTime:0.004000s ]

[ 2016-04-05T11:35:25+08:00 ] 127.0.0.1 /tp/index.php/Login
NOTIC: [2] include(E:\WWW\tp\ThinkPHP/Lang/zh_cn.php) [<a href='function.include'>function.include</a>]: failed to open stream: No such file or directory E:\WWW\tp\ThinkPHP\Library\Think\Think.class.php 第 86 行.
NOTIC: [2] include() [<a href='function.include'>function.include</a>]: Failed opening 'E:\WWW\tp\ThinkPHP/Lang/zh_cn.php' for inclusion (include_path='.;C:\php\pear') E:\WWW\tp\ThinkPHP\Library\Think\Think.class.php 第 86 行.
INFO: [ app_init ] --START--
INFO: Run Behavior\BuildLiteBehavior [ RunTime:0.000000s ]
INFO: [ app_init ] --END-- [ RunTime:0.000000s ]
INFO: [ app_begin ] --START--
INFO: Run Behavior\ReadHtmlCacheBehavior [ RunTime:0.001000s ]
INFO: Run Behavior\CheckLangBehavior [ RunTime:0.001000s ]
INFO: [ app_begin ] --END-- [ RunTime:0.003000s ]

[ 2016-04-05T11:35:25+08:00 ] 127.0.0.1 /tp/index.php/Login
NOTIC: [2] include(E:\WWW\tp\ThinkPHP/Lang/zh_cn.php) [<a href='function.include'>function.include</a>]: failed to open stream: No such file or directory E:\WWW\tp\ThinkPHP\Library\Think\Think.class.php 第 86 行.
NOTIC: [2] include() [<a href='function.include'>function.include</a>]: Failed opening 'E:\WWW\tp\ThinkPHP/Lang/zh_cn.php' for inclusion (include_path='.;C:\php\pear') E:\WWW\tp\ThinkPHP\Library\Think\Think.class.php 第 86 行.
INFO: [ app_init ] --START--
INFO: Run Behavior\BuildLiteBehavior [ RunTime:0.000000s ]
INFO: [ app_init ] --END-- [ RunTime:0.000000s ]
INFO: [ app_begin ] --START--
INFO: Run Behavior\ReadHtmlCacheBehavior [ RunTime:0.001000s ]
INFO: Run Behavior\CheckLangBehavior [ RunTime:0.001000s ]
INFO: [ app_begin ] --END-- [ RunTime:0.002000s ]

[ 2016-04-05T11:35:25+08:00 ] 127.0.0.1 /tp/index.php/Login
NOTIC: [2] include(E:\WWW\tp\ThinkPHP/Lang/zh_cn.php) [<a href='function.include'>function.include</a>]: failed to open stream: No such file or directory E:\WWW\tp\ThinkPHP\Library\Think\Think.class.php 第 86 行.
NOTIC: [2] include() [<a href='function.include'>function.include</a>]: Failed opening 'E:\WWW\tp\ThinkPHP/Lang/zh_cn.php' for inclusion (include_path='.;C:\php\pear') E:\WWW\tp\ThinkPHP\Library\Think\Think.class.php 第 86 行.
INFO: [ app_init ] --START--
INFO: Run Behavior\BuildLiteBehavior [ RunTime:0.000000s ]
INFO: [ app_init ] --END-- [ RunTime:0.000000s ]
INFO: [ app_begin ] --START--
INFO: Run Behavior\ReadHtmlCacheBehavior [ RunTime:0.001000s ]
INFO: Run Behavior\CheckLangBehavior [ RunTime:0.001000s ]
INFO: [ app_begin ] --END-- [ RunTime:0.002000s ]

[ 2016-04-05T11:35:25+08:00 ] 127.0.0.1 /tp/index.php/Login
NOTIC: [2] include(E:\WWW\tp\ThinkPHP/Lang/zh_cn.php) [<a href='function.include'>function.include</a>]: failed to open stream: No such file or directory E:\WWW\tp\ThinkPHP\Library\Think\Think.class.php 第 86 行.
NOTIC: [2] include() [<a href='function.include'>function.include</a>]: Failed opening 'E:\WWW\tp\ThinkPHP/Lang/zh_cn.php' for inclusion (include_path='.;C:\php\pear') E:\WWW\tp\ThinkPHP\Library\Think\Think.class.php 第 86 行.
INFO: [ app_init ] --START--
INFO: Run Behavior\BuildLiteBehavior [ RunTime:0.000000s ]
INFO: [ app_init ] --END-- [ RunTime:0.000000s ]
INFO: [ app_begin ] --START--
INFO: Run Behavior\ReadHtmlCacheBehavior [ RunTime:0.000000s ]
INFO: Run Behavior\CheckLangBehavior [ RunTime:0.001000s ]
INFO: [ app_begin ] --END-- [ RunTime:0.001000s ]

[ 2016-04-05T11:35:25+08:00 ] 127.0.0.1 /tp/index.php/Login
NOTIC: [2] include(E:\WWW\tp\ThinkPHP/Lang/zh_cn.php) [<a href='function.include'>function.include</a>]: failed to open stream: No such file or directory E:\WWW\tp\ThinkPHP\Library\Think\Think.class.php 第 86 行.
NOTIC: [2] include() [<a href='function.include'>function.include</a>]: Failed opening 'E:\WWW\tp\ThinkPHP/Lang/zh_cn.php' for inclusion (include_path='.;C:\php\pear') E:\WWW\tp\ThinkPHP\Library\Think\Think.class.php 第 86 行.
INFO: [ app_init ] --START--
INFO: Run Behavior\BuildLiteBehavior [ RunTime:0.000000s ]
INFO: [ app_init ] --END-- [ RunTime:0.000000s ]
INFO: [ app_begin ] --START--
INFO: Run Behavior\ReadHtmlCacheBehavior [ RunTime:0.001000s ]
INFO: Run Behavior\CheckLangBehavior [ RunTime:0.001000s ]
INFO: [ app_begin ] --END-- [ RunTime:0.003000s ]

[ 2016-04-05T11:35:25+08:00 ] 127.0.0.1 /tp/index.php/Login
NOTIC: [2] include(E:\WWW\tp\ThinkPHP/Lang/zh_cn.php) [<a href='function.include'>function.include</a>]: failed to open stream: No such file or directory E:\WWW\tp\ThinkPHP\Library\Think\Think.class.php 第 86 行.
NOTIC: [2] include() [<a href='function.include'>function.include</a>]: Failed opening 'E:\WWW\tp\ThinkPHP/Lang/zh_cn.php' for inclusion (include_path='.;C:\php\pear') E:\WWW\tp\ThinkPHP\Library\Think\Think.class.php 第 86 行.
INFO: [ app_init ] --START--
INFO: Run Behavior\BuildLiteBehavior [ RunTime:0.000000s ]
INFO: [ app_init ] --END-- [ RunTime:0.000000s ]
INFO: [ app_begin ] --START--
INFO: Run Behavior\ReadHtmlCacheBehavior [ RunTime:0.000000s ]
INFO: Run Behavior\CheckLangBehavior [ RunTime:0.001000s ]
INFO: [ app_begin ] --END-- [ RunTime:0.001000s ]

[ 2016-04-05T11:36:27+08:00 ] 127.0.0.1 /tp/index.php/Login
NOTIC: [2] include(E:\WWW\tp\ThinkPHP/Lang/zh_cn.php) [<a href='function.include'>function.include</a>]: failed to open stream: No such file or directory E:\WWW\tp\ThinkPHP\Library\Think\Think.class.php 第 86 行.
NOTIC: [2] include() [<a href='function.include'>function.include</a>]: Failed opening 'E:\WWW\tp\ThinkPHP/Lang/zh_cn.php' for inclusion (include_path='.;C:\php\pear') E:\WWW\tp\ThinkPHP\Library\Think\Think.class.php 第 86 行.
INFO: [ app_init ] --START--
INFO: Run Behavior\BuildLiteBehavior [ RunTime:0.000000s ]
INFO: [ app_init ] --END-- [ RunTime:0.000000s ]
INFO: [ app_begin ] --START--
INFO: Run Behavior\ReadHtmlCacheBehavior [ RunTime:0.000000s ]
INFO: Run Behavior\CheckLangBehavior [ RunTime:0.002000s ]
INFO: [ app_begin ] --END-- [ RunTime:0.003000s ]

[ 2016-04-05T11:39:11+08:00 ] 127.0.0.1 /tp/index.php/Login
NOTIC: [2] include(E:\WWW\tp\ThinkPHP/Lang/zh_cn.php) [<a href='function.include'>function.include</a>]: failed to open stream: No such file or directory E:\WWW\tp\ThinkPHP\Library\Think\Think.class.php 第 86 行.
NOTIC: [2] include() [<a href='function.include'>function.include</a>]: Failed opening 'E:\WWW\tp\ThinkPHP/Lang/zh_cn.php' for inclusion (include_path='.;C:\php\pear') E:\WWW\tp\ThinkPHP\Library\Think\Think.class.php 第 86 行.
INFO: [ app_init ] --START--
INFO: Run Behavior\BuildLiteBehavior [ RunTime:0.000000s ]
INFO: [ app_init ] --END-- [ RunTime:0.000000s ]
INFO: [ app_begin ] --START--
INFO: Run Behavior\ReadHtmlCacheBehavior [ RunTime:0.001000s ]
INFO: Run Behavior\CheckLangBehavior [ RunTime:0.000000s ]
INFO: [ app_begin ] --END-- [ RunTime:0.002000s ]

[ 2016-04-05T11:49:27+08:00 ] 127.0.0.1 /tp/index.php/Login
NOTIC: [2] include(E:\WWW\tp\ThinkPHP/Lang/zh_cn.php) [<a href='function.include'>function.include</a>]: failed to open stream: No such file or directory E:\WWW\tp\ThinkPHP\Library\Think\Think.class.php 第 86 行.
NOTIC: [2] include() [<a href='function.include'>function.include</a>]: Failed opening 'E:\WWW\tp\ThinkPHP/Lang/zh_cn.php' for inclusion (include_path='.;C:\php\pear') E:\WWW\tp\ThinkPHP\Library\Think\Think.class.php 第 86 行.
INFO: [ app_init ] --START--
INFO: Run Behavior\BuildLiteBehavior [ RunTime:0.000000s ]
INFO: [ app_init ] --END-- [ RunTime:0.000000s ]
INFO: [ app_begin ] --START--
INFO: Run Behavior\ReadHtmlCacheBehavior [ RunTime:0.001000s ]
INFO: Run Behavior\CheckLangBehavior [ RunTime:0.000000s ]
INFO: [ app_begin ] --END-- [ RunTime:0.001000s ]

[ 2016-04-05T11:49:28+08:00 ] 127.0.0.1 /tp/index.php/Login
NOTIC: [2] include(E:\WWW\tp\ThinkPHP/Lang/zh_cn.php) [<a href='function.include'>function.include</a>]: failed to open stream: No such file or directory E:\WWW\tp\ThinkPHP\Library\Think\Think.class.php 第 86 行.
NOTIC: [2] include() [<a href='function.include'>function.include</a>]: Failed opening 'E:\WWW\tp\ThinkPHP/Lang/zh_cn.php' for inclusion (include_path='.;C:\php\pear') E:\WWW\tp\ThinkPHP\Library\Think\Think.class.php 第 86 行.
INFO: [ app_init ] --START--
INFO: Run Behavior\BuildLiteBehavior [ RunTime:0.000000s ]
INFO: [ app_init ] --END-- [ RunTime:0.001000s ]
INFO: [ app_begin ] --START--
INFO: Run Behavior\ReadHtmlCacheBehavior [ RunTime:0.000000s ]
INFO: Run Behavior\CheckLangBehavior [ RunTime:0.000000s ]
INFO: [ app_begin ] --END-- [ RunTime:0.001001s ]

[ 2016-04-05T11:49:38+08:00 ] 127.0.0.1 /tp/index.php/Login
NOTIC: [2] include(E:\WWW\tp\ThinkPHP/Lang/zh_cn.php) [<a href='function.include'>function.include</a>]: failed to open stream: No such file or directory E:\WWW\tp\ThinkPHP\Library\Think\Think.class.php 第 86 行.
NOTIC: [2] include() [<a href='function.include'>function.include</a>]: Failed opening 'E:\WWW\tp\ThinkPHP/Lang/zh_cn.php' for inclusion (include_path='.;C:\php\pear') E:\WWW\tp\ThinkPHP\Library\Think\Think.class.php 第 86 行.
INFO: [ app_init ] --START--
INFO: Run Behavior\BuildLiteBehavior [ RunTime:0.000000s ]
INFO: [ app_init ] --END-- [ RunTime:0.000000s ]
INFO: [ app_begin ] --START--
INFO: Run Behavior\ReadHtmlCacheBehavior [ RunTime:0.001000s ]
INFO: Run Behavior\CheckLangBehavior [ RunTime:0.001000s ]
INFO: [ app_begin ] --END-- [ RunTime:0.002000s ]
INFO: [ view_parse ] --START--
INFO: [ template_filter ] --START--
INFO: Run Behavior\ContentReplaceBehavior [ RunTime:0.000000s ]
INFO: [ template_filter ] --END-- [ RunTime:0.000000s ]
INFO: Run Behavior\ParseTemplateBehavior [ RunTime:0.007000s ]
INFO: [ view_parse ] --END-- [ RunTime:0.007000s ]
INFO: [ view_filter ] --START--
INFO: Run Behavior\WriteHtmlCacheBehavior [ RunTime:0.001000s ]
INFO: [ view_filter ] --END-- [ RunTime:0.001000s ]
INFO: [ app_end ] --START--
INFO: Run Behavior\ShowPageTraceBehavior [ RunTime:0.000000s ]
INFO: [ app_end ] --END-- [ RunTime:0.000000s ]

[ 2016-04-05T11:49:38+08:00 ] 127.0.0.1 /tp/Login/verify.html
NOTIC: [2] include(E:\WWW\tp\ThinkPHP/Lang/zh_cn.php) [<a href='function.include'>function.include</a>]: failed to open stream: No such file or directory E:\WWW\tp\ThinkPHP\Library\Think\Think.class.php 第 86 行.
NOTIC: [2] include() [<a href='function.include'>function.include</a>]: Failed opening 'E:\WWW\tp\ThinkPHP/Lang/zh_cn.php' for inclusion (include_path='.;C:\php\pear') E:\WWW\tp\ThinkPHP\Library\Think\Think.class.php 第 86 行.
INFO: [ app_init ] --START--
INFO: Run Behavior\BuildLiteBehavior [ RunTime:0.000000s ]
INFO: [ app_init ] --END-- [ RunTime:0.000000s ]
INFO: [ app_begin ] --START--
INFO: Run Behavior\ReadHtmlCacheBehavior [ RunTime:0.001000s ]
INFO: Run Behavior\CheckLangBehavior [ RunTime:0.001000s ]
INFO: [ app_begin ] --END-- [ RunTime:0.002000s ]
INFO: [ app_end ] --START--
INFO: Run Behavior\ShowPageTraceBehavior [ RunTime:0.001000s ]
INFO: [ app_end ] --END-- [ RunTime:0.001000s ]

[ 2016-04-05T11:53:08+08:00 ] 127.0.0.1 /tp/Login/verify.html
NOTIC: [2] include(E:\WWW\tp\ThinkPHP/Lang/zh_cn.php) [<a href='function.include'>function.include</a>]: failed to open stream: No such file or directory E:\WWW\tp\ThinkPHP\Library\Think\Think.class.php 第 86 行.
NOTIC: [2] include() [<a href='function.include'>function.include</a>]: Failed opening 'E:\WWW\tp\ThinkPHP/Lang/zh_cn.php' for inclusion (include_path='.;C:\php\pear') E:\WWW\tp\ThinkPHP\Library\Think\Think.class.php 第 86 行.
INFO: [ app_init ] --START--
INFO: Run Behavior\BuildLiteBehavior [ RunTime:0.000000s ]
INFO: [ app_init ] --END-- [ RunTime:0.000000s ]
INFO: [ app_begin ] --START--
INFO: Run Behavior\ReadHtmlCacheBehavior [ RunTime:0.000000s ]
INFO: Run Behavior\CheckLangBehavior [ RunTime:0.001000s ]
INFO: [ app_begin ] --END-- [ RunTime:0.001000s ]

[ 2016-04-05T11:53:09+08:00 ] 127.0.0.1 /tp/Login/verify.html
NOTIC: [2] include(E:\WWW\tp\ThinkPHP/Lang/zh_cn.php) [<a href='function.include'>function.include</a>]: failed to open stream: No such file or directory E:\WWW\tp\ThinkPHP\Library\Think\Think.class.php 第 86 行.
NOTIC: [2] include() [<a href='function.include'>function.include</a>]: Failed opening 'E:\WWW\tp\ThinkPHP/Lang/zh_cn.php' for inclusion (include_path='.;C:\php\pear') E:\WWW\tp\ThinkPHP\Library\Think\Think.class.php 第 86 行.
INFO: [ app_init ] --START--
INFO: Run Behavior\BuildLiteBehavior [ RunTime:0.000000s ]
INFO: [ app_init ] --END-- [ RunTime:0.001001s ]
INFO: [ app_begin ] --START--
INFO: Run Behavior\ReadHtmlCacheBehavior [ RunTime:0.000000s ]
INFO: Run Behavior\CheckLangBehavior [ RunTime:0.001000s ]
INFO: [ app_begin ] --END-- [ RunTime:0.001000s ]

[ 2016-04-05T11:58:05+08:00 ] 127.0.0.1 /tp/index.php/Login
NOTIC: [2] include(E:\WWW\tp\ThinkPHP/Lang/zh_cn.php) [<a href='function.include'>function.include</a>]: failed to open stream: No such file or directory E:\WWW\tp\ThinkPHP\Library\Think\Think.class.php 第 86 行.
NOTIC: [2] include() [<a href='function.include'>function.include</a>]: Failed opening 'E:\WWW\tp\ThinkPHP/Lang/zh_cn.php' for inclusion (include_path='.;C:\php\pear') E:\WWW\tp\ThinkPHP\Library\Think\Think.class.php 第 86 行.
INFO: [ app_init ] --START--
INFO: Run Behavior\BuildLiteBehavior [ RunTime:0.000000s ]
INFO: [ app_init ] --END-- [ RunTime:0.000000s ]
INFO: [ app_begin ] --START--
INFO: Run Behavior\ReadHtmlCacheBehavior [ RunTime:0.000000s ]
INFO: Run Behavior\CheckLangBehavior [ RunTime:0.001000s ]
INFO: [ app_begin ] --END-- [ RunTime:0.002000s ]

[ 2016-04-05T11:58:07+08:00 ] 127.0.0.1 /tp/index.php/Login
NOTIC: [2] include(E:\WWW\tp\ThinkPHP/Lang/zh_cn.php) [<a href='function.include'>function.include</a>]: failed to open stream: No such file or directory E:\WWW\tp\ThinkPHP\Library\Think\Think.class.php 第 86 行.
NOTIC: [2] include() [<a href='function.include'>function.include</a>]: Failed opening 'E:\WWW\tp\ThinkPHP/Lang/zh_cn.php' for inclusion (include_path='.;C:\php\pear') E:\WWW\tp\ThinkPHP\Library\Think\Think.class.php 第 86 行.
INFO: [ app_init ] --START--
INFO: Run Behavior\BuildLiteBehavior [ RunTime:0.000000s ]
INFO: [ app_init ] --END-- [ RunTime:0.000000s ]
INFO: [ app_begin ] --START--
INFO: Run Behavior\ReadHtmlCacheBehavior [ RunTime:0.000000s ]
INFO: Run Behavior\CheckLangBehavior [ RunTime:0.001000s ]
INFO: [ app_begin ] --END-- [ RunTime:0.002000s ]

[ 2016-04-05T11:58:18+08:00 ] 127.0.0.1 /tp/index.php/Login
NOTIC: [2] include(E:\WWW\tp\ThinkPHP/Lang/zh_cn.php) [<a href='function.include'>function.include</a>]: failed to open stream: No such file or directory E:\WWW\tp\ThinkPHP\Library\Think\Think.class.php 第 86 行.
NOTIC: [2] include() [<a href='function.include'>function.include</a>]: Failed opening 'E:\WWW\tp\ThinkPHP/Lang/zh_cn.php' for inclusion (include_path='.;C:\php\pear') E:\WWW\tp\ThinkPHP\Library\Think\Think.class.php 第 86 行.
INFO: [ app_init ] --START--
INFO: Run Behavior\BuildLiteBehavior [ RunTime:0.000000s ]
INFO: [ app_init ] --END-- [ RunTime:0.000000s ]
INFO: [ app_begin ] --START--
INFO: Run Behavior\ReadHtmlCacheBehavior [ RunTime:0.001000s ]
INFO: Run Behavior\CheckLangBehavior [ RunTime:0.000000s ]
INFO: [ app_begin ] --END-- [ RunTime:0.001000s ]
INFO: [ view_parse ] --START--
INFO: [ template_filter ] --START--
INFO: Run Behavior\ContentReplaceBehavior [ RunTime:0.000000s ]
INFO: [ template_filter ] --END-- [ RunTime:0.000000s ]
INFO: Run Behavior\ParseTemplateBehavior [ RunTime:0.008000s ]
INFO: [ view_parse ] --END-- [ RunTime:0.008000s ]
INFO: [ view_filter ] --START--
INFO: Run Behavior\WriteHtmlCacheBehavior [ RunTime:0.001000s ]
INFO: [ view_filter ] --END-- [ RunTime:0.001000s ]
INFO: [ app_end ] --START--
INFO: Run Behavior\ShowPageTraceBehavior [ RunTime:0.001001s ]
INFO: [ app_end ] --END-- [ RunTime:0.001001s ]

[ 2016-04-05T11:58:18+08:00 ] 127.0.0.1 /tp/Login/verify.html
NOTIC: [2] include(E:\WWW\tp\ThinkPHP/Lang/zh_cn.php) [<a href='function.include'>function.include</a>]: failed to open stream: No such file or directory E:\WWW\tp\ThinkPHP\Library\Think\Think.class.php 第 86 行.
NOTIC: [2] include() [<a href='function.include'>function.include</a>]: Failed opening 'E:\WWW\tp\ThinkPHP/Lang/zh_cn.php' for inclusion (include_path='.;C:\php\pear') E:\WWW\tp\ThinkPHP\Library\Think\Think.class.php 第 86 行.
INFO: [ app_init ] --START--
INFO: Run Behavior\BuildLiteBehavior [ RunTime:0.000000s ]
INFO: [ app_init ] --END-- [ RunTime:0.000000s ]
INFO: [ app_begin ] --START--
INFO: Run Behavior\ReadHtmlCacheBehavior [ RunTime:0.001000s ]
INFO: Run Behavior\CheckLangBehavior [ RunTime:0.001000s ]
INFO: [ app_begin ] --END-- [ RunTime:0.002000s ]
INFO: [ app_end ] --START--
INFO: Run Behavior\ShowPageTraceBehavior [ RunTime:0.001000s ]
INFO: [ app_end ] --END-- [ RunTime:0.001000s ]

[ 2016-04-05T11:58:21+08:00 ] 127.0.0.1 /tp/Login/verify.html
NOTIC: [2] include(E:\WWW\tp\ThinkPHP/Lang/zh_cn.php) [<a href='function.include'>function.include</a>]: failed to open stream: No such file or directory E:\WWW\tp\ThinkPHP\Library\Think\Think.class.php 第 86 行.
NOTIC: [2] include() [<a href='function.include'>function.include</a>]: Failed opening 'E:\WWW\tp\ThinkPHP/Lang/zh_cn.php' for inclusion (include_path='.;C:\php\pear') E:\WWW\tp\ThinkPHP\Library\Think\Think.class.php 第 86 行.
INFO: [ app_init ] --START--
INFO: Run Behavior\BuildLiteBehavior [ RunTime:0.000000s ]
INFO: [ app_init ] --END-- [ RunTime:0.000000s ]
INFO: [ app_begin ] --START--
INFO: Run Behavior\ReadHtmlCacheBehavior [ RunTime:0.001000s ]
INFO: Run Behavior\CheckLangBehavior [ RunTime:0.000000s ]
INFO: [ app_begin ] --END-- [ RunTime:0.001000s ]
INFO: [ app_end ] --START--
INFO: Run Behavior\ShowPageTraceBehavior [ RunTime:0.001000s ]
INFO: [ app_end ] --END-- [ RunTime:0.001000s ]

[ 2016-04-05T11:58:24+08:00 ] 127.0.0.1 /tp/Login/verify.html
NOTIC: [2] include(E:\WWW\tp\ThinkPHP/Lang/zh_cn.php) [<a href='function.include'>function.include</a>]: failed to open stream: No such file or directory E:\WWW\tp\ThinkPHP\Library\Think\Think.class.php 第 86 行.
NOTIC: [2] include() [<a href='function.include'>function.include</a>]: Failed opening 'E:\WWW\tp\ThinkPHP/Lang/zh_cn.php' for inclusion (include_path='.;C:\php\pear') E:\WWW\tp\ThinkPHP\Library\Think\Think.class.php 第 86 行.
INFO: [ app_init ] --START--
INFO: Run Behavior\BuildLiteBehavior [ RunTime:0.000000s ]
INFO: [ app_init ] --END-- [ RunTime:0.000000s ]
INFO: [ app_begin ] --START--
INFO: Run Behavior\ReadHtmlCacheBehavior [ RunTime:0.000000s ]
INFO: Run Behavior\CheckLangBehavior [ RunTime:0.000000s ]
INFO: [ app_begin ] --END-- [ RunTime:0.001000s ]
INFO: [ app_end ] --START--
INFO: Run Behavior\ShowPageTraceBehavior [ RunTime:0.001000s ]
INFO: [ app_end ] --END-- [ RunTime:0.001000s ]

[ 2016-04-05T13:41:23+08:00 ] 127.0.0.1 /tp/Login/verify.html
NOTIC: [2] include(E:\WWW\tp\ThinkPHP/Lang/zh_cn.php) [<a href='function.include'>function.include</a>]: failed to open stream: No such file or directory E:\WWW\tp\ThinkPHP\Library\Think\Think.class.php 第 86 行.
NOTIC: [2] include() [<a href='function.include'>function.include</a>]: Failed opening 'E:\WWW\tp\ThinkPHP/Lang/zh_cn.php' for inclusion (include_path='.;C:\php\pear') E:\WWW\tp\ThinkPHP\Library\Think\Think.class.php 第 86 行.
INFO: [ app_init ] --START--
INFO: Run Behavior\BuildLiteBehavior [ RunTime:0.000000s ]
INFO: [ app_init ] --END-- [ RunTime:0.000000s ]
INFO: [ app_begin ] --START--
INFO: Run Behavior\ReadHtmlCacheBehavior [ RunTime:0.001000s ]
INFO: Run Behavior\CheckLangBehavior [ RunTime:0.001001s ]
INFO: [ app_begin ] --END-- [ RunTime:0.002001s ]
INFO: [ app_end ] --START--
INFO: Run Behavior\ShowPageTraceBehavior [ RunTime:0.000000s ]
INFO: [ app_end ] --END-- [ RunTime:0.000000s ]

[ 2016-04-05T13:44:30+08:00 ] 127.0.0.1 /tp/index.php/
NOTIC: [2] include(E:\WWW\tp\ThinkPHP/Lang/zh_cn.php) [<a href='function.include'>function.include</a>]: failed to open stream: No such file or directory E:\WWW\tp\ThinkPHP\Library\Think\Think.class.php 第 86 行.
NOTIC: [2] include() [<a href='function.include'>function.include</a>]: Failed opening 'E:\WWW\tp\ThinkPHP/Lang/zh_cn.php' for inclusion (include_path='.;C:\php\pear') E:\WWW\tp\ThinkPHP\Library\Think\Think.class.php 第 86 行.
INFO: [ app_init ] --START--
INFO: Run Behavior\BuildLiteBehavior [ RunTime:0.000000s ]
INFO: [ app_init ] --END-- [ RunTime:0.000000s ]
INFO: [ app_begin ] --START--
INFO: Run Behavior\ReadHtmlCacheBehavior [ RunTime:0.001000s ]
INFO: Run Behavior\CheckLangBehavior [ RunTime:0.000000s ]
INFO: [ app_begin ] --END-- [ RunTime:0.001000s ]
INFO: [ view_parse ] --START--
INFO: [ template_filter ] --START--
INFO: Run Behavior\ContentReplaceBehavior [ RunTime:0.000000s ]
INFO: [ template_filter ] --END-- [ RunTime:0.000000s ]
INFO: Run Behavior\ParseTemplateBehavior [ RunTime:0.011000s ]
INFO: [ view_parse ] --END-- [ RunTime:0.011000s ]
INFO: [ view_filter ] --START--
INFO: Run Behavior\WriteHtmlCacheBehavior [ RunTime:0.001000s ]
INFO: [ view_filter ] --END-- [ RunTime:0.001000s ]
INFO: [ app_end ] --START--
INFO: Run Behavior\ShowPageTraceBehavior [ RunTime:0.001001s ]
INFO: [ app_end ] --END-- [ RunTime:0.001001s ]

