[ 2016-04-06T14:17:08+08:00 ] 127.0.0.1 /tp/index.php/
NOTIC: [2] include(E:\WWW\tp\ThinkPHP/Lang/zh_cn.php) [<a href='function.include'>function.include</a>]: failed to open stream: No such file or directory E:\WWW\tp\ThinkPHP\Library\Think\Think.class.php 第 86 行.
NOTIC: [2] include() [<a href='function.include'>function.include</a>]: Failed opening 'E:\WWW\tp\ThinkPHP/Lang/zh_cn.php' for inclusion (include_path='.;C:\php\pear') E:\WWW\tp\ThinkPHP\Library\Think\Think.class.php 第 86 行.
INFO: [ app_init ] --START--
INFO: Run Behavior\BuildLiteBehavior [ RunTime:0.000000s ]
INFO: [ app_init ] --END-- [ RunTime:0.000000s ]
INFO: [ app_begin ] --START--
INFO: Run Behavior\ReadHtmlCacheBehavior [ RunTime:0.001000s ]
INFO: Run Behavior\CheckLangBehavior [ RunTime:0.001000s ]
INFO: [ app_begin ] --END-- [ RunTime:0.004000s ]
INFO: [ view_parse ] --START--
INFO: [ template_filter ] --START--
INFO: Run Behavior\ContentReplaceBehavior [ RunTime:0.000000s ]
INFO: [ template_filter ] --END-- [ RunTime:0.000000s ]
INFO: Run Behavior\ParseTemplateBehavior [ RunTime:0.069003s ]
INFO: [ view_parse ] --END-- [ RunTime:0.069003s ]
INFO: [ view_filter ] --START--
INFO: Run Behavior\WriteHtmlCacheBehavior [ RunTime:0.002001s ]
INFO: [ view_filter ] --END-- [ RunTime:0.002001s ]
INFO: [ app_end ] --START--
INFO: Run Behavior\ShowPageTraceBehavior [ RunTime:0.002000s ]
INFO: [ app_end ] --END-- [ RunTime:0.002000s ]

[ 2016-04-06T14:17:18+08:00 ] 127.0.0.1 /tp/index.php/Login
NOTIC: [2] include(E:\WWW\tp\ThinkPHP/Lang/zh_cn.php) [<a href='function.include'>function.include</a>]: failed to open stream: No such file or directory E:\WWW\tp\ThinkPHP\Library\Think\Think.class.php 第 86 行.
NOTIC: [2] include() [<a href='function.include'>function.include</a>]: Failed opening 'E:\WWW\tp\ThinkPHP/Lang/zh_cn.php' for inclusion (include_path='.;C:\php\pear') E:\WWW\tp\ThinkPHP\Library\Think\Think.class.php 第 86 行.
INFO: [ app_init ] --START--
INFO: Run Behavior\BuildLiteBehavior [ RunTime:0.000000s ]
INFO: [ app_init ] --END-- [ RunTime:0.000000s ]
INFO: [ app_begin ] --START--
INFO: Run Behavior\ReadHtmlCacheBehavior [ RunTime:0.001000s ]
INFO: Run Behavior\CheckLangBehavior [ RunTime:0.000000s ]
INFO: [ app_begin ] --END-- [ RunTime:0.001000s ]

[ 2016-04-06T14:18:05+08:00 ] 127.0.0.1 /tp/index.php/Login
NOTIC: [2] include(E:\WWW\tp\ThinkPHP/Lang/zh_cn.php) [<a href='function.include'>function.include</a>]: failed to open stream: No such file or directory E:\WWW\tp\ThinkPHP\Library\Think\Think.class.php 第 86 行.
NOTIC: [2] include() [<a href='function.include'>function.include</a>]: Failed opening 'E:\WWW\tp\ThinkPHP/Lang/zh_cn.php' for inclusion (include_path='.;C:\php\pear') E:\WWW\tp\ThinkPHP\Library\Think\Think.class.php 第 86 行.
INFO: [ app_init ] --START--
INFO: Run Behavior\BuildLiteBehavior [ RunTime:0.000000s ]
INFO: [ app_init ] --END-- [ RunTime:0.000000s ]
INFO: [ app_begin ] --START--
INFO: Run Behavior\ReadHtmlCacheBehavior [ RunTime:0.001000s ]
INFO: Run Behavior\CheckLangBehavior [ RunTime:0.000000s ]
INFO: [ app_begin ] --END-- [ RunTime:0.001000s ]

[ 2016-04-06T14:18:06+08:00 ] 127.0.0.1 /tp/index.php/Login
NOTIC: [2] include(E:\WWW\tp\ThinkPHP/Lang/zh_cn.php) [<a href='function.include'>function.include</a>]: failed to open stream: No such file or directory E:\WWW\tp\ThinkPHP\Library\Think\Think.class.php 第 86 行.
NOTIC: [2] include() [<a href='function.include'>function.include</a>]: Failed opening 'E:\WWW\tp\ThinkPHP/Lang/zh_cn.php' for inclusion (include_path='.;C:\php\pear') E:\WWW\tp\ThinkPHP\Library\Think\Think.class.php 第 86 行.
INFO: [ app_init ] --START--
INFO: Run Behavior\BuildLiteBehavior [ RunTime:0.000000s ]
INFO: [ app_init ] --END-- [ RunTime:0.001000s ]
INFO: [ app_begin ] --START--
INFO: Run Behavior\ReadHtmlCacheBehavior [ RunTime:0.001000s ]
INFO: Run Behavior\CheckLangBehavior [ RunTime:0.000000s ]
INFO: [ app_begin ] --END-- [ RunTime:0.001000s ]

[ 2016-04-06T14:20:49+08:00 ] 127.0.0.1 /tp/index.php/Login
NOTIC: [2] include(E:\WWW\tp\ThinkPHP/Lang/zh_cn.php) [<a href='function.include'>function.include</a>]: failed to open stream: No such file or directory E:\WWW\tp\ThinkPHP\Library\Think\Think.class.php 第 86 行.
NOTIC: [2] include() [<a href='function.include'>function.include</a>]: Failed opening 'E:\WWW\tp\ThinkPHP/Lang/zh_cn.php' for inclusion (include_path='.;C:\php\pear') E:\WWW\tp\ThinkPHP\Library\Think\Think.class.php 第 86 行.
INFO: [ app_init ] --START--
INFO: Run Behavior\BuildLiteBehavior [ RunTime:0.000000s ]
INFO: [ app_init ] --END-- [ RunTime:0.000000s ]
INFO: [ app_begin ] --START--
INFO: Run Behavior\ReadHtmlCacheBehavior [ RunTime:0.001000s ]
INFO: Run Behavior\CheckLangBehavior [ RunTime:0.000000s ]
INFO: [ app_begin ] --END-- [ RunTime:0.002000s ]

[ 2016-04-06T14:20:49+08:00 ] 127.0.0.1 /tp/index.php/Login
NOTIC: [2] include(E:\WWW\tp\ThinkPHP/Lang/zh_cn.php) [<a href='function.include'>function.include</a>]: failed to open stream: No such file or directory E:\WWW\tp\ThinkPHP\Library\Think\Think.class.php 第 86 行.
NOTIC: [2] include() [<a href='function.include'>function.include</a>]: Failed opening 'E:\WWW\tp\ThinkPHP/Lang/zh_cn.php' for inclusion (include_path='.;C:\php\pear') E:\WWW\tp\ThinkPHP\Library\Think\Think.class.php 第 86 行.
INFO: [ app_init ] --START--
INFO: Run Behavior\BuildLiteBehavior [ RunTime:0.000000s ]
INFO: [ app_init ] --END-- [ RunTime:0.000000s ]
INFO: [ app_begin ] --START--
INFO: Run Behavior\ReadHtmlCacheBehavior [ RunTime:0.001000s ]
INFO: Run Behavior\CheckLangBehavior [ RunTime:0.001000s ]
INFO: [ app_begin ] --END-- [ RunTime:0.002000s ]

