[ 2016-06-15T00:24:52+08:00 ] 127.0.0.1 /food/App/searchOrder
NOTIC: [2] include(D:\WWW\food\ThinkPHP/Lang/zh_cn.php): failed to open stream: No such file or directory D:\WWW\food\ThinkPHP\Library\Think\Think.class.php 第 86 行.
NOTIC: [2] include(D:\WWW\food\ThinkPHP/Lang/zh_cn.php): failed to open stream: No such file or directory D:\WWW\food\ThinkPHP\Library\Think\Think.class.php 第 86 行.
NOTIC: [2] include(): Failed opening 'D:\WWW\food\ThinkPHP/Lang/zh_cn.php' for inclusion (include_path='.;C:\php\pear') D:\WWW\food\ThinkPHP\Library\Think\Think.class.php 第 86 行.
INFO: [ app_init ] --START--
INFO: Run Behavior\BuildLiteBehavior [ RunTime:0.000159s ]
INFO: [ app_init ] --END-- [ RunTime:0.000461s ]
INFO: [ app_begin ] --START--
INFO: Run Behavior\ReadHtmlCacheBehavior [ RunTime:0.016171s ]
INFO: Run Behavior\CheckLangBehavior [ RunTime:0.003111s ]
INFO: [ app_begin ] --END-- [ RunTime:0.019912s ]
NOTIC: [2048] Declaration of Home\Controller\AppController::show() should be compatible with Think\Controller::show($content, $charset = '', $contentType = '', $prefix = '') D:\WWW\food\Application\Home\Controller\AppController.class.php 第 4 行.
SQL: SHOW COLUMNS FROM `food_order` [ RunTime:0.6621s ]
SQL: SELECT `ostatus` FROM `food_order` WHERE ( oid=24 ) LIMIT 1   [ RunTime:0.0037s ]

app_end ] --START--
INFO: Run Behavior\ShowPageTraceBehavior [ RunTime:0.011692s ]
INFO: [ app_end ] --END-- [ RunTime:0.011796s ]

[ 2016-06-15T00:24:53+08:00 ] 127.0.0.1 /food/index.php/Login/login.html
NOTIC: [2] include(D:\WWW\food\ThinkPHP/Lang/zh_cn.php): failed to open stream: No such file or directory D:\WWW\food\ThinkPHP\Library\Think\Think.class.php 第 86 行.
NOTIC: [2] include(D:\WWW\food\ThinkPHP/Lang/zh_cn.php): failed to open stream: No such file or directory D:\WWW\food\ThinkPHP\Library\Think\Think.class.php 第 86 行.
NOTIC: [2] include(): Failed opening 'D:\WWW\food\ThinkPHP/Lang/zh_cn.php' for inclusion (include_path='.;C:\php\pear') D:\WWW\food\ThinkPHP\Library\Think\Think.class.php 第 86 行.
INFO: [ app_init ] --START--
INFO: Run Behavior\BuildLiteBehavior [ RunTime:0.000028s ]
INFO: [ app_init ] --END-- [ RunTime:0.000147s ]
INFO: [ app_begin ] --START--
INFO: Run Behavior\ReadHtmlCacheBehavior [ RunTime:0.000734s ]
INFO: Run Behavior\CheckLangBehavior [ RunTime:0.000777s ]
INFO: [ app_begin ] --END-- [ RunTime:0.001623s ]
INFO: [ view_parse ] --START--
INFO: [ template_filter ] --START--
INFO: Run Behavior\ContentReplaceBehavior [ RunTime:0.000543s ]
INFO: [ template_filter ] --END-- [ RunTime:0.000660s ]
INFO: Run Behavior\ParseTemplateBehavior [ RunTime:0.132366s ]
INFO: [ view_parse ] --END-- [ RunTime:0.132549s ]
INFO: [ view_filter ] --START--
INFO: Run Behavior\WriteHtmlCacheBehavior [ RunTime:0.013402s ]
INFO: [ view_filter ] --END-- [ RunTime:0.013483s ]
INFO: [ app_end ] --START--
INFO: Run Behavior\ShowPageTraceBehavior [ RunTime:0.000962s ]
INFO: [ app_end ] --END-- [ RunTime:0.001021s ]

[ 2016-06-15T00:24:53+08:00 ] 127.0.0.1 /food/index.php/Home/Login/verify
NOTIC: [2] include(D:\WWW\food\ThinkPHP/Lang/zh_cn.php): failed to open stream: No such file or directory D:\WWW\food\ThinkPHP\Library\Think\Think.class.php 第 86 行.
NOTIC: [2] include(D:\WWW\food\ThinkPHP/Lang/zh_cn.php): failed to open stream: No such file or directory D:\WWW\food\ThinkPHP\Library\Think\Think.class.php 第 86 行.
NOTIC: [2] include(): Failed opening 'D:\WWW\food\ThinkPHP/Lang/zh_cn.php' for inclusion (include_path='.;C:\php\pear') D:\WWW\food\ThinkPHP\Library\Think\Think.class.php 第 86 行.
INFO: [ app_init ] --START--
INFO: Run Behavior\BuildLiteBehavior [ RunTime:0.000019s ]
INFO: [ app_init ] --END-- [ RunTime:0.000088s ]
INFO: [ app_begin ] --START--
INFO: Run Behavior\ReadHtmlCacheBehavior [ RunTime:0.000875s ]
INFO: Run Behavior\CheckLangBehavior [ RunTime:0.001006s ]
INFO: [ app_begin ] --END-- [ RunTime:0.002050s ]
INFO: [ app_end ] --START--
INFO: Run Behavior\ShowPageTraceBehavior [ RunTime:0.000892s ]
INFO: [ app_end ] --END-- [ RunTime:0.000988s ]

[ 2016-06-15T00:24:55+08:00 ] 127.0.0.1 /food/index.php/Home/Login/register
NOTIC: [2] include(D:\WWW\food\ThinkPHP/Lang/zh_cn.php): failed to open stream: No such file or directory D:\WWW\food\ThinkPHP\Library\Think\Think.class.php 第 86 行.
NOTIC: [2] include(D:\WWW\food\ThinkPHP/Lang/zh_cn.php): failed to open stream: No such file or directory D:\WWW\food\ThinkPHP\Library\Think\Think.class.php 第 86 行.
NOTIC: [2] include(): Failed opening 'D:\WWW\food\ThinkPHP/Lang/zh_cn.php' for inclusion (include_path='.;C:\php\pear') D:\WWW\food\ThinkPHP\Library\Think\Think.class.php 第 86 行.
INFO: [ app_init ] --START--
INFO: Run Behavior\BuildLiteBehavior [ RunTime:0.000019s ]
INFO: [ app_init ] --END-- [ RunTime:0.000089s ]
INFO: [ app_begin ] --START--
INFO: Run Behavior\ReadHtmlCacheBehavior [ RunTime:0.000728s ]
INFO: Run Behavior\CheckLangBehavior [ RunTime:0.001060s ]
INFO: [ app_begin ] --END-- [ RunTime:0.001932s ]
INFO: [ view_parse ] --START--
INFO: [ template_filter ] --START--
INFO: Run Behavior\ContentReplaceBehavior [ RunTime:0.000158s ]
INFO: [ template_filter ] --END-- [ RunTime:0.000273s ]
INFO: Run Behavior\ParseTemplateBehavior [ RunTime:0.082710s ]
INFO: [ view_parse ] --END-- [ RunTime:0.082820s ]
INFO: [ view_filter ] --START--
INFO: Run Behavior\WriteHtmlCacheBehavior [ RunTime:0.000371s ]
INFO: [ view_filter ] --END-- [ RunTime:0.000427s ]
INFO: [ app_end ] --START--
INFO: Run Behavior\ShowPageTraceBehavior [ RunTime:0.000748s ]
INFO: [ app_end ] --END-- [ RunTime:0.000803s ]

